<?xml version="1.0" encoding="UTF-8"?>
<robot generator="Robot 3.2.2 (Python 3.9.2 on win32)" generated="20210321 12:25:34.143" rpa="false">
<suite id="s1" name="Saucerun" source="C:\Users\kavib\Pythonpro\Demo\runners\saucerun.robot">
<test id="s1-t1" name="SauceDemo">
<kw name="Test">
<arguments>
<arg>https://www.saucedemo.com/</arg>
<arg>chrome</arg>
<arg>standard_user</arg>
<arg>secret_sauce</arg>
</arguments>
<kw name="LaunchBrowser" library="loginsl">
<arguments>
<arg>${link}</arg>
<arg>${browser}</arg>
</arguments>
<kw name="Open Browser" library="SeleniumLibrary">
<doc>Opens a new browser instance to the given ``url``.</doc>
<arguments>
<arg>${link}</arg>
<arg>${browser}</arg>
</arguments>
<msg timestamp="20210321 12:25:38.454" level="INFO">Opening browser 'chrome' to base url 'https://www.saucedemo.com/'.</msg>
<status status="PASS" starttime="20210321 12:25:38.454" endtime="20210321 12:25:41.815"></status>
</kw>
<kw name="Maximize Browser Window" library="SeleniumLibrary">
<doc>Maximizes current browser window.</doc>
<status status="PASS" starttime="20210321 12:25:41.815" endtime="20210321 12:25:41.957"></status>
</kw>
<status status="PASS" starttime="20210321 12:25:38.453" endtime="20210321 12:25:41.958"></status>
</kw>
<kw name="username" library="loginsl">
<arguments>
<arg>${username}</arg>
</arguments>
<kw name="Input Text" library="SeleniumLibrary">
<doc>Types the given ``text`` into text field identified by ``locator``.</doc>
<arguments>
<arg>id:user-name</arg>
<arg>${username}</arg>
</arguments>
<msg timestamp="20210321 12:25:41.959" level="INFO">Typing text 'standard_user' into text field 'id:user-name'.</msg>
<status status="PASS" starttime="20210321 12:25:41.959" endtime="20210321 12:25:42.199"></status>
</kw>
<status status="PASS" starttime="20210321 12:25:41.958" endtime="20210321 12:25:42.199"></status>
</kw>
<kw name="password" library="loginsl">
<arguments>
<arg>${password}</arg>
</arguments>
<kw name="Input Password" library="SeleniumLibrary">
<doc>Types the given password into text field identified by ``locator``.</doc>
<arguments>
<arg>id:password</arg>
<arg>${password}</arg>
</arguments>
<msg timestamp="20210321 12:25:42.200" level="INFO">Typing password into text field 'id:password'.</msg>
<status status="PASS" starttime="20210321 12:25:42.200" endtime="20210321 12:25:42.391"></status>
</kw>
<status status="PASS" starttime="20210321 12:25:42.199" endtime="20210321 12:25:42.392"></status>
</kw>
<kw name="Login button" library="loginsl">
<kw name="Click Button" library="SeleniumLibrary">
<doc>Clicks button identified by ``locator``.</doc>
<arguments>
<arg>id:login-button</arg>
</arguments>
<msg timestamp="20210321 12:25:42.393" level="INFO">Clicking button 'id:login-button'.</msg>
<status status="PASS" starttime="20210321 12:25:42.393" endtime="20210321 12:25:42.619"></status>
</kw>
<kw name="Title Should Be" library="SeleniumLibrary">
<doc>Verifies that current page title equals ``title``.</doc>
<arguments>
<arg>Swag Labs</arg>
</arguments>
<msg timestamp="20210321 12:25:42.633" level="INFO">Page title is 'Swag Labs'.</msg>
<status status="PASS" starttime="20210321 12:25:42.619" endtime="20210321 12:25:42.634"></status>
</kw>
<kw name="Log To Console" library="BuiltIn">
<doc>Logs the given message to the console.</doc>
<arguments>
<arg>get title</arg>
</arguments>
<status status="PASS" starttime="20210321 12:25:42.634" endtime="20210321 12:25:42.635"></status>
</kw>
<kw name="Capture Page Screenshot" library="SeleniumLibrary">
<doc>Takes screenshot of the current page and embeds it into log file.</doc>
<msg timestamp="20210321 12:25:43.317" level="INFO" html="yes">&lt;/td&gt;&lt;/tr&gt;&lt;tr&gt;&lt;td colspan="3"&gt;&lt;a href="selenium-screenshot-7.png"&gt;&lt;img src="selenium-screenshot-7.png" width="800px"&gt;&lt;/a&gt;</msg>
<status status="PASS" starttime="20210321 12:25:42.635" endtime="20210321 12:25:43.317"></status>
</kw>
<kw name="Sleep" library="BuiltIn">
<doc>Pauses the test executed for the given time.</doc>
<arguments>
<arg>5s</arg>
</arguments>
<msg timestamp="20210321 12:25:48.318" level="INFO">Slept 5 seconds</msg>
<status status="PASS" starttime="20210321 12:25:43.317" endtime="20210321 12:25:48.318"></status>
</kw>
<status status="PASS" starttime="20210321 12:25:42.392" endtime="20210321 12:25:48.319"></status>
</kw>
<kw name="Get Element Count" library="SeleniumLibrary">
<doc>Returns number of elements matching ``locator``.</doc>
<arguments>
<arg>id:inventory_container</arg>
</arguments>
<assign>
<var>${name_in_page}</var>
</assign>
<msg timestamp="20210321 12:25:48.339" level="INFO">${name_in_page} = 2</msg>
<status status="PASS" starttime="20210321 12:25:48.319" endtime="20210321 12:25:48.339"></status>
</kw>
<kw name="Run Keyword If" library="BuiltIn">
<doc>Runs the given keyword with the given arguments, if ``condition`` is true.</doc>
<arguments>
<arg>${name_in_page} &gt; 0</arg>
<arg>Keyword1</arg>
<arg>ELSE</arg>
<arg>Keyword2</arg>
</arguments>
<kw name="keyword1">
<kw name="DropDown" library="loginsl">
<kw name="Select From List By Index" library="SeleniumLibrary">
<doc>Selects options from selection list ``locator`` by ``indexes``.</doc>
<arguments>
<arg>xpath://*[@id="inventory_filter_container"]/select</arg>
<arg>3</arg>
</arguments>
<msg timestamp="20210321 12:25:48.341" level="INFO">Selecting options from selection list 'xpath://*[@id="inventory_filter_container"]/select' by index 3.</msg>
<status status="PASS" starttime="20210321 12:25:48.341" endtime="20210321 12:25:48.524"></status>
</kw>
<kw name="Sleep" library="BuiltIn">
<doc>Pauses the test executed for the given time.</doc>
<arguments>
<arg>2s</arg>
</arguments>
<msg timestamp="20210321 12:25:50.527" level="INFO">Slept 2 seconds</msg>
<status status="PASS" starttime="20210321 12:25:48.524" endtime="20210321 12:25:50.527"></status>
</kw>
<status status="PASS" starttime="20210321 12:25:48.340" endtime="20210321 12:25:50.527"></status>
</kw>
<kw name="Logout" library="loginsl">
<kw name="Click Element" library="SeleniumLibrary">
<doc>Click element identified by ``locator``.</doc>
<arguments>
<arg>id:react-burger-menu-btn</arg>
</arguments>
<msg timestamp="20210321 12:25:50.529" level="INFO">Clicking element 'id:react-burger-menu-btn'.</msg>
<status status="PASS" starttime="20210321 12:25:50.528" endtime="20210321 12:25:50.622"></status>
</kw>
<kw name="Sleep" library="BuiltIn">
<doc>Pauses the test executed for the given time.</doc>
<arguments>
<arg>2s</arg>
</arguments>
<msg timestamp="20210321 12:25:52.626" level="INFO">Slept 2 seconds</msg>
<status status="PASS" starttime="20210321 12:25:50.623" endtime="20210321 12:25:52.626"></status>
</kw>
<kw name="Click Element" library="SeleniumLibrary">
<doc>Click element identified by ``locator``.</doc>
<arguments>
<arg>id:logout_sidebar_link</arg>
</arguments>
<msg timestamp="20210321 12:25:52.627" level="INFO">Clicking element 'id:logout_sidebar_link'.</msg>
<status status="PASS" starttime="20210321 12:25:52.627" endtime="20210321 12:25:52.754"></status>
</kw>
<kw name="Capture Page Screenshot" library="SeleniumLibrary">
<doc>Takes screenshot of the current page and embeds it into log file.</doc>
<msg timestamp="20210321 12:25:53.175" level="INFO" html="yes">&lt;/td&gt;&lt;/tr&gt;&lt;tr&gt;&lt;td colspan="3"&gt;&lt;a href="selenium-screenshot-8.png"&gt;&lt;img src="selenium-screenshot-8.png" width="800px"&gt;&lt;/a&gt;</msg>
<status status="PASS" starttime="20210321 12:25:52.755" endtime="20210321 12:25:53.175"></status>
</kw>
<status status="PASS" starttime="20210321 12:25:50.528" endtime="20210321 12:25:53.176"></status>
</kw>
<kw name="end" library="loginsl">
<kw name="Close Browser" library="SeleniumLibrary">
<doc>Closes the current browser.</doc>
<status status="PASS" starttime="20210321 12:25:53.177" endtime="20210321 12:25:56.705"></status>
</kw>
<status status="PASS" starttime="20210321 12:25:53.176" endtime="20210321 12:25:56.706"></status>
</kw>
<status status="PASS" starttime="20210321 12:25:48.340" endtime="20210321 12:25:56.706"></status>
</kw>
<status status="PASS" starttime="20210321 12:25:48.339" endtime="20210321 12:25:56.707"></status>
</kw>
<status status="PASS" starttime="20210321 12:25:38.452" endtime="20210321 12:25:56.707"></status>
</kw>
<status status="PASS" starttime="20210321 12:25:38.451" endtime="20210321 12:25:56.708" critical="yes"></status>
</test>
<test id="s1-t2" name="SauceDemo">
<kw name="Test">
<arguments>
<arg>https://www.saucedemo.com/</arg>
<arg>ff</arg>
<arg>kavi123</arg>
<arg>hsbdcgvbd</arg>
</arguments>
<kw name="LaunchBrowser" library="loginsl">
<arguments>
<arg>${link}</arg>
<arg>${browser}</arg>
</arguments>
<kw name="Open Browser" library="SeleniumLibrary">
<doc>Opens a new browser instance to the given ``url``.</doc>
<arguments>
<arg>${link}</arg>
<arg>${browser}</arg>
</arguments>
<msg timestamp="20210321 12:25:56.716" level="INFO">Opening browser 'ff' to base url 'https://www.saucedemo.com/'.</msg>
<status status="PASS" starttime="20210321 12:25:56.715" endtime="20210321 12:26:05.990"></status>
</kw>
<kw name="Maximize Browser Window" library="SeleniumLibrary">
<doc>Maximizes current browser window.</doc>
<status status="PASS" starttime="20210321 12:26:05.990" endtime="20210321 12:26:06.018"></status>
</kw>
<status status="PASS" starttime="20210321 12:25:56.713" endtime="20210321 12:26:06.019"></status>
</kw>
<kw name="username" library="loginsl">
<arguments>
<arg>${username}</arg>
</arguments>
<kw name="Input Text" library="SeleniumLibrary">
<doc>Types the given ``text`` into text field identified by ``locator``.</doc>
<arguments>
<arg>id:user-name</arg>
<arg>${username}</arg>
</arguments>
<msg timestamp="20210321 12:26:06.021" level="INFO">Typing text 'kavi123' into text field 'id:user-name'.</msg>
<status status="PASS" starttime="20210321 12:26:06.020" endtime="20210321 12:26:06.158"></status>
</kw>
<status status="PASS" starttime="20210321 12:26:06.019" endtime="20210321 12:26:06.158"></status>
</kw>
<kw name="password" library="loginsl">
<arguments>
<arg>${password}</arg>
</arguments>
<kw name="Input Password" library="SeleniumLibrary">
<doc>Types the given password into text field identified by ``locator``.</doc>
<arguments>
<arg>id:password</arg>
<arg>${password}</arg>
</arguments>
<msg timestamp="20210321 12:26:06.161" level="INFO">Typing password into text field 'id:password'.</msg>
<status status="PASS" starttime="20210321 12:26:06.160" endtime="20210321 12:26:06.227"></status>
</kw>
<status status="PASS" starttime="20210321 12:26:06.159" endtime="20210321 12:26:06.228"></status>
</kw>
<kw name="Login button" library="loginsl">
<kw name="Click Button" library="SeleniumLibrary">
<doc>Clicks button identified by ``locator``.</doc>
<arguments>
<arg>id:login-button</arg>
</arguments>
<msg timestamp="20210321 12:26:06.230" level="INFO">Clicking button 'id:login-button'.</msg>
<status status="PASS" starttime="20210321 12:26:06.229" endtime="20210321 12:26:06.497"></status>
</kw>
<kw name="Title Should Be" library="SeleniumLibrary">
<doc>Verifies that current page title equals ``title``.</doc>
<arguments>
<arg>Swag Labs</arg>
</arguments>
<msg timestamp="20210321 12:26:06.501" level="INFO">Page title is 'Swag Labs'.</msg>
<status status="PASS" starttime="20210321 12:26:06.498" endtime="20210321 12:26:06.502"></status>
</kw>
<kw name="Log To Console" library="BuiltIn">
<doc>Logs the given message to the console.</doc>
<arguments>
<arg>get title</arg>
</arguments>
<status status="PASS" starttime="20210321 12:26:06.502" endtime="20210321 12:26:06.502"></status>
</kw>
<kw name="Capture Page Screenshot" library="SeleniumLibrary">
<doc>Takes screenshot of the current page and embeds it into log file.</doc>
<msg timestamp="20210321 12:26:06.640" level="INFO" html="yes">&lt;/td&gt;&lt;/tr&gt;&lt;tr&gt;&lt;td colspan="3"&gt;&lt;a href="selenium-screenshot-9.png"&gt;&lt;img src="selenium-screenshot-9.png" width="800px"&gt;&lt;/a&gt;</msg>
<status status="PASS" starttime="20210321 12:26:06.503" endtime="20210321 12:26:06.641"></status>
</kw>
<kw name="Sleep" library="BuiltIn">
<doc>Pauses the test executed for the given time.</doc>
<arguments>
<arg>5s</arg>
</arguments>
<msg timestamp="20210321 12:26:11.644" level="INFO">Slept 5 seconds</msg>
<status status="PASS" starttime="20210321 12:26:06.641" endtime="20210321 12:26:11.644"></status>
</kw>
<status status="PASS" starttime="20210321 12:26:06.228" endtime="20210321 12:26:11.645"></status>
</kw>
<kw name="Get Element Count" library="SeleniumLibrary">
<doc>Returns number of elements matching ``locator``.</doc>
<arguments>
<arg>id:inventory_container</arg>
</arguments>
<assign>
<var>${name_in_page}</var>
</assign>
<msg timestamp="20210321 12:26:11.659" level="INFO">${name_in_page} = 0</msg>
<status status="PASS" starttime="20210321 12:26:11.645" endtime="20210321 12:26:11.660"></status>
</kw>
<kw name="Run Keyword If" library="BuiltIn">
<doc>Runs the given keyword with the given arguments, if ``condition`` is true.</doc>
<arguments>
<arg>${name_in_page} &gt; 0</arg>
<arg>Keyword1</arg>
<arg>ELSE</arg>
<arg>Keyword2</arg>
</arguments>
<kw name="keyword2">
<kw name="Log To Console" library="BuiltIn">
<doc>Logs the given message to the console.</doc>
<arguments>
<arg>Invalid</arg>
</arguments>
<status status="PASS" starttime="20210321 12:26:11.663" endtime="20210321 12:26:11.663"></status>
</kw>
<kw name="end" library="loginsl">
<kw name="Close Browser" library="SeleniumLibrary">
<doc>Closes the current browser.</doc>
<status status="PASS" starttime="20210321 12:26:11.664" endtime="20210321 12:26:13.552"></status>
</kw>
<status status="PASS" starttime="20210321 12:26:11.663" endtime="20210321 12:26:13.553"></status>
</kw>
<status status="PASS" starttime="20210321 12:26:11.662" endtime="20210321 12:26:13.553"></status>
</kw>
<status status="PASS" starttime="20210321 12:26:11.660" endtime="20210321 12:26:13.553"></status>
</kw>
<status status="PASS" starttime="20210321 12:25:56.711" endtime="20210321 12:26:13.553"></status>
</kw>
<status status="PASS" starttime="20210321 12:25:56.710" endtime="20210321 12:26:13.554" critical="yes"></status>
</test>
<status status="PASS" starttime="20210321 12:25:34.146" endtime="20210321 12:26:13.555"></status>
</suite>
<statistics>
<total>
<stat pass="2" fail="0">Critical Tests</stat>
<stat pass="2" fail="0">All Tests</stat>
</total>
<tag>
</tag>
<suite>
<stat pass="2" fail="0" id="s1" name="Saucerun">Saucerun</stat>
</suite>
</statistics>
<errors>
<msg timestamp="20210321 12:25:56.709" level="WARN">Multiple test cases with name 'SauceDemo' executed in test suite 'Saucerun'.</msg>
</errors>
</robot>
