<?xml version="1.0" encoding="UTF-8"?>
<robot generator="Robot 3.2.2 (Python 3.9.2 on win32)" generated="20210318 00:49:50.311" rpa="false">
<suite id="s1" name="Saucerun" source="C:\Users\kavib\Pythonpro\Demo\runners\saucerun.robot">
<test id="s1-t1" name="SauceDemo">
<kw name="Test">
<arguments>
<arg>standard_user</arg>
<arg>secret_sauce</arg>
</arguments>
<kw name="LaunchBrowser" library="loginsl">
<kw name="Open Browser" library="SeleniumLibrary">
<doc>Opens a new browser instance to the given ``url``.</doc>
<arguments>
<arg>https://www.saucedemo.com/</arg>
<arg>chrome</arg>
</arguments>
<msg timestamp="20210318 00:50:03.909" level="INFO">Opening browser 'chrome' to base url 'https://www.saucedemo.com/'.</msg>
<status status="PASS" starttime="20210318 00:50:03.908" endtime="20210318 00:50:08.713"></status>
</kw>
<kw name="Maximize Browser Window" library="SeleniumLibrary">
<doc>Maximizes current browser window.</doc>
<status status="PASS" starttime="20210318 00:50:08.714" endtime="20210318 00:50:08.943"></status>
</kw>
<status status="PASS" starttime="20210318 00:50:03.903" endtime="20210318 00:50:08.944"></status>
</kw>
<kw name="username" library="loginsl">
<arguments>
<arg>${username}</arg>
</arguments>
<kw name="Input Text" library="SeleniumLibrary">
<doc>Types the given ``text`` into text field identified by ``locator``.</doc>
<arguments>
<arg>id:user-name</arg>
<arg>${username}</arg>
</arguments>
<msg timestamp="20210318 00:50:08.948" level="INFO">Typing text 'standard_user' into text field 'id:user-name'.</msg>
<status status="PASS" starttime="20210318 00:50:08.947" endtime="20210318 00:50:09.978"></status>
</kw>
<status status="PASS" starttime="20210318 00:50:08.945" endtime="20210318 00:50:09.980"></status>
</kw>
<kw name="password" library="loginsl">
<arguments>
<arg>${password}</arg>
</arguments>
<kw name="Input Password" library="SeleniumLibrary">
<doc>Types the given password into text field identified by ``locator``.</doc>
<arguments>
<arg>id:password</arg>
<arg>${password}</arg>
</arguments>
<msg timestamp="20210318 00:50:09.984" level="INFO">Typing password into text field 'id:password'.</msg>
<status status="PASS" starttime="20210318 00:50:09.983" endtime="20210318 00:50:10.641"></status>
</kw>
<status status="PASS" starttime="20210318 00:50:09.980" endtime="20210318 00:50:10.642"></status>
</kw>
<kw name="Login button" library="loginsl">
<kw name="Click Button" library="SeleniumLibrary">
<doc>Clicks button identified by ``locator``.</doc>
<arguments>
<arg>id:login-button</arg>
</arguments>
<msg timestamp="20210318 00:50:10.646" level="INFO">Clicking button 'id:login-button'.</msg>
<status status="PASS" starttime="20210318 00:50:10.645" endtime="20210318 00:50:11.449"></status>
</kw>
<kw name="Title Should Be" library="SeleniumLibrary">
<doc>Verifies that current page title equals ``title``.</doc>
<arguments>
<arg>Swag Labs</arg>
</arguments>
<msg timestamp="20210318 00:50:11.503" level="INFO">Page title is 'Swag Labs'.</msg>
<status status="PASS" starttime="20210318 00:50:11.450" endtime="20210318 00:50:11.504"></status>
</kw>
<kw name="Log To Console" library="BuiltIn">
<doc>Logs the given message to the console.</doc>
<arguments>
<arg>get title</arg>
</arguments>
<status status="PASS" starttime="20210318 00:50:11.504" endtime="20210318 00:50:11.506"></status>
</kw>
<kw name="Capture Page Screenshot" library="SeleniumLibrary">
<doc>Takes screenshot of the current page and embeds it into log file.</doc>
<msg timestamp="20210318 00:50:12.444" level="INFO" html="yes">&lt;/td&gt;&lt;/tr&gt;&lt;tr&gt;&lt;td colspan="3"&gt;&lt;a href="selenium-screenshot-15.png"&gt;&lt;img src="selenium-screenshot-15.png" width="800px"&gt;&lt;/a&gt;</msg>
<status status="PASS" starttime="20210318 00:50:11.506" endtime="20210318 00:50:12.445"></status>
</kw>
<kw name="Sleep" library="BuiltIn">
<doc>Pauses the test executed for the given time.</doc>
<arguments>
<arg>5s</arg>
</arguments>
<msg timestamp="20210318 00:50:17.449" level="INFO">Slept 5 seconds</msg>
<status status="PASS" starttime="20210318 00:50:12.446" endtime="20210318 00:50:17.450"></status>
</kw>
<status status="PASS" starttime="20210318 00:50:10.643" endtime="20210318 00:50:17.450"></status>
</kw>
<kw name="Get Element Count" library="SeleniumLibrary">
<doc>Returns number of elements matching ``locator``.</doc>
<arguments>
<arg>id:inventory_container</arg>
</arguments>
<assign>
<var>${name_in_page}</var>
</assign>
<msg timestamp="20210318 00:50:17.484" level="INFO">${name_in_page} = 2</msg>
<status status="PASS" starttime="20210318 00:50:17.451" endtime="20210318 00:50:17.484"></status>
</kw>
<kw name="Run Keyword If" library="BuiltIn">
<doc>Runs the given keyword with the given arguments, if ``condition`` is true.</doc>
<arguments>
<arg>${name_in_page} &gt; 0</arg>
<arg>Keyword1</arg>
<arg>ELSE</arg>
<arg>Keyword2</arg>
</arguments>
<kw name="keyword1">
<kw name="DropDown" library="loginsl">
<kw name="Select From List By Index" library="SeleniumLibrary">
<doc>Selects options from selection list ``locator`` by ``indexes``.</doc>
<arguments>
<arg>xpath://*[@id="inventory_filter_container"]/select</arg>
<arg>3</arg>
</arguments>
<msg timestamp="20210318 00:50:17.489" level="INFO">Selecting options from selection list 'xpath://*[@id="inventory_filter_container"]/select' by index 3.</msg>
<status status="PASS" starttime="20210318 00:50:17.488" endtime="20210318 00:50:17.800"></status>
</kw>
<kw name="Sleep" library="BuiltIn">
<doc>Pauses the test executed for the given time.</doc>
<arguments>
<arg>2s</arg>
</arguments>
<msg timestamp="20210318 00:50:19.802" level="INFO">Slept 2 seconds</msg>
<status status="PASS" starttime="20210318 00:50:17.800" endtime="20210318 00:50:19.802"></status>
</kw>
<status status="PASS" starttime="20210318 00:50:17.487" endtime="20210318 00:50:19.803"></status>
</kw>
<kw name="Logout" library="loginsl">
<kw name="Click Element" library="SeleniumLibrary">
<doc>Click element identified by ``locator``.</doc>
<arguments>
<arg>id:react-burger-menu-btn</arg>
</arguments>
<msg timestamp="20210318 00:50:19.807" level="INFO">Clicking element 'id:react-burger-menu-btn'.</msg>
<status status="PASS" starttime="20210318 00:50:19.806" endtime="20210318 00:50:20.169"></status>
</kw>
<kw name="Sleep" library="BuiltIn">
<doc>Pauses the test executed for the given time.</doc>
<arguments>
<arg>2s</arg>
</arguments>
<msg timestamp="20210318 00:50:22.173" level="INFO">Slept 2 seconds</msg>
<status status="PASS" starttime="20210318 00:50:20.170" endtime="20210318 00:50:22.174"></status>
</kw>
<kw name="Click Element" library="SeleniumLibrary">
<doc>Click element identified by ``locator``.</doc>
<arguments>
<arg>id:logout_sidebar_link</arg>
</arguments>
<msg timestamp="20210318 00:50:22.175" level="INFO">Clicking element 'id:logout_sidebar_link'.</msg>
<status status="PASS" starttime="20210318 00:50:22.174" endtime="20210318 00:50:22.446"></status>
</kw>
<kw name="Capture Page Screenshot" library="SeleniumLibrary">
<doc>Takes screenshot of the current page and embeds it into log file.</doc>
<msg timestamp="20210318 00:50:23.276" level="INFO" html="yes">&lt;/td&gt;&lt;/tr&gt;&lt;tr&gt;&lt;td colspan="3"&gt;&lt;a href="selenium-screenshot-16.png"&gt;&lt;img src="selenium-screenshot-16.png" width="800px"&gt;&lt;/a&gt;</msg>
<status status="PASS" starttime="20210318 00:50:22.447" endtime="20210318 00:50:23.277"></status>
</kw>
<status status="PASS" starttime="20210318 00:50:19.804" endtime="20210318 00:50:23.278"></status>
</kw>
<kw name="end" library="loginsl">
<kw name="Close Browser" library="SeleniumLibrary">
<doc>Closes the current browser.</doc>
<status status="PASS" starttime="20210318 00:50:23.281" endtime="20210318 00:50:31.939"></status>
</kw>
<status status="PASS" starttime="20210318 00:50:23.279" endtime="20210318 00:50:31.940"></status>
</kw>
<status status="PASS" starttime="20210318 00:50:17.486" endtime="20210318 00:50:31.940"></status>
</kw>
<status status="PASS" starttime="20210318 00:50:17.485" endtime="20210318 00:50:31.940"></status>
</kw>
<status status="PASS" starttime="20210318 00:50:03.900" endtime="20210318 00:50:31.941"></status>
</kw>
<status status="PASS" starttime="20210318 00:50:03.896" endtime="20210318 00:50:31.942" critical="yes"></status>
</test>
<test id="s1-t2" name="SauceDemo">
<kw name="Test">
<arguments>
<arg>kavi123</arg>
<arg>hsbdcgvbd</arg>
</arguments>
<kw name="LaunchBrowser" library="loginsl">
<kw name="Open Browser" library="SeleniumLibrary">
<doc>Opens a new browser instance to the given ``url``.</doc>
<arguments>
<arg>https://www.saucedemo.com/</arg>
<arg>chrome</arg>
</arguments>
<msg timestamp="20210318 00:50:31.949" level="INFO">Opening browser 'chrome' to base url 'https://www.saucedemo.com/'.</msg>
<status status="PASS" starttime="20210318 00:50:31.948" endtime="20210318 00:50:37.167"></status>
</kw>
<kw name="Maximize Browser Window" library="SeleniumLibrary">
<doc>Maximizes current browser window.</doc>
<status status="PASS" starttime="20210318 00:50:37.167" endtime="20210318 00:50:37.403"></status>
</kw>
<status status="PASS" starttime="20210318 00:50:31.947" endtime="20210318 00:50:37.404"></status>
</kw>
<kw name="username" library="loginsl">
<arguments>
<arg>${username}</arg>
</arguments>
<kw name="Input Text" library="SeleniumLibrary">
<doc>Types the given ``text`` into text field identified by ``locator``.</doc>
<arguments>
<arg>id:user-name</arg>
<arg>${username}</arg>
</arguments>
<msg timestamp="20210318 00:50:37.408" level="INFO">Typing text 'kavi123' into text field 'id:user-name'.</msg>
<status status="PASS" starttime="20210318 00:50:37.407" endtime="20210318 00:50:38.174"></status>
</kw>
<status status="PASS" starttime="20210318 00:50:37.405" endtime="20210318 00:50:38.175"></status>
</kw>
<kw name="password" library="loginsl">
<arguments>
<arg>${password}</arg>
</arguments>
<kw name="Input Password" library="SeleniumLibrary">
<doc>Types the given password into text field identified by ``locator``.</doc>
<arguments>
<arg>id:password</arg>
<arg>${password}</arg>
</arguments>
<msg timestamp="20210318 00:50:38.180" level="INFO">Typing password into text field 'id:password'.</msg>
<status status="PASS" starttime="20210318 00:50:38.178" endtime="20210318 00:50:38.948"></status>
</kw>
<status status="PASS" starttime="20210318 00:50:38.176" endtime="20210318 00:50:38.949"></status>
</kw>
<kw name="Login button" library="loginsl">
<kw name="Click Button" library="SeleniumLibrary">
<doc>Clicks button identified by ``locator``.</doc>
<arguments>
<arg>id:login-button</arg>
</arguments>
<msg timestamp="20210318 00:50:38.953" level="INFO">Clicking button 'id:login-button'.</msg>
<status status="PASS" starttime="20210318 00:50:38.952" endtime="20210318 00:50:39.448"></status>
</kw>
<kw name="Title Should Be" library="SeleniumLibrary">
<doc>Verifies that current page title equals ``title``.</doc>
<arguments>
<arg>Swag Labs</arg>
</arguments>
<msg timestamp="20210318 00:50:39.475" level="INFO">Page title is 'Swag Labs'.</msg>
<status status="PASS" starttime="20210318 00:50:39.449" endtime="20210318 00:50:39.475"></status>
</kw>
<kw name="Log To Console" library="BuiltIn">
<doc>Logs the given message to the console.</doc>
<arguments>
<arg>get title</arg>
</arguments>
<status status="PASS" starttime="20210318 00:50:39.476" endtime="20210318 00:50:39.477"></status>
</kw>
<kw name="Capture Page Screenshot" library="SeleniumLibrary">
<doc>Takes screenshot of the current page and embeds it into log file.</doc>
<msg timestamp="20210318 00:50:40.369" level="INFO" html="yes">&lt;/td&gt;&lt;/tr&gt;&lt;tr&gt;&lt;td colspan="3"&gt;&lt;a href="selenium-screenshot-17.png"&gt;&lt;img src="selenium-screenshot-17.png" width="800px"&gt;&lt;/a&gt;</msg>
<status status="PASS" starttime="20210318 00:50:39.478" endtime="20210318 00:50:40.370"></status>
</kw>
<kw name="Sleep" library="BuiltIn">
<doc>Pauses the test executed for the given time.</doc>
<arguments>
<arg>5s</arg>
</arguments>
<msg timestamp="20210318 00:50:45.373" level="INFO">Slept 5 seconds</msg>
<status status="PASS" starttime="20210318 00:50:40.370" endtime="20210318 00:50:45.374"></status>
</kw>
<status status="PASS" starttime="20210318 00:50:38.950" endtime="20210318 00:50:45.374"></status>
</kw>
<kw name="Get Element Count" library="SeleniumLibrary">
<doc>Returns number of elements matching ``locator``.</doc>
<arguments>
<arg>id:inventory_container</arg>
</arguments>
<assign>
<var>${name_in_page}</var>
</assign>
<msg timestamp="20210318 00:50:45.476" level="INFO">${name_in_page} = 0</msg>
<status status="PASS" starttime="20210318 00:50:45.375" endtime="20210318 00:50:45.476"></status>
</kw>
<kw name="Run Keyword If" library="BuiltIn">
<doc>Runs the given keyword with the given arguments, if ``condition`` is true.</doc>
<arguments>
<arg>${name_in_page} &gt; 0</arg>
<arg>Keyword1</arg>
<arg>ELSE</arg>
<arg>Keyword2</arg>
</arguments>
<kw name="keyword2">
<kw name="Log To Console" library="BuiltIn">
<doc>Logs the given message to the console.</doc>
<arguments>
<arg>Invalid</arg>
</arguments>
<status status="PASS" starttime="20210318 00:50:45.481" endtime="20210318 00:50:45.482"></status>
</kw>
<kw name="end" library="loginsl">
<kw name="Close Browser" library="SeleniumLibrary">
<doc>Closes the current browser.</doc>
<status status="PASS" starttime="20210318 00:50:45.484" endtime="20210318 00:50:50.726"></status>
</kw>
<status status="PASS" starttime="20210318 00:50:45.482" endtime="20210318 00:50:50.727"></status>
</kw>
<status status="PASS" starttime="20210318 00:50:45.479" endtime="20210318 00:50:50.728"></status>
</kw>
<status status="PASS" starttime="20210318 00:50:45.477" endtime="20210318 00:50:50.728"></status>
</kw>
<status status="PASS" starttime="20210318 00:50:31.945" endtime="20210318 00:50:50.729"></status>
</kw>
<status status="PASS" starttime="20210318 00:50:31.944" endtime="20210318 00:50:50.730" critical="yes"></status>
</test>
<status status="PASS" starttime="20210318 00:49:50.317" endtime="20210318 00:50:50.735"></status>
</suite>
<statistics>
<total>
<stat pass="2" fail="0">Critical Tests</stat>
<stat pass="2" fail="0">All Tests</stat>
</total>
<tag>
</tag>
<suite>
<stat pass="2" fail="0" id="s1" name="Saucerun">Saucerun</stat>
</suite>
</statistics>
<errors>
<msg timestamp="20210318 00:50:31.943" level="WARN">Multiple test cases with name 'SauceDemo' executed in test suite 'Saucerun'.</msg>
</errors>
</robot>
