<?xml version="1.0" encoding="UTF-8"?>
<robot generator="Robot 3.2.2 (Python 3.9.2 on win32)" generated="20210318 03:50:02.999" rpa="false">
<suite id="s1" name="Suites">
<suite id="s1-s1" name="Saucerun" source="C:\Users\kavib\Pythonpro\Demo\runners\saucerun.robot">
<test id="s1-s1-t1" name="SauceDemo">
<kw name="Test">
<arguments>
<arg>https://www.saucedemo.com/</arg>
<arg>chrome</arg>
<arg>standard_user</arg>
<arg>secret_sauce</arg>
</arguments>
<kw name="LaunchBrowser" library="loginsl">
<arguments>
<arg>${link}</arg>
<arg>${browser}</arg>
</arguments>
<kw name="Open Browser" library="SeleniumLibrary">
<doc>Opens a new browser instance to the given ``url``.</doc>
<arguments>
<arg>${link}</arg>
<arg>${browser}</arg>
</arguments>
<msg timestamp="20210318 03:50:06.062" level="INFO">Opening browser 'chrome' to base url 'https://www.saucedemo.com/'.</msg>
<status status="PASS" starttime="20210318 03:50:06.061" endtime="20210318 03:50:10.784"></status>
</kw>
<kw name="Maximize Browser Window" library="SeleniumLibrary">
<doc>Maximizes current browser window.</doc>
<status status="PASS" starttime="20210318 03:50:10.785" endtime="20210318 03:50:10.982"></status>
</kw>
<status status="PASS" starttime="20210318 03:50:06.060" endtime="20210318 03:50:10.982"></status>
</kw>
<kw name="username" library="loginsl">
<arguments>
<arg>${username}</arg>
</arguments>
<kw name="Input Text" library="SeleniumLibrary">
<doc>Types the given ``text`` into text field identified by ``locator``.</doc>
<arguments>
<arg>id:user-name</arg>
<arg>${username}</arg>
</arguments>
<msg timestamp="20210318 03:50:10.985" level="INFO">Typing text 'standard_user' into text field 'id:user-name'.</msg>
<status status="PASS" starttime="20210318 03:50:10.984" endtime="20210318 03:50:11.656"></status>
</kw>
<status status="PASS" starttime="20210318 03:50:10.983" endtime="20210318 03:50:11.657"></status>
</kw>
<kw name="password" library="loginsl">
<arguments>
<arg>${password}</arg>
</arguments>
<kw name="Input Password" library="SeleniumLibrary">
<doc>Types the given password into text field identified by ``locator``.</doc>
<arguments>
<arg>id:password</arg>
<arg>${password}</arg>
</arguments>
<msg timestamp="20210318 03:50:11.660" level="INFO">Typing password into text field 'id:password'.</msg>
<status status="PASS" starttime="20210318 03:50:11.659" endtime="20210318 03:50:12.335"></status>
</kw>
<status status="PASS" starttime="20210318 03:50:11.657" endtime="20210318 03:50:12.335"></status>
</kw>
<kw name="Login button" library="loginsl">
<kw name="Click Button" library="SeleniumLibrary">
<doc>Clicks button identified by ``locator``.</doc>
<arguments>
<arg>id:login-button</arg>
</arguments>
<msg timestamp="20210318 03:50:12.337" level="INFO">Clicking button 'id:login-button'.</msg>
<status status="PASS" starttime="20210318 03:50:12.337" endtime="20210318 03:50:12.709"></status>
</kw>
<kw name="Title Should Be" library="SeleniumLibrary">
<doc>Verifies that current page title equals ``title``.</doc>
<arguments>
<arg>Swag Labs</arg>
</arguments>
<msg timestamp="20210318 03:50:12.729" level="INFO">Page title is 'Swag Labs'.</msg>
<status status="PASS" starttime="20210318 03:50:12.709" endtime="20210318 03:50:12.730"></status>
</kw>
<kw name="Log To Console" library="BuiltIn">
<doc>Logs the given message to the console.</doc>
<arguments>
<arg>get title</arg>
</arguments>
<status status="PASS" starttime="20210318 03:50:12.730" endtime="20210318 03:50:12.731"></status>
</kw>
<kw name="Capture Page Screenshot" library="SeleniumLibrary">
<doc>Takes screenshot of the current page and embeds it into log file.</doc>
<msg timestamp="20210318 03:50:13.290" level="INFO" html="yes">&lt;/td&gt;&lt;/tr&gt;&lt;tr&gt;&lt;td colspan="3"&gt;&lt;a href="selenium-screenshot-1.png"&gt;&lt;img src="selenium-screenshot-1.png" width="800px"&gt;&lt;/a&gt;</msg>
<status status="PASS" starttime="20210318 03:50:12.732" endtime="20210318 03:50:13.290"></status>
</kw>
<kw name="Sleep" library="BuiltIn">
<doc>Pauses the test executed for the given time.</doc>
<arguments>
<arg>5s</arg>
</arguments>
<msg timestamp="20210318 03:50:18.293" level="INFO">Slept 5 seconds</msg>
<status status="PASS" starttime="20210318 03:50:13.291" endtime="20210318 03:50:18.293"></status>
</kw>
<status status="PASS" starttime="20210318 03:50:12.336" endtime="20210318 03:50:18.294"></status>
</kw>
<kw name="Get Element Count" library="SeleniumLibrary">
<doc>Returns number of elements matching ``locator``.</doc>
<arguments>
<arg>id:inventory_container</arg>
</arguments>
<assign>
<var>${name_in_page}</var>
</assign>
<msg timestamp="20210318 03:50:18.642" level="INFO">${name_in_page} = 2</msg>
<status status="PASS" starttime="20210318 03:50:18.294" endtime="20210318 03:50:18.642"></status>
</kw>
<kw name="Run Keyword If" library="BuiltIn">
<doc>Runs the given keyword with the given arguments, if ``condition`` is true.</doc>
<arguments>
<arg>${name_in_page} &gt; 0</arg>
<arg>Keyword1</arg>
<arg>ELSE</arg>
<arg>Keyword2</arg>
</arguments>
<kw name="keyword1">
<kw name="DropDown" library="loginsl">
<kw name="Select From List By Index" library="SeleniumLibrary">
<doc>Selects options from selection list ``locator`` by ``indexes``.</doc>
<arguments>
<arg>xpath://*[@id="inventory_filter_container"]/select</arg>
<arg>3</arg>
</arguments>
<msg timestamp="20210318 03:50:18.646" level="INFO">Selecting options from selection list 'xpath://*[@id="inventory_filter_container"]/select' by index 3.</msg>
<status status="PASS" starttime="20210318 03:50:18.646" endtime="20210318 03:50:19.310"></status>
</kw>
<kw name="Sleep" library="BuiltIn">
<doc>Pauses the test executed for the given time.</doc>
<arguments>
<arg>2s</arg>
</arguments>
<msg timestamp="20210318 03:50:21.313" level="INFO">Slept 2 seconds</msg>
<status status="PASS" starttime="20210318 03:50:19.311" endtime="20210318 03:50:21.314"></status>
</kw>
<status status="PASS" starttime="20210318 03:50:18.645" endtime="20210318 03:50:21.314"></status>
</kw>
<kw name="Logout" library="loginsl">
<kw name="Click Element" library="SeleniumLibrary">
<doc>Click element identified by ``locator``.</doc>
<arguments>
<arg>id:react-burger-menu-btn</arg>
</arguments>
<msg timestamp="20210318 03:50:21.316" level="INFO">Clicking element 'id:react-burger-menu-btn'.</msg>
<status status="PASS" starttime="20210318 03:50:21.316" endtime="20210318 03:50:21.932"></status>
</kw>
<kw name="Sleep" library="BuiltIn">
<doc>Pauses the test executed for the given time.</doc>
<arguments>
<arg>2s</arg>
</arguments>
<msg timestamp="20210318 03:50:23.935" level="INFO">Slept 2 seconds</msg>
<status status="PASS" starttime="20210318 03:50:21.933" endtime="20210318 03:50:23.935"></status>
</kw>
<kw name="Click Element" library="SeleniumLibrary">
<doc>Click element identified by ``locator``.</doc>
<arguments>
<arg>id:logout_sidebar_link</arg>
</arguments>
<msg timestamp="20210318 03:50:23.936" level="INFO">Clicking element 'id:logout_sidebar_link'.</msg>
<status status="PASS" starttime="20210318 03:50:23.935" endtime="20210318 03:50:24.125"></status>
</kw>
<kw name="Capture Page Screenshot" library="SeleniumLibrary">
<doc>Takes screenshot of the current page and embeds it into log file.</doc>
<msg timestamp="20210318 03:50:24.795" level="INFO" html="yes">&lt;/td&gt;&lt;/tr&gt;&lt;tr&gt;&lt;td colspan="3"&gt;&lt;a href="selenium-screenshot-2.png"&gt;&lt;img src="selenium-screenshot-2.png" width="800px"&gt;&lt;/a&gt;</msg>
<status status="PASS" starttime="20210318 03:50:24.126" endtime="20210318 03:50:24.796"></status>
</kw>
<status status="PASS" starttime="20210318 03:50:21.315" endtime="20210318 03:50:24.796"></status>
</kw>
<kw name="end" library="loginsl">
<kw name="Close Browser" library="SeleniumLibrary">
<doc>Closes the current browser.</doc>
<status status="PASS" starttime="20210318 03:50:24.797" endtime="20210318 03:50:28.751"></status>
</kw>
<status status="PASS" starttime="20210318 03:50:24.797" endtime="20210318 03:50:28.752"></status>
</kw>
<status status="PASS" starttime="20210318 03:50:18.644" endtime="20210318 03:50:28.752"></status>
</kw>
<status status="PASS" starttime="20210318 03:50:18.643" endtime="20210318 03:50:28.753"></status>
</kw>
<status status="PASS" starttime="20210318 03:50:06.060" endtime="20210318 03:50:28.753"></status>
</kw>
<status status="PASS" starttime="20210318 03:50:06.058" endtime="20210318 03:50:28.754" critical="yes"></status>
</test>
<test id="s1-s1-t2" name="SauceDemo">
<kw name="Test">
<arguments>
<arg>https://www.saucedemo.com/</arg>
<arg>ff</arg>
<arg>kavi123</arg>
<arg>hsbdcgvbd</arg>
</arguments>
<kw name="LaunchBrowser" library="loginsl">
<arguments>
<arg>${link}</arg>
<arg>${browser}</arg>
</arguments>
<kw name="Open Browser" library="SeleniumLibrary">
<doc>Opens a new browser instance to the given ``url``.</doc>
<arguments>
<arg>${link}</arg>
<arg>${browser}</arg>
</arguments>
<msg timestamp="20210318 03:50:28.761" level="INFO">Opening browser 'ff' to base url 'https://www.saucedemo.com/'.</msg>
<status status="PASS" starttime="20210318 03:50:28.760" endtime="20210318 03:50:40.582"></status>
</kw>
<kw name="Maximize Browser Window" library="SeleniumLibrary">
<doc>Maximizes current browser window.</doc>
<status status="PASS" starttime="20210318 03:50:40.583" endtime="20210318 03:50:40.649"></status>
</kw>
<status status="PASS" starttime="20210318 03:50:28.759" endtime="20210318 03:50:40.650"></status>
</kw>
<kw name="username" library="loginsl">
<arguments>
<arg>${username}</arg>
</arguments>
<kw name="Input Text" library="SeleniumLibrary">
<doc>Types the given ``text`` into text field identified by ``locator``.</doc>
<arguments>
<arg>id:user-name</arg>
<arg>${username}</arg>
</arguments>
<msg timestamp="20210318 03:50:40.652" level="INFO">Typing text 'kavi123' into text field 'id:user-name'.</msg>
<status status="PASS" starttime="20210318 03:50:40.651" endtime="20210318 03:50:40.822"></status>
</kw>
<status status="PASS" starttime="20210318 03:50:40.650" endtime="20210318 03:50:40.823"></status>
</kw>
<kw name="password" library="loginsl">
<arguments>
<arg>${password}</arg>
</arguments>
<kw name="Input Password" library="SeleniumLibrary">
<doc>Types the given password into text field identified by ``locator``.</doc>
<arguments>
<arg>id:password</arg>
<arg>${password}</arg>
</arguments>
<msg timestamp="20210318 03:50:40.826" level="INFO">Typing password into text field 'id:password'.</msg>
<status status="PASS" starttime="20210318 03:50:40.825" endtime="20210318 03:50:40.950"></status>
</kw>
<status status="PASS" starttime="20210318 03:50:40.824" endtime="20210318 03:50:40.951"></status>
</kw>
<kw name="Login button" library="loginsl">
<kw name="Click Button" library="SeleniumLibrary">
<doc>Clicks button identified by ``locator``.</doc>
<arguments>
<arg>id:login-button</arg>
</arguments>
<msg timestamp="20210318 03:50:40.953" level="INFO">Clicking button 'id:login-button'.</msg>
<status status="PASS" starttime="20210318 03:50:40.952" endtime="20210318 03:50:41.263"></status>
</kw>
<kw name="Title Should Be" library="SeleniumLibrary">
<doc>Verifies that current page title equals ``title``.</doc>
<arguments>
<arg>Swag Labs</arg>
</arguments>
<msg timestamp="20210318 03:50:41.269" level="INFO">Page title is 'Swag Labs'.</msg>
<status status="PASS" starttime="20210318 03:50:41.264" endtime="20210318 03:50:41.269"></status>
</kw>
<kw name="Log To Console" library="BuiltIn">
<doc>Logs the given message to the console.</doc>
<arguments>
<arg>get title</arg>
</arguments>
<status status="PASS" starttime="20210318 03:50:41.269" endtime="20210318 03:50:41.270"></status>
</kw>
<kw name="Capture Page Screenshot" library="SeleniumLibrary">
<doc>Takes screenshot of the current page and embeds it into log file.</doc>
<msg timestamp="20210318 03:50:41.433" level="INFO" html="yes">&lt;/td&gt;&lt;/tr&gt;&lt;tr&gt;&lt;td colspan="3"&gt;&lt;a href="selenium-screenshot-3.png"&gt;&lt;img src="selenium-screenshot-3.png" width="800px"&gt;&lt;/a&gt;</msg>
<status status="PASS" starttime="20210318 03:50:41.270" endtime="20210318 03:50:41.433"></status>
</kw>
<kw name="Sleep" library="BuiltIn">
<doc>Pauses the test executed for the given time.</doc>
<arguments>
<arg>5s</arg>
</arguments>
<msg timestamp="20210318 03:50:46.435" level="INFO">Slept 5 seconds</msg>
<status status="PASS" starttime="20210318 03:50:41.434" endtime="20210318 03:50:46.435"></status>
</kw>
<status status="PASS" starttime="20210318 03:50:40.951" endtime="20210318 03:50:46.436"></status>
</kw>
<kw name="Get Element Count" library="SeleniumLibrary">
<doc>Returns number of elements matching ``locator``.</doc>
<arguments>
<arg>id:inventory_container</arg>
</arguments>
<assign>
<var>${name_in_page}</var>
</assign>
<msg timestamp="20210318 03:50:46.453" level="INFO">${name_in_page} = 0</msg>
<status status="PASS" starttime="20210318 03:50:46.436" endtime="20210318 03:50:46.453"></status>
</kw>
<kw name="Run Keyword If" library="BuiltIn">
<doc>Runs the given keyword with the given arguments, if ``condition`` is true.</doc>
<arguments>
<arg>${name_in_page} &gt; 0</arg>
<arg>Keyword1</arg>
<arg>ELSE</arg>
<arg>Keyword2</arg>
</arguments>
<kw name="keyword2">
<kw name="Log To Console" library="BuiltIn">
<doc>Logs the given message to the console.</doc>
<arguments>
<arg>Invalid</arg>
</arguments>
<status status="PASS" starttime="20210318 03:50:46.456" endtime="20210318 03:50:46.457"></status>
</kw>
<kw name="end" library="loginsl">
<kw name="Close Browser" library="SeleniumLibrary">
<doc>Closes the current browser.</doc>
<status status="PASS" starttime="20210318 03:50:46.458" endtime="20210318 03:50:48.049"></status>
</kw>
<status status="PASS" starttime="20210318 03:50:46.457" endtime="20210318 03:50:48.050"></status>
</kw>
<status status="PASS" starttime="20210318 03:50:46.455" endtime="20210318 03:50:48.050"></status>
</kw>
<status status="PASS" starttime="20210318 03:50:46.454" endtime="20210318 03:50:48.051"></status>
</kw>
<status status="PASS" starttime="20210318 03:50:28.757" endtime="20210318 03:50:48.052"></status>
</kw>
<status status="PASS" starttime="20210318 03:50:28.756" endtime="20210318 03:50:48.053" critical="yes"></status>
</test>
<status status="PASS" starttime="20210318 03:50:03.099" endtime="20210318 03:50:48.057"></status>
</suite>
<status status="PASS" starttime="20210318 03:50:03.004" endtime="20210318 03:50:48.073"></status>
</suite>
<statistics>
<total>
<stat pass="2" fail="0">Critical Tests</stat>
<stat pass="2" fail="0">All Tests</stat>
</total>
<tag>
</tag>
<suite>
<stat pass="2" fail="0" id="s1" name="Suites">Suites</stat>
<stat pass="2" fail="0" id="s1-s1" name="Saucerun">Suites.Saucerun</stat>
</suite>
</statistics>
<errors>
<msg timestamp="20210318 03:50:28.755" level="WARN">Multiple test cases with name 'SauceDemo' executed in test suite 'Suites.Saucerun'.</msg>
</errors>
</robot>
