<?xml version="1.0" encoding="UTF-8"?>
<robot generator="Robot 3.2.2 (Python 3.9.2 on win32)" generated="20210321 16:54:11.628" rpa="false">
<suite id="s1" name="Suites">
<suite id="s1-s1" name="Saucerun" source="C:\Users\kavib\Pythonpro\Demo\runners\saucerun.robot">
<test id="s1-s1-t1" name="SauceDemo">
<kw name="Test">
<arguments>
<arg>https://www.saucedemo.com/</arg>
<arg>chrome</arg>
<arg>standard_user</arg>
<arg>secret_sauce</arg>
</arguments>
<kw name="LaunchBrowser" library="loginsl">
<arguments>
<arg>${link}</arg>
<arg>${browser}</arg>
</arguments>
<kw name="Open Browser" library="SeleniumLibrary">
<doc>Opens a new browser instance to the given ``url``.</doc>
<arguments>
<arg>${link}</arg>
<arg>${browser}</arg>
</arguments>
<msg timestamp="20210321 16:54:17.890" level="INFO">Opening browser 'chrome' to base url 'https://www.saucedemo.com/'.</msg>
<status status="PASS" starttime="20210321 16:54:17.888" endtime="20210321 16:54:24.449"></status>
</kw>
<status status="PASS" starttime="20210321 16:54:17.885" endtime="20210321 16:54:24.451"></status>
</kw>
<kw name="username" library="loginsl">
<arguments>
<arg>${username}</arg>
</arguments>
<kw name="Input Text" library="SeleniumLibrary">
<doc>Types the given ``text`` into text field identified by ``locator``.</doc>
<arguments>
<arg>id:user-name</arg>
<arg>${username}</arg>
</arguments>
<msg timestamp="20210321 16:54:24.457" level="INFO">Typing text 'standard_user' into text field 'id:user-name'.</msg>
<status status="PASS" starttime="20210321 16:54:24.455" endtime="20210321 16:54:25.413"></status>
</kw>
<status status="PASS" starttime="20210321 16:54:24.452" endtime="20210321 16:54:25.414"></status>
</kw>
<kw name="password" library="loginsl">
<arguments>
<arg>${password}</arg>
</arguments>
<kw name="Input Password" library="SeleniumLibrary">
<doc>Types the given password into text field identified by ``locator``.</doc>
<arguments>
<arg>id:password</arg>
<arg>${password}</arg>
</arguments>
<msg timestamp="20210321 16:54:25.419" level="INFO">Typing password into text field 'id:password'.</msg>
<status status="PASS" starttime="20210321 16:54:25.418" endtime="20210321 16:54:26.279"></status>
</kw>
<status status="PASS" starttime="20210321 16:54:25.415" endtime="20210321 16:54:26.280"></status>
</kw>
<kw name="Login button" library="loginsl">
<kw name="Click Button" library="SeleniumLibrary">
<doc>Clicks button identified by ``locator``.</doc>
<arguments>
<arg>id:login-button</arg>
</arguments>
<msg timestamp="20210321 16:54:26.285" level="INFO">Clicking button 'id:login-button'.</msg>
<status status="PASS" starttime="20210321 16:54:26.284" endtime="20210321 16:54:27.318"></status>
</kw>
<kw name="Title Should Be" library="SeleniumLibrary">
<doc>Verifies that current page title equals ``title``.</doc>
<arguments>
<arg>Swag Labs</arg>
</arguments>
<msg timestamp="20210321 16:54:27.359" level="INFO">Page title is 'Swag Labs'.</msg>
<status status="PASS" starttime="20210321 16:54:27.319" endtime="20210321 16:54:27.360"></status>
</kw>
<kw name="Log To Console" library="BuiltIn">
<doc>Logs the given message to the console.</doc>
<arguments>
<arg>get title</arg>
</arguments>
<status status="PASS" starttime="20210321 16:54:27.361" endtime="20210321 16:54:27.362"></status>
</kw>
<kw name="Capture Page Screenshot" library="SeleniumLibrary">
<doc>Takes screenshot of the current page and embeds it into log file.</doc>
<msg timestamp="20210321 16:54:28.379" level="INFO" html="yes">&lt;/td&gt;&lt;/tr&gt;&lt;tr&gt;&lt;td colspan="3"&gt;&lt;a href="selenium-screenshot-1.png"&gt;&lt;img src="selenium-screenshot-1.png" width="800px"&gt;&lt;/a&gt;</msg>
<status status="PASS" starttime="20210321 16:54:27.363" endtime="20210321 16:54:28.379"></status>
</kw>
<kw name="Sleep" library="BuiltIn">
<doc>Pauses the test executed for the given time.</doc>
<arguments>
<arg>5s</arg>
</arguments>
<msg timestamp="20210321 16:54:33.382" level="INFO">Slept 5 seconds</msg>
<status status="PASS" starttime="20210321 16:54:28.380" endtime="20210321 16:54:33.383"></status>
</kw>
<status status="PASS" starttime="20210321 16:54:26.281" endtime="20210321 16:54:33.389"></status>
</kw>
<kw name="Get Element Count" library="SeleniumLibrary">
<doc>Returns number of elements matching ``locator``.</doc>
<arguments>
<arg>id:inventory_container</arg>
</arguments>
<assign>
<var>${name_in_page}</var>
</assign>
<msg timestamp="20210321 16:54:33.653" level="INFO">${name_in_page} = 2</msg>
<status status="PASS" starttime="20210321 16:54:33.390" endtime="20210321 16:54:33.653"></status>
</kw>
<kw name="Run Keyword If" library="BuiltIn">
<doc>Runs the given keyword with the given arguments, if ``condition`` is true.</doc>
<arguments>
<arg>${name_in_page} &gt; 0</arg>
<arg>Keyword1</arg>
<arg>ELSE</arg>
<arg>Keyword2</arg>
</arguments>
<kw name="keyword1">
<kw name="DropDown" library="loginsl">
<kw name="Select From List By Index" library="SeleniumLibrary">
<doc>Selects options from selection list ``locator`` by ``indexes``.</doc>
<arguments>
<arg>xpath://*[@id="inventory_filter_container"]/select</arg>
<arg>3</arg>
</arguments>
<msg timestamp="20210321 16:54:33.663" level="INFO">Selecting options from selection list 'xpath://*[@id="inventory_filter_container"]/select' by index 3.</msg>
<status status="PASS" starttime="20210321 16:54:33.662" endtime="20210321 16:54:36.572"></status>
</kw>
<kw name="Sleep" library="BuiltIn">
<doc>Pauses the test executed for the given time.</doc>
<arguments>
<arg>2s</arg>
</arguments>
<msg timestamp="20210321 16:54:38.576" level="INFO">Slept 2 seconds</msg>
<status status="PASS" starttime="20210321 16:54:36.573" endtime="20210321 16:54:38.577"></status>
</kw>
<status status="PASS" starttime="20210321 16:54:33.659" endtime="20210321 16:54:38.578"></status>
</kw>
<kw name="Logout" library="loginsl">
<kw name="Click Element" library="SeleniumLibrary">
<doc>Click element identified by ``locator``.</doc>
<arguments>
<arg>id:react-burger-menu-btn</arg>
</arguments>
<msg timestamp="20210321 16:54:38.582" level="INFO">Clicking element 'id:react-burger-menu-btn'.</msg>
<status status="PASS" starttime="20210321 16:54:38.581" endtime="20210321 16:54:39.829"></status>
</kw>
<kw name="Sleep" library="BuiltIn">
<doc>Pauses the test executed for the given time.</doc>
<arguments>
<arg>2s</arg>
</arguments>
<msg timestamp="20210321 16:54:41.834" level="INFO">Slept 2 seconds</msg>
<status status="PASS" starttime="20210321 16:54:39.830" endtime="20210321 16:54:41.835"></status>
</kw>
<kw name="Click Element" library="SeleniumLibrary">
<doc>Click element identified by ``locator``.</doc>
<arguments>
<arg>id:logout_sidebar_link</arg>
</arguments>
<msg timestamp="20210321 16:54:41.836" level="INFO">Clicking element 'id:logout_sidebar_link'.</msg>
<status status="PASS" starttime="20210321 16:54:41.835" endtime="20210321 16:54:43.439"></status>
</kw>
<kw name="Capture Page Screenshot" library="SeleniumLibrary">
<doc>Takes screenshot of the current page and embeds it into log file.</doc>
<msg timestamp="20210321 16:54:45.616" level="INFO" html="yes">&lt;/td&gt;&lt;/tr&gt;&lt;tr&gt;&lt;td colspan="3"&gt;&lt;a href="selenium-screenshot-2.png"&gt;&lt;img src="selenium-screenshot-2.png" width="800px"&gt;&lt;/a&gt;</msg>
<status status="PASS" starttime="20210321 16:54:43.440" endtime="20210321 16:54:45.617"></status>
</kw>
<status status="PASS" starttime="20210321 16:54:38.579" endtime="20210321 16:54:45.618"></status>
</kw>
<kw name="end" library="loginsl">
<kw name="Close Browser" library="SeleniumLibrary">
<doc>Closes the current browser.</doc>
<status status="PASS" starttime="20210321 16:54:45.621" endtime="20210321 16:54:54.845"></status>
</kw>
<status status="PASS" starttime="20210321 16:54:45.618" endtime="20210321 16:54:54.846"></status>
</kw>
<status status="PASS" starttime="20210321 16:54:33.657" endtime="20210321 16:54:54.847"></status>
</kw>
<status status="PASS" starttime="20210321 16:54:33.654" endtime="20210321 16:54:54.847"></status>
</kw>
<status status="PASS" starttime="20210321 16:54:17.882" endtime="20210321 16:54:54.848"></status>
</kw>
<status status="PASS" starttime="20210321 16:54:17.878" endtime="20210321 16:54:54.849" critical="yes"></status>
</test>
<test id="s1-s1-t2" name="SauceDemo">
<kw name="Test">
<arguments>
<arg>https://www.saucedemo.com/</arg>
<arg>ff</arg>
<arg>kavi123</arg>
<arg>hsbdcgvbd</arg>
</arguments>
<kw name="LaunchBrowser" library="loginsl">
<arguments>
<arg>${link}</arg>
<arg>${browser}</arg>
</arguments>
<kw name="Open Browser" library="SeleniumLibrary">
<doc>Opens a new browser instance to the given ``url``.</doc>
<arguments>
<arg>${link}</arg>
<arg>${browser}</arg>
</arguments>
<msg timestamp="20210321 16:54:54.865" level="INFO">Opening browser 'ff' to base url 'https://www.saucedemo.com/'.</msg>
<status status="PASS" starttime="20210321 16:54:54.863" endtime="20210321 16:55:13.405"></status>
</kw>
<status status="PASS" starttime="20210321 16:54:54.860" endtime="20210321 16:55:13.406"></status>
</kw>
<kw name="username" library="loginsl">
<arguments>
<arg>${username}</arg>
</arguments>
<kw name="Input Text" library="SeleniumLibrary">
<doc>Types the given ``text`` into text field identified by ``locator``.</doc>
<arguments>
<arg>id:user-name</arg>
<arg>${username}</arg>
</arguments>
<msg timestamp="20210321 16:55:13.411" level="INFO">Typing text 'kavi123' into text field 'id:user-name'.</msg>
<status status="PASS" starttime="20210321 16:55:13.409" endtime="20210321 16:55:13.911"></status>
</kw>
<status status="PASS" starttime="20210321 16:55:13.407" endtime="20210321 16:55:13.912"></status>
</kw>
<kw name="password" library="loginsl">
<arguments>
<arg>${password}</arg>
</arguments>
<kw name="Input Password" library="SeleniumLibrary">
<doc>Types the given password into text field identified by ``locator``.</doc>
<arguments>
<arg>id:password</arg>
<arg>${password}</arg>
</arguments>
<msg timestamp="20210321 16:55:13.917" level="INFO">Typing password into text field 'id:password'.</msg>
<status status="PASS" starttime="20210321 16:55:13.915" endtime="20210321 16:55:14.132"></status>
</kw>
<status status="PASS" starttime="20210321 16:55:13.913" endtime="20210321 16:55:14.133"></status>
</kw>
<kw name="Login button" library="loginsl">
<kw name="Click Button" library="SeleniumLibrary">
<doc>Clicks button identified by ``locator``.</doc>
<arguments>
<arg>id:login-button</arg>
</arguments>
<msg timestamp="20210321 16:55:14.137" level="INFO">Clicking button 'id:login-button'.</msg>
<status status="PASS" starttime="20210321 16:55:14.136" endtime="20210321 16:55:14.528"></status>
</kw>
<kw name="Title Should Be" library="SeleniumLibrary">
<doc>Verifies that current page title equals ``title``.</doc>
<arguments>
<arg>Swag Labs</arg>
</arguments>
<msg timestamp="20210321 16:55:14.538" level="INFO">Page title is 'Swag Labs'.</msg>
<status status="PASS" starttime="20210321 16:55:14.529" endtime="20210321 16:55:14.539"></status>
</kw>
<kw name="Log To Console" library="BuiltIn">
<doc>Logs the given message to the console.</doc>
<arguments>
<arg>get title</arg>
</arguments>
<status status="PASS" starttime="20210321 16:55:14.540" endtime="20210321 16:55:14.541"></status>
</kw>
<kw name="Capture Page Screenshot" library="SeleniumLibrary">
<doc>Takes screenshot of the current page and embeds it into log file.</doc>
<msg timestamp="20210321 16:55:14.872" level="INFO" html="yes">&lt;/td&gt;&lt;/tr&gt;&lt;tr&gt;&lt;td colspan="3"&gt;&lt;a href="selenium-screenshot-3.png"&gt;&lt;img src="selenium-screenshot-3.png" width="800px"&gt;&lt;/a&gt;</msg>
<status status="PASS" starttime="20210321 16:55:14.542" endtime="20210321 16:55:14.873"></status>
</kw>
<kw name="Sleep" library="BuiltIn">
<doc>Pauses the test executed for the given time.</doc>
<arguments>
<arg>5s</arg>
</arguments>
<msg timestamp="20210321 16:55:19.877" level="INFO">Slept 5 seconds</msg>
<status status="PASS" starttime="20210321 16:55:14.873" endtime="20210321 16:55:19.878"></status>
</kw>
<status status="PASS" starttime="20210321 16:55:14.133" endtime="20210321 16:55:19.880"></status>
</kw>
<kw name="Get Element Count" library="SeleniumLibrary">
<doc>Returns number of elements matching ``locator``.</doc>
<arguments>
<arg>id:inventory_container</arg>
</arguments>
<assign>
<var>${name_in_page}</var>
</assign>
<msg timestamp="20210321 16:55:19.902" level="INFO">${name_in_page} = 0</msg>
<status status="PASS" starttime="20210321 16:55:19.881" endtime="20210321 16:55:19.902"></status>
</kw>
<kw name="Run Keyword If" library="BuiltIn">
<doc>Runs the given keyword with the given arguments, if ``condition`` is true.</doc>
<arguments>
<arg>${name_in_page} &gt; 0</arg>
<arg>Keyword1</arg>
<arg>ELSE</arg>
<arg>Keyword2</arg>
</arguments>
<kw name="keyword2">
<kw name="Log To Console" library="BuiltIn">
<doc>Logs the given message to the console.</doc>
<arguments>
<arg>Invalid</arg>
</arguments>
<status status="PASS" starttime="20210321 16:55:19.908" endtime="20210321 16:55:19.909"></status>
</kw>
<kw name="end" library="loginsl">
<kw name="Close Browser" library="SeleniumLibrary">
<doc>Closes the current browser.</doc>
<status status="PASS" starttime="20210321 16:55:19.912" endtime="20210321 16:55:30.759"></status>
</kw>
<status status="PASS" starttime="20210321 16:55:19.910" endtime="20210321 16:55:30.760"></status>
</kw>
<status status="PASS" starttime="20210321 16:55:19.905" endtime="20210321 16:55:30.761"></status>
</kw>
<status status="PASS" starttime="20210321 16:55:19.903" endtime="20210321 16:55:30.761"></status>
</kw>
<status status="PASS" starttime="20210321 16:54:54.857" endtime="20210321 16:55:30.762"></status>
</kw>
<status status="PASS" starttime="20210321 16:54:54.853" endtime="20210321 16:55:30.763" critical="yes"></status>
</test>
<status status="PASS" starttime="20210321 16:54:11.747" endtime="20210321 16:55:30.769"></status>
</suite>
<status status="PASS" starttime="20210321 16:54:11.639" endtime="20210321 16:55:30.784"></status>
</suite>
<statistics>
<total>
<stat pass="2" fail="0">Critical Tests</stat>
<stat pass="2" fail="0">All Tests</stat>
</total>
<tag>
</tag>
<suite>
<stat pass="2" fail="0" id="s1" name="Suites">Suites</stat>
<stat pass="2" fail="0" id="s1-s1" name="Saucerun">Suites.Saucerun</stat>
</suite>
</statistics>
<errors>
<msg timestamp="20210321 16:54:54.852" level="WARN">Multiple test cases with name 'SauceDemo' executed in test suite 'Suites.Saucerun'.</msg>
</errors>
</robot>
