<?xml version="1.0" encoding="UTF-8"?>
<robot generator="Robot 3.2.2 (Python 3.9.2 on win32)" generated="20210321 13:57:51.580" rpa="false">
<suite id="s1" name="Suites">
<suite id="s1-s1" name="Saucerun" source="C:\Users\kavib\Pythonpro\Demo\runners\saucerun.robot">
<test id="s1-s1-t1" name="SauceDemo">
<kw name="Test">
<arguments>
<arg>https://www.saucedemo.com/</arg>
<arg>chrome</arg>
<arg>standard_user</arg>
<arg>secret_sauce</arg>
</arguments>
<kw name="LaunchBrowser" library="loginsl">
<arguments>
<arg>${link}</arg>
<arg>${browser}</arg>
</arguments>
<kw name="Open Browser" library="SeleniumLibrary">
<doc>Opens a new browser instance to the given ``url``.</doc>
<arguments>
<arg>${link}</arg>
<arg>${browser}</arg>
</arguments>
<msg timestamp="20210321 13:57:53.827" level="INFO">Opening browser 'chrome' to base url 'https://www.saucedemo.com/'.</msg>
<status status="PASS" starttime="20210321 13:57:53.826" endtime="20210321 13:57:56.809"></status>
</kw>
<status status="PASS" starttime="20210321 13:57:53.825" endtime="20210321 13:57:56.809"></status>
</kw>
<kw name="username" library="loginsl">
<arguments>
<arg>${username}</arg>
</arguments>
<kw name="Input Text" library="SeleniumLibrary">
<doc>Types the given ``text`` into text field identified by ``locator``.</doc>
<arguments>
<arg>id:user-name</arg>
<arg>${username}</arg>
</arguments>
<msg timestamp="20210321 13:57:56.811" level="INFO">Typing text 'standard_user' into text field 'id:user-name'.</msg>
<status status="PASS" starttime="20210321 13:57:56.811" endtime="20210321 13:57:57.071"></status>
</kw>
<status status="PASS" starttime="20210321 13:57:56.810" endtime="20210321 13:57:57.072"></status>
</kw>
<kw name="password" library="loginsl">
<arguments>
<arg>${password}</arg>
</arguments>
<kw name="Input Password" library="SeleniumLibrary">
<doc>Types the given password into text field identified by ``locator``.</doc>
<arguments>
<arg>id:password</arg>
<arg>${password}</arg>
</arguments>
<msg timestamp="20210321 13:57:57.074" level="INFO">Typing password into text field 'id:password'.</msg>
<status status="PASS" starttime="20210321 13:57:57.073" endtime="20210321 13:57:57.395"></status>
</kw>
<status status="PASS" starttime="20210321 13:57:57.072" endtime="20210321 13:57:57.395"></status>
</kw>
<kw name="Login button" library="loginsl">
<kw name="Click Button" library="SeleniumLibrary">
<doc>Clicks button identified by ``locator``.</doc>
<arguments>
<arg>id:login-button</arg>
</arguments>
<msg timestamp="20210321 13:57:57.397" level="INFO">Clicking button 'id:login-button'.</msg>
<status status="PASS" starttime="20210321 13:57:57.396" endtime="20210321 13:57:57.732"></status>
</kw>
<kw name="Title Should Be" library="SeleniumLibrary">
<doc>Verifies that current page title equals ``title``.</doc>
<arguments>
<arg>Swag Labs</arg>
</arguments>
<msg timestamp="20210321 13:57:57.770" level="INFO">Page title is 'Swag Labs'.</msg>
<status status="PASS" starttime="20210321 13:57:57.732" endtime="20210321 13:57:57.770"></status>
</kw>
<kw name="Log To Console" library="BuiltIn">
<doc>Logs the given message to the console.</doc>
<arguments>
<arg>get title</arg>
</arguments>
<status status="PASS" starttime="20210321 13:57:57.771" endtime="20210321 13:57:57.772"></status>
</kw>
<kw name="Capture Page Screenshot" library="SeleniumLibrary">
<doc>Takes screenshot of the current page and embeds it into log file.</doc>
<msg timestamp="20210321 13:57:58.921" level="INFO" html="yes">&lt;/td&gt;&lt;/tr&gt;&lt;tr&gt;&lt;td colspan="3"&gt;&lt;a href="selenium-screenshot-1.png"&gt;&lt;img src="selenium-screenshot-1.png" width="800px"&gt;&lt;/a&gt;</msg>
<status status="PASS" starttime="20210321 13:57:57.772" endtime="20210321 13:57:58.921"></status>
</kw>
<kw name="Sleep" library="BuiltIn">
<doc>Pauses the test executed for the given time.</doc>
<arguments>
<arg>5s</arg>
</arguments>
<msg timestamp="20210321 13:58:03.923" level="INFO">Slept 5 seconds</msg>
<status status="PASS" starttime="20210321 13:57:58.922" endtime="20210321 13:58:03.923"></status>
</kw>
<status status="PASS" starttime="20210321 13:57:57.395" endtime="20210321 13:58:03.924"></status>
</kw>
<kw name="Get Element Count" library="SeleniumLibrary">
<doc>Returns number of elements matching ``locator``.</doc>
<arguments>
<arg>id:inventory_container</arg>
</arguments>
<assign>
<var>${name_in_page}</var>
</assign>
<msg timestamp="20210321 13:58:03.964" level="INFO">${name_in_page} = 2</msg>
<status status="PASS" starttime="20210321 13:58:03.924" endtime="20210321 13:58:03.964"></status>
</kw>
<kw name="Run Keyword If" library="BuiltIn">
<doc>Runs the given keyword with the given arguments, if ``condition`` is true.</doc>
<arguments>
<arg>${name_in_page} &gt; 0</arg>
<arg>Keyword1</arg>
<arg>ELSE</arg>
<arg>Keyword2</arg>
</arguments>
<kw name="keyword1">
<kw name="DropDown" library="loginsl">
<kw name="Select From List By Index" library="SeleniumLibrary">
<doc>Selects options from selection list ``locator`` by ``indexes``.</doc>
<arguments>
<arg>xpath://*[@id="inventory_filter_container"]/select</arg>
<arg>3</arg>
</arguments>
<msg timestamp="20210321 13:58:03.968" level="INFO">Selecting options from selection list 'xpath://*[@id="inventory_filter_container"]/select' by index 3.</msg>
<status status="PASS" starttime="20210321 13:58:03.967" endtime="20210321 13:58:04.525"></status>
</kw>
<kw name="Sleep" library="BuiltIn">
<doc>Pauses the test executed for the given time.</doc>
<arguments>
<arg>2s</arg>
</arguments>
<msg timestamp="20210321 13:58:06.527" level="INFO">Slept 2 seconds</msg>
<status status="PASS" starttime="20210321 13:58:04.526" endtime="20210321 13:58:06.528"></status>
</kw>
<status status="PASS" starttime="20210321 13:58:03.966" endtime="20210321 13:58:06.529"></status>
</kw>
<kw name="Logout" library="loginsl">
<kw name="Click Element" library="SeleniumLibrary">
<doc>Click element identified by ``locator``.</doc>
<arguments>
<arg>id:react-burger-menu-btn</arg>
</arguments>
<msg timestamp="20210321 13:58:06.533" level="INFO">Clicking element 'id:react-burger-menu-btn'.</msg>
<status status="PASS" starttime="20210321 13:58:06.531" endtime="20210321 13:58:07.046"></status>
</kw>
<kw name="Sleep" library="BuiltIn">
<doc>Pauses the test executed for the given time.</doc>
<arguments>
<arg>2s</arg>
</arguments>
<msg timestamp="20210321 13:58:09.048" level="INFO">Slept 2 seconds</msg>
<status status="PASS" starttime="20210321 13:58:07.046" endtime="20210321 13:58:09.048"></status>
</kw>
<kw name="Click Element" library="SeleniumLibrary">
<doc>Click element identified by ``locator``.</doc>
<arguments>
<arg>id:logout_sidebar_link</arg>
</arguments>
<msg timestamp="20210321 13:58:09.049" level="INFO">Clicking element 'id:logout_sidebar_link'.</msg>
<status status="PASS" starttime="20210321 13:58:09.049" endtime="20210321 13:58:09.290"></status>
</kw>
<kw name="Capture Page Screenshot" library="SeleniumLibrary">
<doc>Takes screenshot of the current page and embeds it into log file.</doc>
<msg timestamp="20210321 13:58:09.952" level="INFO" html="yes">&lt;/td&gt;&lt;/tr&gt;&lt;tr&gt;&lt;td colspan="3"&gt;&lt;a href="selenium-screenshot-2.png"&gt;&lt;img src="selenium-screenshot-2.png" width="800px"&gt;&lt;/a&gt;</msg>
<status status="PASS" starttime="20210321 13:58:09.291" endtime="20210321 13:58:09.952"></status>
</kw>
<status status="PASS" starttime="20210321 13:58:06.529" endtime="20210321 13:58:09.953"></status>
</kw>
<kw name="end" library="loginsl">
<kw name="Close Browser" library="SeleniumLibrary">
<doc>Closes the current browser.</doc>
<status status="PASS" starttime="20210321 13:58:09.954" endtime="20210321 13:58:15.466"></status>
</kw>
<status status="PASS" starttime="20210321 13:58:09.953" endtime="20210321 13:58:15.467"></status>
</kw>
<status status="PASS" starttime="20210321 13:58:03.966" endtime="20210321 13:58:15.467"></status>
</kw>
<status status="PASS" starttime="20210321 13:58:03.965" endtime="20210321 13:58:15.467"></status>
</kw>
<status status="PASS" starttime="20210321 13:57:53.824" endtime="20210321 13:58:15.467"></status>
</kw>
<status status="PASS" starttime="20210321 13:57:53.823" endtime="20210321 13:58:15.468" critical="yes"></status>
</test>
<test id="s1-s1-t2" name="SauceDemo">
<kw name="Test">
<arguments>
<arg>https://www.saucedemo.com/</arg>
<arg>ff</arg>
<arg>kavi123</arg>
<arg>hsbdcgvbd</arg>
</arguments>
<kw name="LaunchBrowser" library="loginsl">
<arguments>
<arg>${link}</arg>
<arg>${browser}</arg>
</arguments>
<kw name="Open Browser" library="SeleniumLibrary">
<doc>Opens a new browser instance to the given ``url``.</doc>
<arguments>
<arg>${link}</arg>
<arg>${browser}</arg>
</arguments>
<msg timestamp="20210321 13:58:15.474" level="INFO">Opening browser 'ff' to base url 'https://www.saucedemo.com/'.</msg>
<status status="PASS" starttime="20210321 13:58:15.473" endtime="20210321 13:58:27.126"></status>
</kw>
<status status="PASS" starttime="20210321 13:58:15.472" endtime="20210321 13:58:27.127"></status>
</kw>
<kw name="username" library="loginsl">
<arguments>
<arg>${username}</arg>
</arguments>
<kw name="Input Text" library="SeleniumLibrary">
<doc>Types the given ``text`` into text field identified by ``locator``.</doc>
<arguments>
<arg>id:user-name</arg>
<arg>${username}</arg>
</arguments>
<msg timestamp="20210321 13:58:27.132" level="INFO">Typing text 'kavi123' into text field 'id:user-name'.</msg>
<status status="PASS" starttime="20210321 13:58:27.130" endtime="20210321 13:58:27.501"></status>
</kw>
<status status="PASS" starttime="20210321 13:58:27.128" endtime="20210321 13:58:27.502"></status>
</kw>
<kw name="password" library="loginsl">
<arguments>
<arg>${password}</arg>
</arguments>
<kw name="Input Password" library="SeleniumLibrary">
<doc>Types the given password into text field identified by ``locator``.</doc>
<arguments>
<arg>id:password</arg>
<arg>${password}</arg>
</arguments>
<msg timestamp="20210321 13:58:27.507" level="INFO">Typing password into text field 'id:password'.</msg>
<status status="PASS" starttime="20210321 13:58:27.506" endtime="20210321 13:58:27.666"></status>
</kw>
<status status="PASS" starttime="20210321 13:58:27.503" endtime="20210321 13:58:27.668"></status>
</kw>
<kw name="Login button" library="loginsl">
<kw name="Click Button" library="SeleniumLibrary">
<doc>Clicks button identified by ``locator``.</doc>
<arguments>
<arg>id:login-button</arg>
</arguments>
<msg timestamp="20210321 13:58:27.672" level="INFO">Clicking button 'id:login-button'.</msg>
<status status="PASS" starttime="20210321 13:58:27.670" endtime="20210321 13:58:28.040"></status>
</kw>
<kw name="Title Should Be" library="SeleniumLibrary">
<doc>Verifies that current page title equals ``title``.</doc>
<arguments>
<arg>Swag Labs</arg>
</arguments>
<msg timestamp="20210321 13:58:28.061" level="INFO">Page title is 'Swag Labs'.</msg>
<status status="PASS" starttime="20210321 13:58:28.040" endtime="20210321 13:58:28.061"></status>
</kw>
<kw name="Log To Console" library="BuiltIn">
<doc>Logs the given message to the console.</doc>
<arguments>
<arg>get title</arg>
</arguments>
<status status="PASS" starttime="20210321 13:58:28.062" endtime="20210321 13:58:28.063"></status>
</kw>
<kw name="Capture Page Screenshot" library="SeleniumLibrary">
<doc>Takes screenshot of the current page and embeds it into log file.</doc>
<msg timestamp="20210321 13:58:28.431" level="INFO" html="yes">&lt;/td&gt;&lt;/tr&gt;&lt;tr&gt;&lt;td colspan="3"&gt;&lt;a href="selenium-screenshot-3.png"&gt;&lt;img src="selenium-screenshot-3.png" width="800px"&gt;&lt;/a&gt;</msg>
<status status="PASS" starttime="20210321 13:58:28.064" endtime="20210321 13:58:28.431"></status>
</kw>
<kw name="Sleep" library="BuiltIn">
<doc>Pauses the test executed for the given time.</doc>
<arguments>
<arg>5s</arg>
</arguments>
<msg timestamp="20210321 13:58:33.434" level="INFO">Slept 5 seconds</msg>
<status status="PASS" starttime="20210321 13:58:28.432" endtime="20210321 13:58:33.435"></status>
</kw>
<status status="PASS" starttime="20210321 13:58:27.668" endtime="20210321 13:58:33.436"></status>
</kw>
<kw name="Get Element Count" library="SeleniumLibrary">
<doc>Returns number of elements matching ``locator``.</doc>
<arguments>
<arg>id:inventory_container</arg>
</arguments>
<assign>
<var>${name_in_page}</var>
</assign>
<msg timestamp="20210321 13:58:33.502" level="INFO">${name_in_page} = 0</msg>
<status status="PASS" starttime="20210321 13:58:33.436" endtime="20210321 13:58:33.502"></status>
</kw>
<kw name="Run Keyword If" library="BuiltIn">
<doc>Runs the given keyword with the given arguments, if ``condition`` is true.</doc>
<arguments>
<arg>${name_in_page} &gt; 0</arg>
<arg>Keyword1</arg>
<arg>ELSE</arg>
<arg>Keyword2</arg>
</arguments>
<kw name="keyword2">
<kw name="Log To Console" library="BuiltIn">
<doc>Logs the given message to the console.</doc>
<arguments>
<arg>Invalid</arg>
</arguments>
<status status="PASS" starttime="20210321 13:58:33.507" endtime="20210321 13:58:33.508"></status>
</kw>
<kw name="end" library="loginsl">
<kw name="Close Browser" library="SeleniumLibrary">
<doc>Closes the current browser.</doc>
<status status="PASS" starttime="20210321 13:58:33.511" endtime="20210321 13:58:37.810"></status>
</kw>
<status status="PASS" starttime="20210321 13:58:33.509" endtime="20210321 13:58:37.811"></status>
</kw>
<status status="PASS" starttime="20210321 13:58:33.505" endtime="20210321 13:58:37.812"></status>
</kw>
<status status="PASS" starttime="20210321 13:58:33.503" endtime="20210321 13:58:37.812"></status>
</kw>
<status status="PASS" starttime="20210321 13:58:15.471" endtime="20210321 13:58:37.812"></status>
</kw>
<status status="PASS" starttime="20210321 13:58:15.470" endtime="20210321 13:58:37.813" critical="yes"></status>
</test>
<status status="PASS" starttime="20210321 13:57:51.653" endtime="20210321 13:58:37.815"></status>
</suite>
<status status="PASS" starttime="20210321 13:57:51.584" endtime="20210321 13:58:37.822"></status>
</suite>
<statistics>
<total>
<stat pass="2" fail="0">Critical Tests</stat>
<stat pass="2" fail="0">All Tests</stat>
</total>
<tag>
</tag>
<suite>
<stat pass="2" fail="0" id="s1" name="Suites">Suites</stat>
<stat pass="2" fail="0" id="s1-s1" name="Saucerun">Suites.Saucerun</stat>
</suite>
</statistics>
<errors>
<msg timestamp="20210321 13:58:15.470" level="WARN">Multiple test cases with name 'SauceDemo' executed in test suite 'Suites.Saucerun'.</msg>
</errors>
</robot>
