<?xml version="1.0" encoding="UTF-8"?>
<robot generator="Robot 3.2.2 (Python 3.9.2 on win32)" generated="20210324 16:18:11.446" rpa="false">
<suite id="s1" name="Suites">
<suite id="s1-s1" name="Saucerun" source="C:\Users\kavib\Pythonpro\Demo\runners\saucerun.robot">
<test id="s1-s1-t1" name="SauceDemo">
<kw name="Test">
<arguments>
<arg>https://www.saucedemo.com/</arg>
<arg>ff</arg>
<arg>standard_user</arg>
<arg>secret_sauce</arg>
</arguments>
<kw name="LaunchBrowser" library="loginsl">
<arguments>
<arg>${link}</arg>
<arg>${browser}</arg>
</arguments>
<kw name="Open Browser" library="SeleniumLibrary">
<doc>Opens a new browser instance to the given ``url``.</doc>
<arguments>
<arg>${link}</arg>
<arg>${browser}</arg>
</arguments>
<msg timestamp="20210324 16:18:13.519" level="INFO">Opening browser 'ff' to base url 'https://www.saucedemo.com/'.</msg>
<status status="PASS" starttime="20210324 16:18:13.519" endtime="20210324 16:18:25.934"></status>
</kw>
<kw name="Maximize Browser Window" library="SeleniumLibrary">
<doc>Maximizes current browser window.</doc>
<status status="PASS" starttime="20210324 16:18:25.935" endtime="20210324 16:18:25.970"></status>
</kw>
<status status="PASS" starttime="20210324 16:18:13.518" endtime="20210324 16:18:25.971"></status>
</kw>
<kw name="username" library="loginsl">
<arguments>
<arg>${username}</arg>
</arguments>
<kw name="Input Text" library="SeleniumLibrary">
<doc>Types the given ``text`` into text field identified by ``locator``.</doc>
<arguments>
<arg>${usernameoption}</arg>
<arg>${username}</arg>
</arguments>
<msg timestamp="20210324 16:18:25.974" level="INFO">Typing text 'standard_user' into text field 'id:user-name'.</msg>
<status status="PASS" starttime="20210324 16:18:25.973" endtime="20210324 16:18:26.128"></status>
</kw>
<status status="PASS" starttime="20210324 16:18:25.971" endtime="20210324 16:18:26.129"></status>
</kw>
<kw name="password" library="loginsl">
<arguments>
<arg>${password}</arg>
</arguments>
<kw name="Input Password" library="SeleniumLibrary">
<doc>Types the given password into text field identified by ``locator``.</doc>
<arguments>
<arg>${passwordoption}</arg>
<arg>${password}</arg>
</arguments>
<msg timestamp="20210324 16:18:26.131" level="INFO">Typing password into text field 'id:password'.</msg>
<status status="PASS" starttime="20210324 16:18:26.130" endtime="20210324 16:18:26.202"></status>
</kw>
<status status="PASS" starttime="20210324 16:18:26.129" endtime="20210324 16:18:26.203"></status>
</kw>
<kw name="Login button" library="loginsl">
<kw name="Click Button" library="SeleniumLibrary">
<doc>Clicks button identified by ``locator``.</doc>
<arguments>
<arg>${subbtn}</arg>
</arguments>
<msg timestamp="20210324 16:18:26.205" level="INFO">Clicking button 'id:login-button'.</msg>
<status status="PASS" starttime="20210324 16:18:26.204" endtime="20210324 16:18:26.562"></status>
</kw>
<kw name="Title Should Be" library="SeleniumLibrary">
<doc>Verifies that current page title equals ``title``.</doc>
<arguments>
<arg>Swag Labs</arg>
</arguments>
<msg timestamp="20210324 16:18:26.569" level="INFO">Page title is 'Swag Labs'.</msg>
<status status="PASS" starttime="20210324 16:18:26.562" endtime="20210324 16:18:26.570"></status>
</kw>
<kw name="Log To Console" library="BuiltIn">
<doc>Logs the given message to the console.</doc>
<arguments>
<arg>get title</arg>
</arguments>
<status status="PASS" starttime="20210324 16:18:26.571" endtime="20210324 16:18:26.572"></status>
</kw>
<kw name="Capture Page Screenshot" library="SeleniumLibrary">
<doc>Takes screenshot of the current page and embeds it into log file.</doc>
<msg timestamp="20210324 16:18:26.825" level="INFO" html="yes">&lt;/td&gt;&lt;/tr&gt;&lt;tr&gt;&lt;td colspan="3"&gt;&lt;a href="selenium-screenshot-1.png"&gt;&lt;img src="selenium-screenshot-1.png" width="800px"&gt;&lt;/a&gt;</msg>
<status status="PASS" starttime="20210324 16:18:26.572" endtime="20210324 16:18:26.825"></status>
</kw>
<kw name="Sleep" library="BuiltIn">
<doc>Pauses the test executed for the given time.</doc>
<arguments>
<arg>5s</arg>
</arguments>
<msg timestamp="20210324 16:18:31.828" level="INFO">Slept 5 seconds</msg>
<status status="PASS" starttime="20210324 16:18:26.826" endtime="20210324 16:18:31.828"></status>
</kw>
<status status="PASS" starttime="20210324 16:18:26.203" endtime="20210324 16:18:31.829"></status>
</kw>
<kw name="Get Element Count" library="SeleniumLibrary">
<doc>Returns number of elements matching ``locator``.</doc>
<arguments>
<arg>id:inventory_container</arg>
</arguments>
<assign>
<var>${name_in_page}</var>
</assign>
<msg timestamp="20210324 16:18:31.847" level="INFO">${name_in_page} = 2</msg>
<status status="PASS" starttime="20210324 16:18:31.829" endtime="20210324 16:18:31.847"></status>
</kw>
<kw name="Run Keyword If" library="BuiltIn">
<doc>Runs the given keyword with the given arguments, if ``condition`` is true.</doc>
<arguments>
<arg>${name_in_page} &gt; 0</arg>
<arg>Keyword1</arg>
<arg>ELSE</arg>
<arg>Keyword2</arg>
</arguments>
<kw name="keyword1">
<kw name="DropDown" library="loginsl">
<kw name="Select From List By Index" library="SeleniumLibrary">
<doc>Selects options from selection list ``locator`` by ``indexes``.</doc>
<arguments>
<arg>${dropdwn}</arg>
<arg>3</arg>
</arguments>
<msg timestamp="20210324 16:18:31.854" level="INFO">Selecting options from selection list 'xpath://*[@id='inventory_filter_container']/select' by index 3.</msg>
<status status="PASS" starttime="20210324 16:18:31.853" endtime="20210324 16:18:32.269"></status>
</kw>
<kw name="Sleep" library="BuiltIn">
<doc>Pauses the test executed for the given time.</doc>
<arguments>
<arg>2s</arg>
</arguments>
<msg timestamp="20210324 16:18:34.271" level="INFO">Slept 2 seconds</msg>
<status status="PASS" starttime="20210324 16:18:32.270" endtime="20210324 16:18:34.271"></status>
</kw>
<status status="PASS" starttime="20210324 16:18:31.851" endtime="20210324 16:18:34.272"></status>
</kw>
<kw name="Logout" library="loginsl">
<kw name="Click Element" library="SeleniumLibrary">
<doc>Click element identified by ``locator``.</doc>
<arguments>
<arg>${logoutstep1}</arg>
</arguments>
<msg timestamp="20210324 16:18:34.274" level="INFO">Clicking element 'id:react-burger-menu-btn'.</msg>
<status status="PASS" starttime="20210324 16:18:34.273" endtime="20210324 16:18:34.553"></status>
</kw>
<kw name="Sleep" library="BuiltIn">
<doc>Pauses the test executed for the given time.</doc>
<arguments>
<arg>2s</arg>
</arguments>
<msg timestamp="20210324 16:18:36.556" level="INFO">Slept 2 seconds</msg>
<status status="PASS" starttime="20210324 16:18:34.553" endtime="20210324 16:18:36.556"></status>
</kw>
<kw name="Click Element" library="SeleniumLibrary">
<doc>Click element identified by ``locator``.</doc>
<arguments>
<arg>${logoutstep2}</arg>
</arguments>
<msg timestamp="20210324 16:18:36.558" level="INFO">Clicking element 'id:logout_sidebar_link'.</msg>
<status status="PASS" starttime="20210324 16:18:36.557" endtime="20210324 16:18:36.837"></status>
</kw>
<kw name="Capture Page Screenshot" library="SeleniumLibrary">
<doc>Takes screenshot of the current page and embeds it into log file.</doc>
<msg timestamp="20210324 16:18:36.958" level="INFO" html="yes">&lt;/td&gt;&lt;/tr&gt;&lt;tr&gt;&lt;td colspan="3"&gt;&lt;a href="selenium-screenshot-2.png"&gt;&lt;img src="selenium-screenshot-2.png" width="800px"&gt;&lt;/a&gt;</msg>
<status status="PASS" starttime="20210324 16:18:36.838" endtime="20210324 16:18:36.958"></status>
</kw>
<status status="PASS" starttime="20210324 16:18:34.272" endtime="20210324 16:18:36.958"></status>
</kw>
<kw name="end" library="loginsl">
<kw name="Close Browser" library="SeleniumLibrary">
<doc>Closes the current browser.</doc>
<status status="PASS" starttime="20210324 16:18:36.960" endtime="20210324 16:18:38.231"></status>
</kw>
<status status="PASS" starttime="20210324 16:18:36.959" endtime="20210324 16:18:38.231"></status>
</kw>
<status status="PASS" starttime="20210324 16:18:31.850" endtime="20210324 16:18:38.232"></status>
</kw>
<status status="PASS" starttime="20210324 16:18:31.848" endtime="20210324 16:18:38.232"></status>
</kw>
<status status="PASS" starttime="20210324 16:18:13.517" endtime="20210324 16:18:38.232"></status>
</kw>
<status status="PASS" starttime="20210324 16:18:13.516" endtime="20210324 16:18:38.233" critical="yes"></status>
</test>
<test id="s1-s1-t2" name="SauceDemo">
<kw name="Test">
<arguments>
<arg>https://www.saucedemo.com/</arg>
<arg>chrome</arg>
<arg>kavi123</arg>
<arg>hsbdcgvbd</arg>
</arguments>
<kw name="LaunchBrowser" library="loginsl">
<arguments>
<arg>${link}</arg>
<arg>${browser}</arg>
</arguments>
<kw name="Open Browser" library="SeleniumLibrary">
<doc>Opens a new browser instance to the given ``url``.</doc>
<arguments>
<arg>${link}</arg>
<arg>${browser}</arg>
</arguments>
<msg timestamp="20210324 16:18:38.238" level="INFO">Opening browser 'chrome' to base url 'https://www.saucedemo.com/'.</msg>
<status status="PASS" starttime="20210324 16:18:38.238" endtime="20210324 16:18:51.952"></status>
</kw>
<kw name="Maximize Browser Window" library="SeleniumLibrary">
<doc>Maximizes current browser window.</doc>
<status status="PASS" starttime="20210324 16:18:51.953" endtime="20210324 16:18:52.099"></status>
</kw>
<status status="PASS" starttime="20210324 16:18:38.237" endtime="20210324 16:18:52.099"></status>
</kw>
<kw name="username" library="loginsl">
<arguments>
<arg>${username}</arg>
</arguments>
<kw name="Input Text" library="SeleniumLibrary">
<doc>Types the given ``text`` into text field identified by ``locator``.</doc>
<arguments>
<arg>${usernameoption}</arg>
<arg>${username}</arg>
</arguments>
<msg timestamp="20210324 16:18:52.101" level="INFO">Typing text 'kavi123' into text field 'id:user-name'.</msg>
<status status="PASS" starttime="20210324 16:18:52.101" endtime="20210324 16:18:52.343"></status>
</kw>
<status status="PASS" starttime="20210324 16:18:52.100" endtime="20210324 16:18:52.344"></status>
</kw>
<kw name="password" library="loginsl">
<arguments>
<arg>${password}</arg>
</arguments>
<kw name="Input Password" library="SeleniumLibrary">
<doc>Types the given password into text field identified by ``locator``.</doc>
<arguments>
<arg>${passwordoption}</arg>
<arg>${password}</arg>
</arguments>
<msg timestamp="20210324 16:18:52.346" level="INFO">Typing password into text field 'id:password'.</msg>
<status status="PASS" starttime="20210324 16:18:52.345" endtime="20210324 16:18:52.566"></status>
</kw>
<status status="PASS" starttime="20210324 16:18:52.344" endtime="20210324 16:18:52.567"></status>
</kw>
<kw name="Login button" library="loginsl">
<kw name="Click Button" library="SeleniumLibrary">
<doc>Clicks button identified by ``locator``.</doc>
<arguments>
<arg>${subbtn}</arg>
</arguments>
<msg timestamp="20210324 16:18:52.568" level="INFO">Clicking button 'id:login-button'.</msg>
<status status="PASS" starttime="20210324 16:18:52.568" endtime="20210324 16:18:52.721"></status>
</kw>
<kw name="Title Should Be" library="SeleniumLibrary">
<doc>Verifies that current page title equals ``title``.</doc>
<arguments>
<arg>Swag Labs</arg>
</arguments>
<msg timestamp="20210324 16:18:52.734" level="INFO">Page title is 'Swag Labs'.</msg>
<status status="PASS" starttime="20210324 16:18:52.721" endtime="20210324 16:18:52.734"></status>
</kw>
<kw name="Log To Console" library="BuiltIn">
<doc>Logs the given message to the console.</doc>
<arguments>
<arg>get title</arg>
</arguments>
<status status="PASS" starttime="20210324 16:18:52.734" endtime="20210324 16:18:52.735"></status>
</kw>
<kw name="Capture Page Screenshot" library="SeleniumLibrary">
<doc>Takes screenshot of the current page and embeds it into log file.</doc>
<msg timestamp="20210324 16:18:53.198" level="INFO" html="yes">&lt;/td&gt;&lt;/tr&gt;&lt;tr&gt;&lt;td colspan="3"&gt;&lt;a href="selenium-screenshot-3.png"&gt;&lt;img src="selenium-screenshot-3.png" width="800px"&gt;&lt;/a&gt;</msg>
<status status="PASS" starttime="20210324 16:18:52.735" endtime="20210324 16:18:53.198"></status>
</kw>
<kw name="Sleep" library="BuiltIn">
<doc>Pauses the test executed for the given time.</doc>
<arguments>
<arg>5s</arg>
</arguments>
<msg timestamp="20210324 16:18:58.201" level="INFO">Slept 5 seconds</msg>
<status status="PASS" starttime="20210324 16:18:53.198" endtime="20210324 16:18:58.201"></status>
</kw>
<status status="PASS" starttime="20210324 16:18:52.567" endtime="20210324 16:18:58.202"></status>
</kw>
<kw name="Get Element Count" library="SeleniumLibrary">
<doc>Returns number of elements matching ``locator``.</doc>
<arguments>
<arg>id:inventory_container</arg>
</arguments>
<assign>
<var>${name_in_page}</var>
</assign>
<msg timestamp="20210324 16:18:58.248" level="INFO">${name_in_page} = 0</msg>
<status status="PASS" starttime="20210324 16:18:58.202" endtime="20210324 16:18:58.248"></status>
</kw>
<kw name="Run Keyword If" library="BuiltIn">
<doc>Runs the given keyword with the given arguments, if ``condition`` is true.</doc>
<arguments>
<arg>${name_in_page} &gt; 0</arg>
<arg>Keyword1</arg>
<arg>ELSE</arg>
<arg>Keyword2</arg>
</arguments>
<kw name="keyword2">
<kw name="Log To Console" library="BuiltIn">
<doc>Logs the given message to the console.</doc>
<arguments>
<arg>Invalid</arg>
</arguments>
<status status="PASS" starttime="20210324 16:18:58.249" endtime="20210324 16:18:58.250"></status>
</kw>
<kw name="end" library="loginsl">
<kw name="Close Browser" library="SeleniumLibrary">
<doc>Closes the current browser.</doc>
<status status="PASS" starttime="20210324 16:18:58.250" endtime="20210324 16:19:00.540"></status>
</kw>
<status status="PASS" starttime="20210324 16:18:58.250" endtime="20210324 16:19:00.541"></status>
</kw>
<status status="PASS" starttime="20210324 16:18:58.249" endtime="20210324 16:19:00.541"></status>
</kw>
<status status="PASS" starttime="20210324 16:18:58.248" endtime="20210324 16:19:00.541"></status>
</kw>
<status status="PASS" starttime="20210324 16:18:38.236" endtime="20210324 16:19:00.541"></status>
</kw>
<status status="PASS" starttime="20210324 16:18:38.234" endtime="20210324 16:19:00.542" critical="yes"></status>
</test>
<status status="PASS" starttime="20210324 16:18:11.521" endtime="20210324 16:19:00.543"></status>
</suite>
<status status="PASS" starttime="20210324 16:18:11.451" endtime="20210324 16:19:00.548"></status>
</suite>
<statistics>
<total>
<stat pass="2" fail="0">Critical Tests</stat>
<stat pass="2" fail="0">All Tests</stat>
</total>
<tag>
</tag>
<suite>
<stat pass="2" fail="0" id="s1" name="Suites">Suites</stat>
<stat pass="2" fail="0" id="s1-s1" name="Saucerun">Suites.Saucerun</stat>
</suite>
</statistics>
<errors>
<msg timestamp="20210324 16:18:38.234" level="WARN">Multiple test cases with name 'SauceDemo' executed in test suite 'Suites.Saucerun'.</msg>
</errors>
</robot>
