<?xml version="1.0" encoding="UTF-8"?>
<robot generator="Robot 3.2.2 (Python 3.9.2 on win32)" generated="20210317 22:13:07.065" rpa="false">
<suite id="s1" name="Saucerun" source="C:\Users\kavib\Pythonpro\Demo\runners\saucerun.robot">
<test id="s1-t1" name="SauceDemo">
<kw name="Test">
<arguments>
<arg>standard_user</arg>
<arg>secret_sauce</arg>
</arguments>
<kw name="LaunchBrowser" library="loginsl">
<kw name="Open Browser" library="SeleniumLibrary">
<doc>Opens a new browser instance to the given ``url``.</doc>
<arguments>
<arg>https://www.saucedemo.com/</arg>
<arg>chrome</arg>
</arguments>
<msg timestamp="20210317 22:13:10.097" level="INFO">Opening browser 'chrome' to base url 'https://www.saucedemo.com/'.</msg>
<status status="PASS" starttime="20210317 22:13:10.097" endtime="20210317 22:13:13.789"></status>
</kw>
<kw name="Maximize Browser Window" library="SeleniumLibrary">
<doc>Maximizes current browser window.</doc>
<status status="PASS" starttime="20210317 22:13:13.789" endtime="20210317 22:13:13.945"></status>
</kw>
<status status="PASS" starttime="20210317 22:13:10.096" endtime="20210317 22:13:13.946"></status>
</kw>
<kw name="username" library="loginsl">
<arguments>
<arg>${username}</arg>
</arguments>
<kw name="Input Text" library="SeleniumLibrary">
<doc>Types the given ``text`` into text field identified by ``locator``.</doc>
<arguments>
<arg>id:user-name</arg>
<arg>${username}</arg>
</arguments>
<msg timestamp="20210317 22:13:13.949" level="INFO">Typing text 'standard_user' into text field 'id:user-name'.</msg>
<status status="PASS" starttime="20210317 22:13:13.948" endtime="20210317 22:13:14.390"></status>
</kw>
<status status="PASS" starttime="20210317 22:13:13.946" endtime="20210317 22:13:14.390"></status>
</kw>
<kw name="password" library="loginsl">
<arguments>
<arg>${password}</arg>
</arguments>
<kw name="Input Password" library="SeleniumLibrary">
<doc>Types the given password into text field identified by ``locator``.</doc>
<arguments>
<arg>id:password</arg>
<arg>${password}</arg>
</arguments>
<msg timestamp="20210317 22:13:14.393" level="INFO">Typing password into text field 'id:password'.</msg>
<status status="PASS" starttime="20210317 22:13:14.392" endtime="20210317 22:13:14.723"></status>
</kw>
<status status="PASS" starttime="20210317 22:13:14.391" endtime="20210317 22:13:14.723"></status>
</kw>
<kw name="Login button" library="loginsl">
<kw name="Click Button" library="SeleniumLibrary">
<doc>Clicks button identified by ``locator``.</doc>
<arguments>
<arg>id:login-button</arg>
</arguments>
<msg timestamp="20210317 22:13:14.725" level="INFO">Clicking button 'id:login-button'.</msg>
<status status="PASS" starttime="20210317 22:13:14.725" endtime="20210317 22:13:15.143"></status>
</kw>
<kw name="Title Should Be" library="SeleniumLibrary">
<doc>Verifies that current page title equals ``title``.</doc>
<arguments>
<arg>Swag Labs</arg>
</arguments>
<msg timestamp="20210317 22:13:15.173" level="INFO">Page title is 'Swag Labs'.</msg>
<status status="PASS" starttime="20210317 22:13:15.144" endtime="20210317 22:13:15.174"></status>
</kw>
<kw name="Log To Console" library="BuiltIn">
<doc>Logs the given message to the console.</doc>
<arguments>
<arg>get title</arg>
</arguments>
<status status="PASS" starttime="20210317 22:13:15.174" endtime="20210317 22:13:15.177"></status>
</kw>
<kw name="Capture Page Screenshot" library="SeleniumLibrary">
<doc>Takes screenshot of the current page and embeds it into log file.</doc>
<msg timestamp="20210317 22:13:16.213" level="INFO" html="yes">&lt;/td&gt;&lt;/tr&gt;&lt;tr&gt;&lt;td colspan="3"&gt;&lt;a href="selenium-screenshot-1.png"&gt;&lt;img src="selenium-screenshot-1.png" width="800px"&gt;&lt;/a&gt;</msg>
<status status="PASS" starttime="20210317 22:13:15.178" endtime="20210317 22:13:16.213"></status>
</kw>
<kw name="Sleep" library="BuiltIn">
<doc>Pauses the test executed for the given time.</doc>
<arguments>
<arg>5s</arg>
</arguments>
<msg timestamp="20210317 22:13:21.215" level="INFO">Slept 5 seconds</msg>
<status status="PASS" starttime="20210317 22:13:16.214" endtime="20210317 22:13:21.215"></status>
</kw>
<status status="PASS" starttime="20210317 22:13:14.724" endtime="20210317 22:13:21.215"></status>
</kw>
<kw name="IfCondition" library="loginsl">
<kw name="Get Element Count" library="SeleniumLibrary">
<doc>Returns number of elements matching ``locator``.</doc>
<arguments>
<arg>id:inventory_container</arg>
</arguments>
<assign>
<var>${name_in_page}</var>
</assign>
<msg timestamp="20210317 22:13:21.244" level="INFO">${name_in_page} = 2</msg>
<status status="PASS" starttime="20210317 22:13:21.216" endtime="20210317 22:13:21.244"></status>
</kw>
<kw name="Run Keyword If" library="BuiltIn">
<doc>Runs the given keyword with the given arguments, if ``condition`` is true.</doc>
<arguments>
<arg>${name_in_page} &gt; 0</arg>
<arg>Keyword1</arg>
<arg>ELSE</arg>
<arg>Keyword2</arg>
</arguments>
<kw name="keyword1">
<kw name="DropDown" library="loginsl">
<kw name="Select From List By Index" library="SeleniumLibrary">
<doc>Selects options from selection list ``locator`` by ``indexes``.</doc>
<arguments>
<arg>xpath://*[@id="inventory_filter_container"]/select</arg>
<arg>3</arg>
</arguments>
<msg timestamp="20210317 22:13:21.248" level="INFO">Selecting options from selection list 'xpath://*[@id="inventory_filter_container"]/select' by index 3.</msg>
<status status="PASS" starttime="20210317 22:13:21.248" endtime="20210317 22:13:21.487"></status>
</kw>
<kw name="Sleep" library="BuiltIn">
<doc>Pauses the test executed for the given time.</doc>
<arguments>
<arg>2s</arg>
</arguments>
<msg timestamp="20210317 22:13:23.490" level="INFO">Slept 2 seconds</msg>
<status status="PASS" starttime="20210317 22:13:21.488" endtime="20210317 22:13:23.491"></status>
</kw>
<status status="PASS" starttime="20210317 22:13:21.247" endtime="20210317 22:13:23.492"></status>
</kw>
<kw name="Logout" library="loginsl">
<kw name="Click Element" library="SeleniumLibrary">
<doc>Click element identified by ``locator``.</doc>
<arguments>
<arg>id:react-burger-menu-btn</arg>
</arguments>
<msg timestamp="20210317 22:13:23.495" level="INFO">Clicking element 'id:react-burger-menu-btn'.</msg>
<status status="PASS" starttime="20210317 22:13:23.494" endtime="20210317 22:13:23.771"></status>
</kw>
<kw name="Sleep" library="BuiltIn">
<doc>Pauses the test executed for the given time.</doc>
<arguments>
<arg>2s</arg>
</arguments>
<msg timestamp="20210317 22:13:25.775" level="INFO">Slept 2 seconds</msg>
<status status="PASS" starttime="20210317 22:13:23.772" endtime="20210317 22:13:25.775"></status>
</kw>
<kw name="Click Element" library="SeleniumLibrary">
<doc>Click element identified by ``locator``.</doc>
<arguments>
<arg>id:logout_sidebar_link</arg>
</arguments>
<msg timestamp="20210317 22:13:25.777" level="INFO">Clicking element 'id:logout_sidebar_link'.</msg>
<status status="PASS" starttime="20210317 22:13:25.776" endtime="20210317 22:13:25.993"></status>
</kw>
<kw name="Sleep" library="BuiltIn">
<doc>Pauses the test executed for the given time.</doc>
<arguments>
<arg>2s</arg>
</arguments>
<msg timestamp="20210317 22:13:27.996" level="INFO">Slept 2 seconds</msg>
<status status="PASS" starttime="20210317 22:13:25.994" endtime="20210317 22:13:27.996"></status>
</kw>
<kw name="Capture Page Screenshot" library="SeleniumLibrary">
<doc>Takes screenshot of the current page and embeds it into log file.</doc>
<msg timestamp="20210317 22:13:28.437" level="INFO" html="yes">&lt;/td&gt;&lt;/tr&gt;&lt;tr&gt;&lt;td colspan="3"&gt;&lt;a href="selenium-screenshot-2.png"&gt;&lt;img src="selenium-screenshot-2.png" width="800px"&gt;&lt;/a&gt;</msg>
<status status="PASS" starttime="20210317 22:13:27.996" endtime="20210317 22:13:28.437"></status>
</kw>
<status status="PASS" starttime="20210317 22:13:23.492" endtime="20210317 22:13:28.438"></status>
</kw>
<kw name="end" library="loginsl">
<kw name="Close Browser" library="SeleniumLibrary">
<doc>Closes the current browser.</doc>
<status status="PASS" starttime="20210317 22:13:28.439" endtime="20210317 22:13:33.104"></status>
</kw>
<status status="PASS" starttime="20210317 22:13:28.438" endtime="20210317 22:13:33.105"></status>
</kw>
<status status="PASS" starttime="20210317 22:13:21.246" endtime="20210317 22:13:33.106"></status>
</kw>
<status status="PASS" starttime="20210317 22:13:21.245" endtime="20210317 22:13:33.106"></status>
</kw>
<status status="PASS" starttime="20210317 22:13:21.216" endtime="20210317 22:13:33.106"></status>
</kw>
<status status="PASS" starttime="20210317 22:13:10.096" endtime="20210317 22:13:33.107"></status>
</kw>
<status status="PASS" starttime="20210317 22:13:10.094" endtime="20210317 22:13:33.108" critical="yes"></status>
</test>
<test id="s1-t2" name="SauceDemo">
<kw name="Test">
<arguments>
<arg>kavi123</arg>
<arg>hsbdcgvbd</arg>
</arguments>
<kw name="LaunchBrowser" library="loginsl">
<kw name="Open Browser" library="SeleniumLibrary">
<doc>Opens a new browser instance to the given ``url``.</doc>
<arguments>
<arg>https://www.saucedemo.com/</arg>
<arg>chrome</arg>
</arguments>
<msg timestamp="20210317 22:13:33.117" level="INFO">Opening browser 'chrome' to base url 'https://www.saucedemo.com/'.</msg>
<status status="PASS" starttime="20210317 22:13:33.116" endtime="20210317 22:13:37.667"></status>
</kw>
<kw name="Maximize Browser Window" library="SeleniumLibrary">
<doc>Maximizes current browser window.</doc>
<status status="PASS" starttime="20210317 22:13:37.667" endtime="20210317 22:13:37.837"></status>
</kw>
<status status="PASS" starttime="20210317 22:13:33.115" endtime="20210317 22:13:37.839"></status>
</kw>
<kw name="username" library="loginsl">
<arguments>
<arg>${username}</arg>
</arguments>
<kw name="Input Text" library="SeleniumLibrary">
<doc>Types the given ``text`` into text field identified by ``locator``.</doc>
<arguments>
<arg>id:user-name</arg>
<arg>${username}</arg>
</arguments>
<msg timestamp="20210317 22:13:37.845" level="INFO">Typing text 'kavi123' into text field 'id:user-name'.</msg>
<status status="PASS" starttime="20210317 22:13:37.844" endtime="20210317 22:13:38.405"></status>
</kw>
<status status="PASS" starttime="20210317 22:13:37.840" endtime="20210317 22:13:38.407"></status>
</kw>
<kw name="password" library="loginsl">
<arguments>
<arg>${password}</arg>
</arguments>
<kw name="Input Password" library="SeleniumLibrary">
<doc>Types the given password into text field identified by ``locator``.</doc>
<arguments>
<arg>id:password</arg>
<arg>${password}</arg>
</arguments>
<msg timestamp="20210317 22:13:38.412" level="INFO">Typing password into text field 'id:password'.</msg>
<status status="PASS" starttime="20210317 22:13:38.411" endtime="20210317 22:13:38.921"></status>
</kw>
<status status="PASS" starttime="20210317 22:13:38.408" endtime="20210317 22:13:38.922"></status>
</kw>
<kw name="Login button" library="loginsl">
<kw name="Click Button" library="SeleniumLibrary">
<doc>Clicks button identified by ``locator``.</doc>
<arguments>
<arg>id:login-button</arg>
</arguments>
<msg timestamp="20210317 22:13:38.926" level="INFO">Clicking button 'id:login-button'.</msg>
<status status="PASS" starttime="20210317 22:13:38.925" endtime="20210317 22:13:39.263"></status>
</kw>
<kw name="Title Should Be" library="SeleniumLibrary">
<doc>Verifies that current page title equals ``title``.</doc>
<arguments>
<arg>Swag Labs</arg>
</arguments>
<msg timestamp="20210317 22:13:39.285" level="INFO">Page title is 'Swag Labs'.</msg>
<status status="PASS" starttime="20210317 22:13:39.264" endtime="20210317 22:13:39.285"></status>
</kw>
<kw name="Log To Console" library="BuiltIn">
<doc>Logs the given message to the console.</doc>
<arguments>
<arg>get title</arg>
</arguments>
<status status="PASS" starttime="20210317 22:13:39.286" endtime="20210317 22:13:39.288"></status>
</kw>
<kw name="Capture Page Screenshot" library="SeleniumLibrary">
<doc>Takes screenshot of the current page and embeds it into log file.</doc>
<msg timestamp="20210317 22:13:40.059" level="INFO" html="yes">&lt;/td&gt;&lt;/tr&gt;&lt;tr&gt;&lt;td colspan="3"&gt;&lt;a href="selenium-screenshot-3.png"&gt;&lt;img src="selenium-screenshot-3.png" width="800px"&gt;&lt;/a&gt;</msg>
<status status="PASS" starttime="20210317 22:13:39.288" endtime="20210317 22:13:40.060"></status>
</kw>
<kw name="Sleep" library="BuiltIn">
<doc>Pauses the test executed for the given time.</doc>
<arguments>
<arg>5s</arg>
</arguments>
<msg timestamp="20210317 22:13:45.061" level="INFO">Slept 5 seconds</msg>
<status status="PASS" starttime="20210317 22:13:40.060" endtime="20210317 22:13:45.061"></status>
</kw>
<status status="PASS" starttime="20210317 22:13:38.923" endtime="20210317 22:13:45.062"></status>
</kw>
<kw name="IfCondition" library="loginsl">
<kw name="Get Element Count" library="SeleniumLibrary">
<doc>Returns number of elements matching ``locator``.</doc>
<arguments>
<arg>id:inventory_container</arg>
</arguments>
<assign>
<var>${name_in_page}</var>
</assign>
<msg timestamp="20210317 22:13:45.086" level="INFO">${name_in_page} = 0</msg>
<status status="PASS" starttime="20210317 22:13:45.063" endtime="20210317 22:13:45.086"></status>
</kw>
<kw name="Run Keyword If" library="BuiltIn">
<doc>Runs the given keyword with the given arguments, if ``condition`` is true.</doc>
<arguments>
<arg>${name_in_page} &gt; 0</arg>
<arg>Keyword1</arg>
<arg>ELSE</arg>
<arg>Keyword2</arg>
</arguments>
<kw name="keyword2">
<kw name="Log To Console" library="BuiltIn">
<doc>Logs the given message to the console.</doc>
<arguments>
<arg>Invalid</arg>
</arguments>
<status status="PASS" starttime="20210317 22:13:45.087" endtime="20210317 22:13:45.088"></status>
</kw>
<kw name="end" library="loginsl">
<kw name="Close Browser" library="SeleniumLibrary">
<doc>Closes the current browser.</doc>
<status status="PASS" starttime="20210317 22:13:45.089" endtime="20210317 22:13:47.865"></status>
</kw>
<status status="PASS" starttime="20210317 22:13:45.088" endtime="20210317 22:13:47.866"></status>
</kw>
<status status="PASS" starttime="20210317 22:13:45.087" endtime="20210317 22:13:47.867"></status>
</kw>
<status status="PASS" starttime="20210317 22:13:45.086" endtime="20210317 22:13:47.867"></status>
</kw>
<status status="PASS" starttime="20210317 22:13:45.062" endtime="20210317 22:13:47.868"></status>
</kw>
<status status="PASS" starttime="20210317 22:13:33.113" endtime="20210317 22:13:47.868"></status>
</kw>
<status status="PASS" starttime="20210317 22:13:33.111" endtime="20210317 22:13:47.870" critical="yes"></status>
</test>
<status status="PASS" starttime="20210317 22:13:07.070" endtime="20210317 22:13:47.877"></status>
</suite>
<statistics>
<total>
<stat pass="2" fail="0">Critical Tests</stat>
<stat pass="2" fail="0">All Tests</stat>
</total>
<tag>
</tag>
<suite>
<stat pass="2" fail="0" id="s1" name="Saucerun">Saucerun</stat>
</suite>
</statistics>
<errors>
<msg timestamp="20210317 22:13:33.110" level="WARN">Multiple test cases with name 'SauceDemo' executed in test suite 'Saucerun'.</msg>
</errors>
</robot>
