<?xml version="1.0" encoding="UTF-8"?>
<robot generator="Rebot 3.2.2 (Python 3.9.2 on win32)" generated="20210321 13:59:21.909" rpa="false">
<suite id="s1" name="Suites">
<suite id="s1-s1" name="Amrun" source="C:\Users\kavib\Pythonpro\Demo\runners\amrun.robot">
<test id="s1-s1-t1" name="WithDataDriven1">
<kw name="login">
<arguments>
<arg>https://www.amazon.in/</arg>
<arg>ff</arg>
<arg>kavibharathi637@gmail.com</arg>
<arg>bharat</arg>
</arguments>
<kw name="Browser operation" library="amazonlogin">
<arguments>
<arg>${link}</arg>
<arg>${browser}</arg>
</arguments>
<kw name="Open Browser" library="SeleniumLibrary">
<doc>Opens a new browser instance to the given ``url``.</doc>
<arguments>
<arg>${link}</arg>
<arg>${browser}</arg>
</arguments>
<msg timestamp="20210321 13:57:53.833" level="INFO">Opening browser 'ff' to base url 'https://www.amazon.in/'.</msg>
<status status="PASS" starttime="20210321 13:57:53.833" endtime="20210321 13:58:06.379"></status>
</kw>
<kw name="Maximize Browser Window" library="SeleniumLibrary">
<doc>Maximizes current browser window.</doc>
<status status="PASS" starttime="20210321 13:58:06.380" endtime="20210321 13:58:06.425"></status>
</kw>
<status status="PASS" starttime="20210321 13:57:53.832" endtime="20210321 13:58:06.426"></status>
</kw>
<kw name="select Option" library="amazonlogin">
<kw name="Click Link" library="SeleniumLibrary">
<doc>Clicks a link identified by ``locator``.</doc>
<arguments>
<arg>xpath://*[@id="nav-link-accountList"]</arg>
</arguments>
<msg timestamp="20210321 13:58:06.433" level="INFO">Clicking link 'xpath://*[@id="nav-link-accountList"]'.</msg>
<status status="PASS" starttime="20210321 13:58:06.431" endtime="20210321 13:58:09.122"></status>
</kw>
<status status="PASS" starttime="20210321 13:58:06.428" endtime="20210321 13:58:09.122"></status>
</kw>
<kw name="Input Uname" library="amazonlogin">
<arguments>
<arg>${username}</arg>
</arguments>
<kw name="Input Text" library="SeleniumLibrary">
<doc>Types the given ``text`` into text field identified by ``locator``.</doc>
<arguments>
<arg>id:ap_email</arg>
<arg>${username}</arg>
</arguments>
<msg timestamp="20210321 13:58:09.125" level="INFO">Typing text 'kavibharathi637@gmail.com' into text field 'id:ap_email'.</msg>
<status status="PASS" starttime="20210321 13:58:09.124" endtime="20210321 13:58:09.739"></status>
</kw>
<kw name="Click Element" library="SeleniumLibrary">
<doc>Click element identified by ``locator``.</doc>
<arguments>
<arg>id:continue</arg>
</arguments>
<msg timestamp="20210321 13:58:09.740" level="INFO">Clicking element 'id:continue'.</msg>
<status status="PASS" starttime="20210321 13:58:09.739" endtime="20210321 13:58:11.292"></status>
</kw>
<status status="PASS" starttime="20210321 13:58:09.123" endtime="20210321 13:58:11.293"></status>
</kw>
<kw name="Input Pword" library="amazonlogin">
<arguments>
<arg>${password}</arg>
</arguments>
<kw name="Input Password" library="SeleniumLibrary">
<doc>Types the given password into text field identified by ``locator``.</doc>
<arguments>
<arg>id:ap_password</arg>
<arg>${password}</arg>
</arguments>
<msg timestamp="20210321 13:58:11.298" level="INFO">Typing password into text field 'id:ap_password'.</msg>
<status status="PASS" starttime="20210321 13:58:11.296" endtime="20210321 13:58:11.904"></status>
</kw>
<status status="PASS" starttime="20210321 13:58:11.294" endtime="20210321 13:58:11.905"></status>
</kw>
<kw name="Click log In btn" library="amazonlogin">
<kw name="Select Checkbox" library="SeleniumLibrary">
<doc>Selects checkbox identified by ``locator``.</doc>
<arguments>
<arg>rememberMe</arg>
</arguments>
<msg timestamp="20210321 13:58:11.909" level="INFO">Selecting checkbox 'rememberMe'.</msg>
<status status="PASS" starttime="20210321 13:58:11.908" endtime="20210321 13:58:12.520"></status>
</kw>
<kw name="Click Element" library="SeleniumLibrary">
<doc>Click element identified by ``locator``.</doc>
<arguments>
<arg>id:signInSubmit</arg>
</arguments>
<msg timestamp="20210321 13:58:12.522" level="INFO">Clicking element 'id:signInSubmit'.</msg>
<status status="PASS" starttime="20210321 13:58:12.521" endtime="20210321 13:58:14.989"></status>
</kw>
<kw name="Sleep" library="BuiltIn">
<doc>Pauses the test executed for the given time.</doc>
<arguments>
<arg>3s</arg>
</arguments>
<msg timestamp="20210321 13:58:17.992" level="INFO">Slept 3 seconds</msg>
<status status="PASS" starttime="20210321 13:58:14.990" endtime="20210321 13:58:17.992"></status>
</kw>
<status status="PASS" starttime="20210321 13:58:11.905" endtime="20210321 13:58:17.993"></status>
</kw>
<kw name="Get Element Count" library="SeleniumLibrary">
<doc>Returns number of elements matching ``locator``.</doc>
<arguments>
<arg>//*[@id="nav-cart-count"]</arg>
</arguments>
<assign>
<var>${name_in_page}</var>
</assign>
<msg timestamp="20210321 13:58:18.007" level="INFO">${name_in_page} = 0</msg>
<status status="PASS" starttime="20210321 13:58:17.993" endtime="20210321 13:58:18.008"></status>
</kw>
<kw name="Run Keyword If" library="BuiltIn">
<doc>Runs the given keyword with the given arguments, if ``condition`` is true.</doc>
<arguments>
<arg>${name_in_page} &gt; 0</arg>
<arg>Keyword1</arg>
<arg>ELSE</arg>
<arg>Keyword2</arg>
</arguments>
<kw name="Keyword2">
<kw name="Log To Console" library="BuiltIn">
<doc>Logs the given message to the console.</doc>
<arguments>
<arg>Invald Credentials</arg>
</arguments>
<status status="PASS" starttime="20210321 13:58:18.011" endtime="20210321 13:58:18.012"></status>
</kw>
<kw name="Close Browser" library="SeleniumLibrary">
<doc>Closes the current browser.</doc>
<status status="PASS" starttime="20210321 13:58:18.012" endtime="20210321 13:58:19.891"></status>
</kw>
<status status="PASS" starttime="20210321 13:58:18.010" endtime="20210321 13:58:19.891"></status>
</kw>
<status status="PASS" starttime="20210321 13:58:18.008" endtime="20210321 13:58:19.892"></status>
</kw>
<status status="PASS" starttime="20210321 13:57:53.831" endtime="20210321 13:58:19.892"></status>
</kw>
<status status="PASS" starttime="20210321 13:57:53.829" endtime="20210321 13:58:19.892" critical="yes"></status>
</test>
<test id="s1-s1-t2" name="WithDataDriven1">
<kw name="login">
<arguments>
<arg>https://www.amazon.in/</arg>
<arg>chrome</arg>
<arg>kavibharathi616@gmail.com</arg>
<arg>bharathi1213</arg>
</arguments>
<kw name="Browser operation" library="amazonlogin">
<arguments>
<arg>${link}</arg>
<arg>${browser}</arg>
</arguments>
<kw name="Open Browser" library="SeleniumLibrary">
<doc>Opens a new browser instance to the given ``url``.</doc>
<arguments>
<arg>${link}</arg>
<arg>${browser}</arg>
</arguments>
<msg timestamp="20210321 13:58:19.911" level="INFO">Opening browser 'chrome' to base url 'https://www.amazon.in/'.</msg>
<status status="PASS" starttime="20210321 13:58:19.909" endtime="20210321 13:58:32.689"></status>
</kw>
<kw name="Maximize Browser Window" library="SeleniumLibrary">
<doc>Maximizes current browser window.</doc>
<status status="PASS" starttime="20210321 13:58:32.690" endtime="20210321 13:58:33.835"></status>
</kw>
<status status="PASS" starttime="20210321 13:58:19.908" endtime="20210321 13:58:33.836"></status>
</kw>
<kw name="select Option" library="amazonlogin">
<kw name="Click Link" library="SeleniumLibrary">
<doc>Clicks a link identified by ``locator``.</doc>
<arguments>
<arg>xpath://*[@id="nav-link-accountList"]</arg>
</arguments>
<msg timestamp="20210321 13:58:33.840" level="INFO">Clicking link 'xpath://*[@id="nav-link-accountList"]'.</msg>
<status status="PASS" starttime="20210321 13:58:33.839" endtime="20210321 13:58:37.692"></status>
</kw>
<status status="PASS" starttime="20210321 13:58:33.837" endtime="20210321 13:58:37.693"></status>
</kw>
<kw name="Input Uname" library="amazonlogin">
<arguments>
<arg>${username}</arg>
</arguments>
<kw name="Input Text" library="SeleniumLibrary">
<doc>Types the given ``text`` into text field identified by ``locator``.</doc>
<arguments>
<arg>id:ap_email</arg>
<arg>${username}</arg>
</arguments>
<msg timestamp="20210321 13:58:37.695" level="INFO">Typing text 'kavibharathi616@gmail.com' into text field 'id:ap_email'.</msg>
<status status="PASS" starttime="20210321 13:58:37.694" endtime="20210321 13:58:38.954"></status>
</kw>
<kw name="Click Element" library="SeleniumLibrary">
<doc>Click element identified by ``locator``.</doc>
<arguments>
<arg>id:continue</arg>
</arguments>
<msg timestamp="20210321 13:58:38.955" level="INFO">Clicking element 'id:continue'.</msg>
<status status="PASS" starttime="20210321 13:58:38.954" endtime="20210321 13:58:40.989"></status>
</kw>
<status status="PASS" starttime="20210321 13:58:37.693" endtime="20210321 13:58:40.990"></status>
</kw>
<kw name="Input Pword" library="amazonlogin">
<arguments>
<arg>${password}</arg>
</arguments>
<kw name="Input Password" library="SeleniumLibrary">
<doc>Types the given password into text field identified by ``locator``.</doc>
<arguments>
<arg>id:ap_password</arg>
<arg>${password}</arg>
</arguments>
<msg timestamp="20210321 13:58:40.993" level="INFO">Typing password into text field 'id:ap_password'.</msg>
<status status="PASS" starttime="20210321 13:58:40.992" endtime="20210321 13:58:41.438"></status>
</kw>
<status status="PASS" starttime="20210321 13:58:40.990" endtime="20210321 13:58:41.439"></status>
</kw>
<kw name="Click log In btn" library="amazonlogin">
<kw name="Select Checkbox" library="SeleniumLibrary">
<doc>Selects checkbox identified by ``locator``.</doc>
<arguments>
<arg>rememberMe</arg>
</arguments>
<msg timestamp="20210321 13:58:41.443" level="INFO">Selecting checkbox 'rememberMe'.</msg>
<status status="PASS" starttime="20210321 13:58:41.442" endtime="20210321 13:58:41.817"></status>
</kw>
<kw name="Click Element" library="SeleniumLibrary">
<doc>Click element identified by ``locator``.</doc>
<arguments>
<arg>id:signInSubmit</arg>
</arguments>
<msg timestamp="20210321 13:58:41.818" level="INFO">Clicking element 'id:signInSubmit'.</msg>
<status status="PASS" starttime="20210321 13:58:41.817" endtime="20210321 13:58:42.322"></status>
</kw>
<kw name="Sleep" library="BuiltIn">
<doc>Pauses the test executed for the given time.</doc>
<arguments>
<arg>3s</arg>
</arguments>
<msg timestamp="20210321 13:58:45.326" level="INFO">Slept 3 seconds</msg>
<status status="PASS" starttime="20210321 13:58:42.323" endtime="20210321 13:58:45.326"></status>
</kw>
<status status="PASS" starttime="20210321 13:58:41.440" endtime="20210321 13:58:45.327"></status>
</kw>
<kw name="Get Element Count" library="SeleniumLibrary">
<doc>Returns number of elements matching ``locator``.</doc>
<arguments>
<arg>//*[@id="nav-cart-count"]</arg>
</arguments>
<assign>
<var>${name_in_page}</var>
</assign>
<msg timestamp="20210321 13:58:48.328" level="INFO">${name_in_page} = 1</msg>
<status status="PASS" starttime="20210321 13:58:45.328" endtime="20210321 13:58:48.329"></status>
</kw>
<kw name="Run Keyword If" library="BuiltIn">
<doc>Runs the given keyword with the given arguments, if ``condition`` is true.</doc>
<arguments>
<arg>${name_in_page} &gt; 0</arg>
<arg>Keyword1</arg>
<arg>ELSE</arg>
<arg>Keyword2</arg>
</arguments>
<kw name="Keyword1">
<kw name="Log To Console" library="BuiltIn">
<doc>Logs the given message to the console.</doc>
<arguments>
<arg>Valid Credentials</arg>
</arguments>
<status status="PASS" starttime="20210321 13:58:48.333" endtime="20210321 13:58:48.334"></status>
</kw>
<kw name="Search Option" library="amazonorder">
<kw name="Input Text" library="SeleniumLibrary">
<doc>Types the given ``text`` into text field identified by ``locator``.</doc>
<arguments>
<arg>id:twotabsearchtextbox</arg>
<arg>samsung A51</arg>
</arguments>
<msg timestamp="20210321 13:58:48.337" level="INFO">Typing text 'samsung A51' into text field 'id:twotabsearchtextbox'.</msg>
<status status="PASS" starttime="20210321 13:58:48.336" endtime="20210321 13:58:49.606"></status>
</kw>
<kw name="Click Element" library="SeleniumLibrary">
<doc>Click element identified by ``locator``.</doc>
<arguments>
<arg>nav-search-submit-button</arg>
</arguments>
<msg timestamp="20210321 13:58:49.607" level="INFO">Clicking element 'nav-search-submit-button'.</msg>
<status status="PASS" starttime="20210321 13:58:49.606" endtime="20210321 13:58:54.630"></status>
</kw>
<status status="PASS" starttime="20210321 13:58:48.335" endtime="20210321 13:58:54.630"></status>
</kw>
<kw name="Selecting Item" library="amazonorder">
<kw name="Click Element" library="SeleniumLibrary">
<doc>Click element identified by ``locator``.</doc>
<arguments>
<arg>xpath://span[text()='Samsung Galaxy A51 (Blue, 8GB RAM, 128GB Storage) Without Offer']</arg>
</arguments>
<msg timestamp="20210321 13:58:54.632" level="INFO">Clicking element 'xpath://span[text()='Samsung Galaxy A51 (Blue, 8GB RAM, 128GB Storage) Without Offer']'.</msg>
<status status="PASS" starttime="20210321 13:58:54.632" endtime="20210321 13:58:56.005"></status>
</kw>
<status status="PASS" starttime="20210321 13:58:54.631" endtime="20210321 13:58:56.006"></status>
</kw>
<kw name="Switching New Tab" library="amazonorder">
<kw name="Select Window" library="SeleniumLibrary">
<doc>Selects browser window matching ``locator``.</doc>
<arguments>
<arg>title=Samsung Galaxy A51 (Blue, 8GB RAM, 128GB Storage) Without Offer: Amazon.in: Electronics</arg>
</arguments>
<kw name="Capture Page Screenshot" library="SeleniumLibrary">
<doc>Takes screenshot of the current page and embeds it into log file.</doc>
<msg timestamp="20210321 13:59:21.198" level="INFO" html="yes">&lt;/td&gt;&lt;/tr&gt;&lt;tr&gt;&lt;td colspan="3"&gt;&lt;a href="0-selenium-screenshot-1.png"&gt;&lt;img src="0-selenium-screenshot-1.png" width="800px"&gt;&lt;/a&gt;</msg>
<status status="PASS" starttime="20210321 13:59:20.475" endtime="20210321 13:59:21.199"></status>
</kw>
<msg timestamp="20210321 13:59:21.258" level="FAIL">Unable to locate window with title 'Samsung Galaxy A51 (Blue, 8GB RAM, 128GB Storage) Without Offer: Amazon.in: Electronics'.</msg>
<status status="FAIL" starttime="20210321 13:58:56.007" endtime="20210321 13:59:21.258"></status>
</kw>
<status status="FAIL" starttime="20210321 13:58:56.006" endtime="20210321 13:59:21.259"></status>
</kw>
<status status="FAIL" starttime="20210321 13:58:48.331" endtime="20210321 13:59:21.259"></status>
</kw>
<status status="FAIL" starttime="20210321 13:58:48.330" endtime="20210321 13:59:21.259"></status>
</kw>
<status status="FAIL" starttime="20210321 13:58:19.906" endtime="20210321 13:59:21.260"></status>
</kw>
<status status="FAIL" starttime="20210321 13:58:19.895" endtime="20210321 13:59:21.260" critical="yes">Unable to locate window with title 'Samsung Galaxy A51 (Blue, 8GB RAM, 128GB Storage) Without Offer: Amazon.in: Electronics'.</status>
</test>
<status status="FAIL" starttime="20210321 13:57:51.655" endtime="20210321 13:59:21.263"></status>
</suite>
<suite id="s1-s2" name="Saucerun" source="C:\Users\kavib\Pythonpro\Demo\runners\saucerun.robot">
<test id="s1-s2-t1" name="SauceDemo">
<kw name="Test">
<arguments>
<arg>https://www.saucedemo.com/</arg>
<arg>chrome</arg>
<arg>standard_user</arg>
<arg>secret_sauce</arg>
</arguments>
<kw name="LaunchBrowser" library="loginsl">
<arguments>
<arg>${link}</arg>
<arg>${browser}</arg>
</arguments>
<kw name="Open Browser" library="SeleniumLibrary">
<doc>Opens a new browser instance to the given ``url``.</doc>
<arguments>
<arg>${link}</arg>
<arg>${browser}</arg>
</arguments>
<msg timestamp="20210321 13:57:53.827" level="INFO">Opening browser 'chrome' to base url 'https://www.saucedemo.com/'.</msg>
<status status="PASS" starttime="20210321 13:57:53.826" endtime="20210321 13:57:56.809"></status>
</kw>
<status status="PASS" starttime="20210321 13:57:53.825" endtime="20210321 13:57:56.809"></status>
</kw>
<kw name="username" library="loginsl">
<arguments>
<arg>${username}</arg>
</arguments>
<kw name="Input Text" library="SeleniumLibrary">
<doc>Types the given ``text`` into text field identified by ``locator``.</doc>
<arguments>
<arg>id:user-name</arg>
<arg>${username}</arg>
</arguments>
<msg timestamp="20210321 13:57:56.811" level="INFO">Typing text 'standard_user' into text field 'id:user-name'.</msg>
<status status="PASS" starttime="20210321 13:57:56.811" endtime="20210321 13:57:57.071"></status>
</kw>
<status status="PASS" starttime="20210321 13:57:56.810" endtime="20210321 13:57:57.072"></status>
</kw>
<kw name="password" library="loginsl">
<arguments>
<arg>${password}</arg>
</arguments>
<kw name="Input Password" library="SeleniumLibrary">
<doc>Types the given password into text field identified by ``locator``.</doc>
<arguments>
<arg>id:password</arg>
<arg>${password}</arg>
</arguments>
<msg timestamp="20210321 13:57:57.074" level="INFO">Typing password into text field 'id:password'.</msg>
<status status="PASS" starttime="20210321 13:57:57.073" endtime="20210321 13:57:57.395"></status>
</kw>
<status status="PASS" starttime="20210321 13:57:57.072" endtime="20210321 13:57:57.395"></status>
</kw>
<kw name="Login button" library="loginsl">
<kw name="Click Button" library="SeleniumLibrary">
<doc>Clicks button identified by ``locator``.</doc>
<arguments>
<arg>id:login-button</arg>
</arguments>
<msg timestamp="20210321 13:57:57.397" level="INFO">Clicking button 'id:login-button'.</msg>
<status status="PASS" starttime="20210321 13:57:57.396" endtime="20210321 13:57:57.732"></status>
</kw>
<kw name="Title Should Be" library="SeleniumLibrary">
<doc>Verifies that current page title equals ``title``.</doc>
<arguments>
<arg>Swag Labs</arg>
</arguments>
<msg timestamp="20210321 13:57:57.770" level="INFO">Page title is 'Swag Labs'.</msg>
<status status="PASS" starttime="20210321 13:57:57.732" endtime="20210321 13:57:57.770"></status>
</kw>
<kw name="Log To Console" library="BuiltIn">
<doc>Logs the given message to the console.</doc>
<arguments>
<arg>get title</arg>
</arguments>
<status status="PASS" starttime="20210321 13:57:57.771" endtime="20210321 13:57:57.772"></status>
</kw>
<kw name="Capture Page Screenshot" library="SeleniumLibrary">
<doc>Takes screenshot of the current page and embeds it into log file.</doc>
<msg timestamp="20210321 13:57:58.921" level="INFO" html="yes">&lt;/td&gt;&lt;/tr&gt;&lt;tr&gt;&lt;td colspan="3"&gt;&lt;a href="1-selenium-screenshot-1.png"&gt;&lt;img src="1-selenium-screenshot-1.png" width="800px"&gt;&lt;/a&gt;</msg>
<status status="PASS" starttime="20210321 13:57:57.772" endtime="20210321 13:57:58.921"></status>
</kw>
<kw name="Sleep" library="BuiltIn">
<doc>Pauses the test executed for the given time.</doc>
<arguments>
<arg>5s</arg>
</arguments>
<msg timestamp="20210321 13:58:03.923" level="INFO">Slept 5 seconds</msg>
<status status="PASS" starttime="20210321 13:57:58.922" endtime="20210321 13:58:03.923"></status>
</kw>
<status status="PASS" starttime="20210321 13:57:57.395" endtime="20210321 13:58:03.924"></status>
</kw>
<kw name="Get Element Count" library="SeleniumLibrary">
<doc>Returns number of elements matching ``locator``.</doc>
<arguments>
<arg>id:inventory_container</arg>
</arguments>
<assign>
<var>${name_in_page}</var>
</assign>
<msg timestamp="20210321 13:58:03.964" level="INFO">${name_in_page} = 2</msg>
<status status="PASS" starttime="20210321 13:58:03.924" endtime="20210321 13:58:03.964"></status>
</kw>
<kw name="Run Keyword If" library="BuiltIn">
<doc>Runs the given keyword with the given arguments, if ``condition`` is true.</doc>
<arguments>
<arg>${name_in_page} &gt; 0</arg>
<arg>Keyword1</arg>
<arg>ELSE</arg>
<arg>Keyword2</arg>
</arguments>
<kw name="keyword1">
<kw name="DropDown" library="loginsl">
<kw name="Select From List By Index" library="SeleniumLibrary">
<doc>Selects options from selection list ``locator`` by ``indexes``.</doc>
<arguments>
<arg>xpath://*[@id="inventory_filter_container"]/select</arg>
<arg>3</arg>
</arguments>
<msg timestamp="20210321 13:58:03.968" level="INFO">Selecting options from selection list 'xpath://*[@id="inventory_filter_container"]/select' by index 3.</msg>
<status status="PASS" starttime="20210321 13:58:03.967" endtime="20210321 13:58:04.525"></status>
</kw>
<kw name="Sleep" library="BuiltIn">
<doc>Pauses the test executed for the given time.</doc>
<arguments>
<arg>2s</arg>
</arguments>
<msg timestamp="20210321 13:58:06.527" level="INFO">Slept 2 seconds</msg>
<status status="PASS" starttime="20210321 13:58:04.526" endtime="20210321 13:58:06.528"></status>
</kw>
<status status="PASS" starttime="20210321 13:58:03.966" endtime="20210321 13:58:06.529"></status>
</kw>
<kw name="Logout" library="loginsl">
<kw name="Click Element" library="SeleniumLibrary">
<doc>Click element identified by ``locator``.</doc>
<arguments>
<arg>id:react-burger-menu-btn</arg>
</arguments>
<msg timestamp="20210321 13:58:06.533" level="INFO">Clicking element 'id:react-burger-menu-btn'.</msg>
<status status="PASS" starttime="20210321 13:58:06.531" endtime="20210321 13:58:07.046"></status>
</kw>
<kw name="Sleep" library="BuiltIn">
<doc>Pauses the test executed for the given time.</doc>
<arguments>
<arg>2s</arg>
</arguments>
<msg timestamp="20210321 13:58:09.048" level="INFO">Slept 2 seconds</msg>
<status status="PASS" starttime="20210321 13:58:07.046" endtime="20210321 13:58:09.048"></status>
</kw>
<kw name="Click Element" library="SeleniumLibrary">
<doc>Click element identified by ``locator``.</doc>
<arguments>
<arg>id:logout_sidebar_link</arg>
</arguments>
<msg timestamp="20210321 13:58:09.049" level="INFO">Clicking element 'id:logout_sidebar_link'.</msg>
<status status="PASS" starttime="20210321 13:58:09.049" endtime="20210321 13:58:09.290"></status>
</kw>
<kw name="Capture Page Screenshot" library="SeleniumLibrary">
<doc>Takes screenshot of the current page and embeds it into log file.</doc>
<msg timestamp="20210321 13:58:09.952" level="INFO" html="yes">&lt;/td&gt;&lt;/tr&gt;&lt;tr&gt;&lt;td colspan="3"&gt;&lt;a href="1-selenium-screenshot-2.png"&gt;&lt;img src="1-selenium-screenshot-2.png" width="800px"&gt;&lt;/a&gt;</msg>
<status status="PASS" starttime="20210321 13:58:09.291" endtime="20210321 13:58:09.952"></status>
</kw>
<status status="PASS" starttime="20210321 13:58:06.529" endtime="20210321 13:58:09.953"></status>
</kw>
<kw name="end" library="loginsl">
<kw name="Close Browser" library="SeleniumLibrary">
<doc>Closes the current browser.</doc>
<status status="PASS" starttime="20210321 13:58:09.954" endtime="20210321 13:58:15.466"></status>
</kw>
<status status="PASS" starttime="20210321 13:58:09.953" endtime="20210321 13:58:15.467"></status>
</kw>
<status status="PASS" starttime="20210321 13:58:03.966" endtime="20210321 13:58:15.467"></status>
</kw>
<status status="PASS" starttime="20210321 13:58:03.965" endtime="20210321 13:58:15.467"></status>
</kw>
<status status="PASS" starttime="20210321 13:57:53.824" endtime="20210321 13:58:15.467"></status>
</kw>
<status status="PASS" starttime="20210321 13:57:53.823" endtime="20210321 13:58:15.468" critical="yes"></status>
</test>
<test id="s1-s2-t2" name="SauceDemo">
<kw name="Test">
<arguments>
<arg>https://www.saucedemo.com/</arg>
<arg>ff</arg>
<arg>kavi123</arg>
<arg>hsbdcgvbd</arg>
</arguments>
<kw name="LaunchBrowser" library="loginsl">
<arguments>
<arg>${link}</arg>
<arg>${browser}</arg>
</arguments>
<kw name="Open Browser" library="SeleniumLibrary">
<doc>Opens a new browser instance to the given ``url``.</doc>
<arguments>
<arg>${link}</arg>
<arg>${browser}</arg>
</arguments>
<msg timestamp="20210321 13:58:15.474" level="INFO">Opening browser 'ff' to base url 'https://www.saucedemo.com/'.</msg>
<status status="PASS" starttime="20210321 13:58:15.473" endtime="20210321 13:58:27.126"></status>
</kw>
<status status="PASS" starttime="20210321 13:58:15.472" endtime="20210321 13:58:27.127"></status>
</kw>
<kw name="username" library="loginsl">
<arguments>
<arg>${username}</arg>
</arguments>
<kw name="Input Text" library="SeleniumLibrary">
<doc>Types the given ``text`` into text field identified by ``locator``.</doc>
<arguments>
<arg>id:user-name</arg>
<arg>${username}</arg>
</arguments>
<msg timestamp="20210321 13:58:27.132" level="INFO">Typing text 'kavi123' into text field 'id:user-name'.</msg>
<status status="PASS" starttime="20210321 13:58:27.130" endtime="20210321 13:58:27.501"></status>
</kw>
<status status="PASS" starttime="20210321 13:58:27.128" endtime="20210321 13:58:27.502"></status>
</kw>
<kw name="password" library="loginsl">
<arguments>
<arg>${password}</arg>
</arguments>
<kw name="Input Password" library="SeleniumLibrary">
<doc>Types the given password into text field identified by ``locator``.</doc>
<arguments>
<arg>id:password</arg>
<arg>${password}</arg>
</arguments>
<msg timestamp="20210321 13:58:27.507" level="INFO">Typing password into text field 'id:password'.</msg>
<status status="PASS" starttime="20210321 13:58:27.506" endtime="20210321 13:58:27.666"></status>
</kw>
<status status="PASS" starttime="20210321 13:58:27.503" endtime="20210321 13:58:27.668"></status>
</kw>
<kw name="Login button" library="loginsl">
<kw name="Click Button" library="SeleniumLibrary">
<doc>Clicks button identified by ``locator``.</doc>
<arguments>
<arg>id:login-button</arg>
</arguments>
<msg timestamp="20210321 13:58:27.672" level="INFO">Clicking button 'id:login-button'.</msg>
<status status="PASS" starttime="20210321 13:58:27.670" endtime="20210321 13:58:28.040"></status>
</kw>
<kw name="Title Should Be" library="SeleniumLibrary">
<doc>Verifies that current page title equals ``title``.</doc>
<arguments>
<arg>Swag Labs</arg>
</arguments>
<msg timestamp="20210321 13:58:28.061" level="INFO">Page title is 'Swag Labs'.</msg>
<status status="PASS" starttime="20210321 13:58:28.040" endtime="20210321 13:58:28.061"></status>
</kw>
<kw name="Log To Console" library="BuiltIn">
<doc>Logs the given message to the console.</doc>
<arguments>
<arg>get title</arg>
</arguments>
<status status="PASS" starttime="20210321 13:58:28.062" endtime="20210321 13:58:28.063"></status>
</kw>
<kw name="Capture Page Screenshot" library="SeleniumLibrary">
<doc>Takes screenshot of the current page and embeds it into log file.</doc>
<msg timestamp="20210321 13:58:28.431" level="INFO" html="yes">&lt;/td&gt;&lt;/tr&gt;&lt;tr&gt;&lt;td colspan="3"&gt;&lt;a href="1-selenium-screenshot-3.png"&gt;&lt;img src="1-selenium-screenshot-3.png" width="800px"&gt;&lt;/a&gt;</msg>
<status status="PASS" starttime="20210321 13:58:28.064" endtime="20210321 13:58:28.431"></status>
</kw>
<kw name="Sleep" library="BuiltIn">
<doc>Pauses the test executed for the given time.</doc>
<arguments>
<arg>5s</arg>
</arguments>
<msg timestamp="20210321 13:58:33.434" level="INFO">Slept 5 seconds</msg>
<status status="PASS" starttime="20210321 13:58:28.432" endtime="20210321 13:58:33.435"></status>
</kw>
<status status="PASS" starttime="20210321 13:58:27.668" endtime="20210321 13:58:33.436"></status>
</kw>
<kw name="Get Element Count" library="SeleniumLibrary">
<doc>Returns number of elements matching ``locator``.</doc>
<arguments>
<arg>id:inventory_container</arg>
</arguments>
<assign>
<var>${name_in_page}</var>
</assign>
<msg timestamp="20210321 13:58:33.502" level="INFO">${name_in_page} = 0</msg>
<status status="PASS" starttime="20210321 13:58:33.436" endtime="20210321 13:58:33.502"></status>
</kw>
<kw name="Run Keyword If" library="BuiltIn">
<doc>Runs the given keyword with the given arguments, if ``condition`` is true.</doc>
<arguments>
<arg>${name_in_page} &gt; 0</arg>
<arg>Keyword1</arg>
<arg>ELSE</arg>
<arg>Keyword2</arg>
</arguments>
<kw name="keyword2">
<kw name="Log To Console" library="BuiltIn">
<doc>Logs the given message to the console.</doc>
<arguments>
<arg>Invalid</arg>
</arguments>
<status status="PASS" starttime="20210321 13:58:33.507" endtime="20210321 13:58:33.508"></status>
</kw>
<kw name="end" library="loginsl">
<kw name="Close Browser" library="SeleniumLibrary">
<doc>Closes the current browser.</doc>
<status status="PASS" starttime="20210321 13:58:33.511" endtime="20210321 13:58:37.810"></status>
</kw>
<status status="PASS" starttime="20210321 13:58:33.509" endtime="20210321 13:58:37.811"></status>
</kw>
<status status="PASS" starttime="20210321 13:58:33.505" endtime="20210321 13:58:37.812"></status>
</kw>
<status status="PASS" starttime="20210321 13:58:33.503" endtime="20210321 13:58:37.812"></status>
</kw>
<status status="PASS" starttime="20210321 13:58:15.471" endtime="20210321 13:58:37.812"></status>
</kw>
<status status="PASS" starttime="20210321 13:58:15.470" endtime="20210321 13:58:37.813" critical="yes"></status>
</test>
<status status="PASS" starttime="20210321 13:57:51.653" endtime="20210321 13:58:37.815"></status>
</suite>
<doc>[https://pabot.org/?ref=log|Pabot] result from 2 executions.</doc>
<status status="FAIL" starttime="20210321 13:57:51.584" endtime="20210321 13:59:21.269"></status>
</suite>
<statistics>
<total>
<stat pass="3" fail="1">Critical Tests</stat>
<stat pass="3" fail="1">All Tests</stat>
</total>
<tag>
</tag>
<suite>
<stat pass="3" fail="1" id="s1" name="Suites">Suites</stat>
<stat pass="1" fail="1" id="s1-s1" name="Amrun">Suites.Amrun</stat>
<stat pass="2" fail="0" id="s1-s2" name="Saucerun">Suites.Saucerun</stat>
</suite>
</statistics>
<errors>
<msg timestamp="20210321 13:58:19.894" level="WARN">Multiple test cases with name 'WithDataDriven1' executed in test suite 'Suites.Amrun'.</msg>
<msg timestamp="20210321 13:58:15.470" level="WARN">Multiple test cases with name 'SauceDemo' executed in test suite 'Suites.Saucerun'.</msg>
</errors>
</robot>
