<?xml version="1.0" encoding="UTF-8"?>
<robot generator="Rebot 3.2.2 (Python 3.9.2 on win32)" generated="20210324 16:20:44.669" rpa="false">
<suite id="s1" name="Suites">
<suite id="s1-s1" name="Amrun" source="C:\Users\kavib\Pythonpro\Demo\runners\amrun.robot">
<test id="s1-s1-t1" name="WithDataDriven1">
<kw name="login">
<arguments>
<arg>https://www.amazon.in/</arg>
<arg>ff</arg>
<arg>kavibharathi637@gmail.com</arg>
<arg>bharat</arg>
</arguments>
<kw name="Browser operation" library="amazonlogin">
<arguments>
<arg>${link}</arg>
<arg>${browser}</arg>
</arguments>
<kw name="Open Browser" library="SeleniumLibrary">
<doc>Opens a new browser instance to the given ``url``.</doc>
<arguments>
<arg>${link}</arg>
<arg>${browser}</arg>
</arguments>
<msg timestamp="20210324 16:18:13.529" level="INFO">Opening browser 'ff' to base url 'https://www.amazon.in/'.</msg>
<status status="PASS" starttime="20210324 16:18:13.528" endtime="20210324 16:19:04.161"></status>
</kw>
<status status="PASS" starttime="20210324 16:18:13.526" endtime="20210324 16:19:04.161"></status>
</kw>
<kw name="select Option" library="amazonlogin">
<kw name="Click Link" library="SeleniumLibrary">
<doc>Clicks a link identified by ``locator``.</doc>
<arguments>
<arg>xpath://*[@id="nav-link-accountList"]</arg>
</arguments>
<msg timestamp="20210324 16:19:04.164" level="INFO">Clicking link 'xpath://*[@id="nav-link-accountList"]'.</msg>
<status status="PASS" starttime="20210324 16:19:04.163" endtime="20210324 16:19:07.487"></status>
</kw>
<status status="PASS" starttime="20210324 16:19:04.162" endtime="20210324 16:19:07.488"></status>
</kw>
<kw name="Input Uname" library="amazonlogin">
<arguments>
<arg>${username}</arg>
</arguments>
<kw name="Input Text" library="SeleniumLibrary">
<doc>Types the given ``text`` into text field identified by ``locator``.</doc>
<arguments>
<arg>id:ap_email</arg>
<arg>${username}</arg>
</arguments>
<msg timestamp="20210324 16:19:07.490" level="INFO">Typing text 'kavibharathi637@gmail.com' into text field 'id:ap_email'.</msg>
<status status="PASS" starttime="20210324 16:19:07.490" endtime="20210324 16:19:07.635"></status>
</kw>
<kw name="Click Element" library="SeleniumLibrary">
<doc>Click element identified by ``locator``.</doc>
<arguments>
<arg>id:continue</arg>
</arguments>
<msg timestamp="20210324 16:19:07.636" level="INFO">Clicking element 'id:continue'.</msg>
<status status="PASS" starttime="20210324 16:19:07.635" endtime="20210324 16:19:08.515"></status>
</kw>
<status status="PASS" starttime="20210324 16:19:07.488" endtime="20210324 16:19:08.516"></status>
</kw>
<kw name="Input Pword" library="amazonlogin">
<arguments>
<arg>${password}</arg>
</arguments>
<kw name="Input Password" library="SeleniumLibrary">
<doc>Types the given password into text field identified by ``locator``.</doc>
<arguments>
<arg>id:ap_password</arg>
<arg>${password}</arg>
</arguments>
<msg timestamp="20210324 16:19:08.519" level="INFO">Typing password into text field 'id:ap_password'.</msg>
<status status="PASS" starttime="20210324 16:19:08.518" endtime="20210324 16:19:08.765"></status>
</kw>
<status status="PASS" starttime="20210324 16:19:08.517" endtime="20210324 16:19:08.765"></status>
</kw>
<kw name="Click log In btn" library="amazonlogin">
<kw name="Select Checkbox" library="SeleniumLibrary">
<doc>Selects checkbox identified by ``locator``.</doc>
<arguments>
<arg>rememberMe</arg>
</arguments>
<msg timestamp="20210324 16:19:08.767" level="INFO">Selecting checkbox 'rememberMe'.</msg>
<status status="PASS" starttime="20210324 16:19:08.767" endtime="20210324 16:19:09.038"></status>
</kw>
<kw name="Click Element" library="SeleniumLibrary">
<doc>Click element identified by ``locator``.</doc>
<arguments>
<arg>id:signInSubmit</arg>
</arguments>
<msg timestamp="20210324 16:19:09.040" level="INFO">Clicking element 'id:signInSubmit'.</msg>
<status status="PASS" starttime="20210324 16:19:09.039" endtime="20210324 16:19:12.850"></status>
</kw>
<kw name="Sleep" library="BuiltIn">
<doc>Pauses the test executed for the given time.</doc>
<arguments>
<arg>3s</arg>
</arguments>
<msg timestamp="20210324 16:19:15.852" level="INFO">Slept 3 seconds</msg>
<status status="PASS" starttime="20210324 16:19:12.850" endtime="20210324 16:19:15.852"></status>
</kw>
<status status="PASS" starttime="20210324 16:19:08.766" endtime="20210324 16:19:15.853"></status>
</kw>
<kw name="Get Element Count" library="SeleniumLibrary">
<doc>Returns number of elements matching ``locator``.</doc>
<arguments>
<arg>//*[@id="nav-cart-count"]</arg>
</arguments>
<assign>
<var>${name_in_page}</var>
</assign>
<msg timestamp="20210324 16:19:15.864" level="INFO">${name_in_page} = 0</msg>
<status status="PASS" starttime="20210324 16:19:15.853" endtime="20210324 16:19:15.864"></status>
</kw>
<kw name="Run Keyword If" library="BuiltIn">
<doc>Runs the given keyword with the given arguments, if ``condition`` is true.</doc>
<arguments>
<arg>${name_in_page} &gt; 0</arg>
<arg>Keyword1</arg>
<arg>ELSE</arg>
<arg>Keyword2</arg>
</arguments>
<kw name="Keyword2">
<kw name="Log To Console" library="BuiltIn">
<doc>Logs the given message to the console.</doc>
<arguments>
<arg>Invald Credentials</arg>
</arguments>
<status status="PASS" starttime="20210324 16:19:15.868" endtime="20210324 16:19:15.869"></status>
</kw>
<kw name="Close Browser" library="SeleniumLibrary">
<doc>Closes the current browser.</doc>
<status status="PASS" starttime="20210324 16:19:15.869" endtime="20210324 16:19:17.701"></status>
</kw>
<status status="PASS" starttime="20210324 16:19:15.867" endtime="20210324 16:19:17.702"></status>
</kw>
<status status="PASS" starttime="20210324 16:19:15.865" endtime="20210324 16:19:17.702"></status>
</kw>
<status status="PASS" starttime="20210324 16:18:13.525" endtime="20210324 16:19:17.702"></status>
</kw>
<status status="PASS" starttime="20210324 16:18:13.523" endtime="20210324 16:19:17.702" critical="yes"></status>
</test>
<test id="s1-s1-t2" name="WithDataDriven1">
<kw name="login">
<arguments>
<arg>https://www.amazon.in/</arg>
<arg>chrome</arg>
<arg>kavibharathi616@gmail.com</arg>
<arg>bharathi1213</arg>
</arguments>
<kw name="Browser operation" library="amazonlogin">
<arguments>
<arg>${link}</arg>
<arg>${browser}</arg>
</arguments>
<kw name="Open Browser" library="SeleniumLibrary">
<doc>Opens a new browser instance to the given ``url``.</doc>
<arguments>
<arg>${link}</arg>
<arg>${browser}</arg>
</arguments>
<msg timestamp="20210324 16:19:17.708" level="INFO">Opening browser 'chrome' to base url 'https://www.amazon.in/'.</msg>
<status status="PASS" starttime="20210324 16:19:17.707" endtime="20210324 16:19:27.768"></status>
</kw>
<status status="PASS" starttime="20210324 16:19:17.706" endtime="20210324 16:19:27.768"></status>
</kw>
<kw name="select Option" library="amazonlogin">
<kw name="Click Link" library="SeleniumLibrary">
<doc>Clicks a link identified by ``locator``.</doc>
<arguments>
<arg>xpath://*[@id="nav-link-accountList"]</arg>
</arguments>
<msg timestamp="20210324 16:19:27.770" level="INFO">Clicking link 'xpath://*[@id="nav-link-accountList"]'.</msg>
<status status="PASS" starttime="20210324 16:19:27.769" endtime="20210324 16:19:29.098"></status>
</kw>
<status status="PASS" starttime="20210324 16:19:27.769" endtime="20210324 16:19:29.098"></status>
</kw>
<kw name="Input Uname" library="amazonlogin">
<arguments>
<arg>${username}</arg>
</arguments>
<kw name="Input Text" library="SeleniumLibrary">
<doc>Types the given ``text`` into text field identified by ``locator``.</doc>
<arguments>
<arg>id:ap_email</arg>
<arg>${username}</arg>
</arguments>
<msg timestamp="20210324 16:19:29.100" level="INFO">Typing text 'kavibharathi616@gmail.com' into text field 'id:ap_email'.</msg>
<status status="PASS" starttime="20210324 16:19:29.100" endtime="20210324 16:19:29.645"></status>
</kw>
<kw name="Click Element" library="SeleniumLibrary">
<doc>Click element identified by ``locator``.</doc>
<arguments>
<arg>id:continue</arg>
</arguments>
<msg timestamp="20210324 16:19:29.646" level="INFO">Clicking element 'id:continue'.</msg>
<status status="PASS" starttime="20210324 16:19:29.645" endtime="20210324 16:19:31.276"></status>
</kw>
<status status="PASS" starttime="20210324 16:19:29.098" endtime="20210324 16:19:31.277"></status>
</kw>
<kw name="Input Pword" library="amazonlogin">
<arguments>
<arg>${password}</arg>
</arguments>
<kw name="Input Password" library="SeleniumLibrary">
<doc>Types the given password into text field identified by ``locator``.</doc>
<arguments>
<arg>id:ap_password</arg>
<arg>${password}</arg>
</arguments>
<msg timestamp="20210324 16:19:31.279" level="INFO">Typing password into text field 'id:ap_password'.</msg>
<status status="PASS" starttime="20210324 16:19:31.278" endtime="20210324 16:19:31.476"></status>
</kw>
<status status="PASS" starttime="20210324 16:19:31.277" endtime="20210324 16:19:31.477"></status>
</kw>
<kw name="Click log In btn" library="amazonlogin">
<kw name="Select Checkbox" library="SeleniumLibrary">
<doc>Selects checkbox identified by ``locator``.</doc>
<arguments>
<arg>rememberMe</arg>
</arguments>
<msg timestamp="20210324 16:19:31.479" level="INFO">Selecting checkbox 'rememberMe'.</msg>
<status status="PASS" starttime="20210324 16:19:31.478" endtime="20210324 16:19:31.732"></status>
</kw>
<kw name="Click Element" library="SeleniumLibrary">
<doc>Click element identified by ``locator``.</doc>
<arguments>
<arg>id:signInSubmit</arg>
</arguments>
<msg timestamp="20210324 16:19:31.734" level="INFO">Clicking element 'id:signInSubmit'.</msg>
<status status="PASS" starttime="20210324 16:19:31.733" endtime="20210324 16:19:32.271"></status>
</kw>
<kw name="Sleep" library="BuiltIn">
<doc>Pauses the test executed for the given time.</doc>
<arguments>
<arg>3s</arg>
</arguments>
<msg timestamp="20210324 16:19:35.274" level="INFO">Slept 3 seconds</msg>
<status status="PASS" starttime="20210324 16:19:32.272" endtime="20210324 16:19:35.274"></status>
</kw>
<status status="PASS" starttime="20210324 16:19:31.477" endtime="20210324 16:19:35.275"></status>
</kw>
<kw name="Get Element Count" library="SeleniumLibrary">
<doc>Returns number of elements matching ``locator``.</doc>
<arguments>
<arg>//*[@id="nav-cart-count"]</arg>
</arguments>
<assign>
<var>${name_in_page}</var>
</assign>
<msg timestamp="20210324 16:19:37.041" level="INFO">${name_in_page} = 1</msg>
<status status="PASS" starttime="20210324 16:19:35.275" endtime="20210324 16:19:37.042"></status>
</kw>
<kw name="Run Keyword If" library="BuiltIn">
<doc>Runs the given keyword with the given arguments, if ``condition`` is true.</doc>
<arguments>
<arg>${name_in_page} &gt; 0</arg>
<arg>Keyword1</arg>
<arg>ELSE</arg>
<arg>Keyword2</arg>
</arguments>
<kw name="Keyword1">
<kw name="Log To Console" library="BuiltIn">
<doc>Logs the given message to the console.</doc>
<arguments>
<arg>Valid Credentials</arg>
</arguments>
<status status="PASS" starttime="20210324 16:19:37.044" endtime="20210324 16:19:37.045"></status>
</kw>
<kw name="Search Option" library="amazonorder">
<kw name="Input Text" library="SeleniumLibrary">
<doc>Types the given ``text`` into text field identified by ``locator``.</doc>
<arguments>
<arg>id:twotabsearchtextbox</arg>
<arg>samsung A51</arg>
</arguments>
<msg timestamp="20210324 16:19:37.047" level="INFO">Typing text 'samsung A51' into text field 'id:twotabsearchtextbox'.</msg>
<status status="PASS" starttime="20210324 16:19:37.047" endtime="20210324 16:19:37.760"></status>
</kw>
<kw name="Click Element" library="SeleniumLibrary">
<doc>Click element identified by ``locator``.</doc>
<arguments>
<arg>nav-search-submit-button</arg>
</arguments>
<msg timestamp="20210324 16:19:37.761" level="INFO">Clicking element 'nav-search-submit-button'.</msg>
<status status="PASS" starttime="20210324 16:19:37.760" endtime="20210324 16:19:42.194"></status>
</kw>
<status status="PASS" starttime="20210324 16:19:37.046" endtime="20210324 16:19:42.195"></status>
</kw>
<kw name="Selecting Item" library="amazonorder">
<kw name="Click Element" library="SeleniumLibrary">
<doc>Click element identified by ``locator``.</doc>
<arguments>
<arg>xpath://span[text()='Samsung Galaxy A51 (Blue, 8GB RAM, 128GB Storage) Without Offer']</arg>
</arguments>
<msg timestamp="20210324 16:19:42.197" level="INFO">Clicking element 'xpath://span[text()='Samsung Galaxy A51 (Blue, 8GB RAM, 128GB Storage) Without Offer']'.</msg>
<status status="PASS" starttime="20210324 16:19:42.196" endtime="20210324 16:19:43.028"></status>
</kw>
<status status="PASS" starttime="20210324 16:19:42.195" endtime="20210324 16:19:43.029"></status>
</kw>
<kw name="Switching New Tab" library="amazonorder">
<kw name="Select Window" library="SeleniumLibrary">
<doc>Selects browser window matching ``locator``.</doc>
<arguments>
<arg>title=Samsung Galaxy A51 (Blue, 8GB RAM, 128GB Storage) Without Offer: Amazon.in: Electronics</arg>
</arguments>
<status status="PASS" starttime="20210324 16:19:43.032" endtime="20210324 16:20:34.278"></status>
</kw>
<status status="PASS" starttime="20210324 16:19:43.030" endtime="20210324 16:20:34.278"></status>
</kw>
<kw name="Add Cart" library="amazonorder">
<kw name="Click Element" library="SeleniumLibrary">
<doc>Click element identified by ``locator``.</doc>
<arguments>
<arg>id:add-to-cart-button</arg>
</arguments>
<msg timestamp="20210324 16:20:34.279" level="INFO">Clicking element 'id:add-to-cart-button'.</msg>
<status status="PASS" starttime="20210324 16:20:34.279" endtime="20210324 16:20:35.004"></status>
</kw>
<kw name="Sleep" library="BuiltIn">
<doc>Pauses the test executed for the given time.</doc>
<arguments>
<arg>2s</arg>
</arguments>
<msg timestamp="20210324 16:20:37.007" level="INFO">Slept 2 seconds</msg>
<status status="PASS" starttime="20210324 16:20:35.004" endtime="20210324 16:20:37.007"></status>
</kw>
<status status="PASS" starttime="20210324 16:20:34.278" endtime="20210324 16:20:37.008"></status>
</kw>
<kw name="close cart" library="amazonorder">
<kw name="Click Element" library="SeleniumLibrary">
<doc>Click element identified by ``locator``.</doc>
<arguments>
<arg>id:attach-close_sideSheet-link</arg>
</arguments>
<msg timestamp="20210324 16:20:37.009" level="INFO">Clicking element 'id:attach-close_sideSheet-link'.</msg>
<status status="PASS" starttime="20210324 16:20:37.009" endtime="20210324 16:20:37.449"></status>
</kw>
<kw name="Close Window" library="SeleniumLibrary">
<doc>Closes currently opened pop-up window.</doc>
<status status="PASS" starttime="20210324 16:20:37.450" endtime="20210324 16:20:37.552"></status>
</kw>
<status status="PASS" starttime="20210324 16:20:37.008" endtime="20210324 16:20:37.553"></status>
</kw>
<kw name="Switch old tab" library="amazonorder">
<kw name="Select Window" library="SeleniumLibrary">
<doc>Selects browser window matching ``locator``.</doc>
<arguments>
<arg>title=Amazon.in : samsung A51</arg>
</arguments>
<status status="PASS" starttime="20210324 16:20:37.555" endtime="20210324 16:20:37.725"></status>
</kw>
<status status="PASS" starttime="20210324 16:20:37.554" endtime="20210324 16:20:37.726"></status>
</kw>
<kw name="Mouse Over" library="SeleniumLibrary">
<doc>Simulates hovering mouse over the element ``locator``.</doc>
<arguments>
<arg>id:nav-link-accountList-nav-line-1</arg>
</arguments>
<msg timestamp="20210324 16:20:37.727" level="INFO">Simulating Mouse Over on element 'id:nav-link-accountList-nav-line-1'.</msg>
<status status="PASS" starttime="20210324 16:20:37.726" endtime="20210324 16:20:38.053"></status>
</kw>
<kw name="Click Element" library="SeleniumLibrary">
<doc>Click element identified by ``locator``.</doc>
<arguments>
<arg>xpath://span[text()='Sign Out']</arg>
</arguments>
<msg timestamp="20210324 16:20:38.054" level="INFO">Clicking element 'xpath://span[text()='Sign Out']'.</msg>
<status status="PASS" starttime="20210324 16:20:38.053" endtime="20210324 16:20:41.280"></status>
</kw>
<kw name="Capture Page Screenshot" library="SeleniumLibrary">
<doc>Takes screenshot of the current page and embeds it into log file.</doc>
<msg timestamp="20210324 16:20:41.663" level="INFO" html="yes">&lt;/td&gt;&lt;/tr&gt;&lt;tr&gt;&lt;td colspan="3"&gt;&lt;a href="0-selenium-screenshot-1.png"&gt;&lt;img src="0-selenium-screenshot-1.png" width="800px"&gt;&lt;/a&gt;</msg>
<status status="PASS" starttime="20210324 16:20:41.280" endtime="20210324 16:20:41.664"></status>
</kw>
<kw name="Close Browser" library="SeleniumLibrary">
<doc>Closes the current browser.</doc>
<status status="PASS" starttime="20210324 16:20:41.664" endtime="20210324 16:20:44.047"></status>
</kw>
<status status="PASS" starttime="20210324 16:19:37.043" endtime="20210324 16:20:44.048"></status>
</kw>
<status status="PASS" starttime="20210324 16:19:37.042" endtime="20210324 16:20:44.048"></status>
</kw>
<status status="PASS" starttime="20210324 16:19:17.706" endtime="20210324 16:20:44.048"></status>
</kw>
<status status="PASS" starttime="20210324 16:19:17.704" endtime="20210324 16:20:44.049" critical="yes"></status>
</test>
<status status="PASS" starttime="20210324 16:18:11.507" endtime="20210324 16:20:44.052"></status>
</suite>
<suite id="s1-s2" name="Saucerun" source="C:\Users\kavib\Pythonpro\Demo\runners\saucerun.robot">
<test id="s1-s2-t1" name="SauceDemo">
<kw name="Test">
<arguments>
<arg>https://www.saucedemo.com/</arg>
<arg>ff</arg>
<arg>standard_user</arg>
<arg>secret_sauce</arg>
</arguments>
<kw name="LaunchBrowser" library="loginsl">
<arguments>
<arg>${link}</arg>
<arg>${browser}</arg>
</arguments>
<kw name="Open Browser" library="SeleniumLibrary">
<doc>Opens a new browser instance to the given ``url``.</doc>
<arguments>
<arg>${link}</arg>
<arg>${browser}</arg>
</arguments>
<msg timestamp="20210324 16:18:13.519" level="INFO">Opening browser 'ff' to base url 'https://www.saucedemo.com/'.</msg>
<status status="PASS" starttime="20210324 16:18:13.519" endtime="20210324 16:18:25.934"></status>
</kw>
<kw name="Maximize Browser Window" library="SeleniumLibrary">
<doc>Maximizes current browser window.</doc>
<status status="PASS" starttime="20210324 16:18:25.935" endtime="20210324 16:18:25.970"></status>
</kw>
<status status="PASS" starttime="20210324 16:18:13.518" endtime="20210324 16:18:25.971"></status>
</kw>
<kw name="username" library="loginsl">
<arguments>
<arg>${username}</arg>
</arguments>
<kw name="Input Text" library="SeleniumLibrary">
<doc>Types the given ``text`` into text field identified by ``locator``.</doc>
<arguments>
<arg>${usernameoption}</arg>
<arg>${username}</arg>
</arguments>
<msg timestamp="20210324 16:18:25.974" level="INFO">Typing text 'standard_user' into text field 'id:user-name'.</msg>
<status status="PASS" starttime="20210324 16:18:25.973" endtime="20210324 16:18:26.128"></status>
</kw>
<status status="PASS" starttime="20210324 16:18:25.971" endtime="20210324 16:18:26.129"></status>
</kw>
<kw name="password" library="loginsl">
<arguments>
<arg>${password}</arg>
</arguments>
<kw name="Input Password" library="SeleniumLibrary">
<doc>Types the given password into text field identified by ``locator``.</doc>
<arguments>
<arg>${passwordoption}</arg>
<arg>${password}</arg>
</arguments>
<msg timestamp="20210324 16:18:26.131" level="INFO">Typing password into text field 'id:password'.</msg>
<status status="PASS" starttime="20210324 16:18:26.130" endtime="20210324 16:18:26.202"></status>
</kw>
<status status="PASS" starttime="20210324 16:18:26.129" endtime="20210324 16:18:26.203"></status>
</kw>
<kw name="Login button" library="loginsl">
<kw name="Click Button" library="SeleniumLibrary">
<doc>Clicks button identified by ``locator``.</doc>
<arguments>
<arg>${subbtn}</arg>
</arguments>
<msg timestamp="20210324 16:18:26.205" level="INFO">Clicking button 'id:login-button'.</msg>
<status status="PASS" starttime="20210324 16:18:26.204" endtime="20210324 16:18:26.562"></status>
</kw>
<kw name="Title Should Be" library="SeleniumLibrary">
<doc>Verifies that current page title equals ``title``.</doc>
<arguments>
<arg>Swag Labs</arg>
</arguments>
<msg timestamp="20210324 16:18:26.569" level="INFO">Page title is 'Swag Labs'.</msg>
<status status="PASS" starttime="20210324 16:18:26.562" endtime="20210324 16:18:26.570"></status>
</kw>
<kw name="Log To Console" library="BuiltIn">
<doc>Logs the given message to the console.</doc>
<arguments>
<arg>get title</arg>
</arguments>
<status status="PASS" starttime="20210324 16:18:26.571" endtime="20210324 16:18:26.572"></status>
</kw>
<kw name="Capture Page Screenshot" library="SeleniumLibrary">
<doc>Takes screenshot of the current page and embeds it into log file.</doc>
<msg timestamp="20210324 16:18:26.825" level="INFO" html="yes">&lt;/td&gt;&lt;/tr&gt;&lt;tr&gt;&lt;td colspan="3"&gt;&lt;a href="1-selenium-screenshot-1.png"&gt;&lt;img src="1-selenium-screenshot-1.png" width="800px"&gt;&lt;/a&gt;</msg>
<status status="PASS" starttime="20210324 16:18:26.572" endtime="20210324 16:18:26.825"></status>
</kw>
<kw name="Sleep" library="BuiltIn">
<doc>Pauses the test executed for the given time.</doc>
<arguments>
<arg>5s</arg>
</arguments>
<msg timestamp="20210324 16:18:31.828" level="INFO">Slept 5 seconds</msg>
<status status="PASS" starttime="20210324 16:18:26.826" endtime="20210324 16:18:31.828"></status>
</kw>
<status status="PASS" starttime="20210324 16:18:26.203" endtime="20210324 16:18:31.829"></status>
</kw>
<kw name="Get Element Count" library="SeleniumLibrary">
<doc>Returns number of elements matching ``locator``.</doc>
<arguments>
<arg>id:inventory_container</arg>
</arguments>
<assign>
<var>${name_in_page}</var>
</assign>
<msg timestamp="20210324 16:18:31.847" level="INFO">${name_in_page} = 2</msg>
<status status="PASS" starttime="20210324 16:18:31.829" endtime="20210324 16:18:31.847"></status>
</kw>
<kw name="Run Keyword If" library="BuiltIn">
<doc>Runs the given keyword with the given arguments, if ``condition`` is true.</doc>
<arguments>
<arg>${name_in_page} &gt; 0</arg>
<arg>Keyword1</arg>
<arg>ELSE</arg>
<arg>Keyword2</arg>
</arguments>
<kw name="keyword1">
<kw name="DropDown" library="loginsl">
<kw name="Select From List By Index" library="SeleniumLibrary">
<doc>Selects options from selection list ``locator`` by ``indexes``.</doc>
<arguments>
<arg>${dropdwn}</arg>
<arg>3</arg>
</arguments>
<msg timestamp="20210324 16:18:31.854" level="INFO">Selecting options from selection list 'xpath://*[@id='inventory_filter_container']/select' by index 3.</msg>
<status status="PASS" starttime="20210324 16:18:31.853" endtime="20210324 16:18:32.269"></status>
</kw>
<kw name="Sleep" library="BuiltIn">
<doc>Pauses the test executed for the given time.</doc>
<arguments>
<arg>2s</arg>
</arguments>
<msg timestamp="20210324 16:18:34.271" level="INFO">Slept 2 seconds</msg>
<status status="PASS" starttime="20210324 16:18:32.270" endtime="20210324 16:18:34.271"></status>
</kw>
<status status="PASS" starttime="20210324 16:18:31.851" endtime="20210324 16:18:34.272"></status>
</kw>
<kw name="Logout" library="loginsl">
<kw name="Click Element" library="SeleniumLibrary">
<doc>Click element identified by ``locator``.</doc>
<arguments>
<arg>${logoutstep1}</arg>
</arguments>
<msg timestamp="20210324 16:18:34.274" level="INFO">Clicking element 'id:react-burger-menu-btn'.</msg>
<status status="PASS" starttime="20210324 16:18:34.273" endtime="20210324 16:18:34.553"></status>
</kw>
<kw name="Sleep" library="BuiltIn">
<doc>Pauses the test executed for the given time.</doc>
<arguments>
<arg>2s</arg>
</arguments>
<msg timestamp="20210324 16:18:36.556" level="INFO">Slept 2 seconds</msg>
<status status="PASS" starttime="20210324 16:18:34.553" endtime="20210324 16:18:36.556"></status>
</kw>
<kw name="Click Element" library="SeleniumLibrary">
<doc>Click element identified by ``locator``.</doc>
<arguments>
<arg>${logoutstep2}</arg>
</arguments>
<msg timestamp="20210324 16:18:36.558" level="INFO">Clicking element 'id:logout_sidebar_link'.</msg>
<status status="PASS" starttime="20210324 16:18:36.557" endtime="20210324 16:18:36.837"></status>
</kw>
<kw name="Capture Page Screenshot" library="SeleniumLibrary">
<doc>Takes screenshot of the current page and embeds it into log file.</doc>
<msg timestamp="20210324 16:18:36.958" level="INFO" html="yes">&lt;/td&gt;&lt;/tr&gt;&lt;tr&gt;&lt;td colspan="3"&gt;&lt;a href="1-selenium-screenshot-2.png"&gt;&lt;img src="1-selenium-screenshot-2.png" width="800px"&gt;&lt;/a&gt;</msg>
<status status="PASS" starttime="20210324 16:18:36.838" endtime="20210324 16:18:36.958"></status>
</kw>
<status status="PASS" starttime="20210324 16:18:34.272" endtime="20210324 16:18:36.958"></status>
</kw>
<kw name="end" library="loginsl">
<kw name="Close Browser" library="SeleniumLibrary">
<doc>Closes the current browser.</doc>
<status status="PASS" starttime="20210324 16:18:36.960" endtime="20210324 16:18:38.231"></status>
</kw>
<status status="PASS" starttime="20210324 16:18:36.959" endtime="20210324 16:18:38.231"></status>
</kw>
<status status="PASS" starttime="20210324 16:18:31.850" endtime="20210324 16:18:38.232"></status>
</kw>
<status status="PASS" starttime="20210324 16:18:31.848" endtime="20210324 16:18:38.232"></status>
</kw>
<status status="PASS" starttime="20210324 16:18:13.517" endtime="20210324 16:18:38.232"></status>
</kw>
<status status="PASS" starttime="20210324 16:18:13.516" endtime="20210324 16:18:38.233" critical="yes"></status>
</test>
<test id="s1-s2-t2" name="SauceDemo">
<kw name="Test">
<arguments>
<arg>https://www.saucedemo.com/</arg>
<arg>chrome</arg>
<arg>kavi123</arg>
<arg>hsbdcgvbd</arg>
</arguments>
<kw name="LaunchBrowser" library="loginsl">
<arguments>
<arg>${link}</arg>
<arg>${browser}</arg>
</arguments>
<kw name="Open Browser" library="SeleniumLibrary">
<doc>Opens a new browser instance to the given ``url``.</doc>
<arguments>
<arg>${link}</arg>
<arg>${browser}</arg>
</arguments>
<msg timestamp="20210324 16:18:38.238" level="INFO">Opening browser 'chrome' to base url 'https://www.saucedemo.com/'.</msg>
<status status="PASS" starttime="20210324 16:18:38.238" endtime="20210324 16:18:51.952"></status>
</kw>
<kw name="Maximize Browser Window" library="SeleniumLibrary">
<doc>Maximizes current browser window.</doc>
<status status="PASS" starttime="20210324 16:18:51.953" endtime="20210324 16:18:52.099"></status>
</kw>
<status status="PASS" starttime="20210324 16:18:38.237" endtime="20210324 16:18:52.099"></status>
</kw>
<kw name="username" library="loginsl">
<arguments>
<arg>${username}</arg>
</arguments>
<kw name="Input Text" library="SeleniumLibrary">
<doc>Types the given ``text`` into text field identified by ``locator``.</doc>
<arguments>
<arg>${usernameoption}</arg>
<arg>${username}</arg>
</arguments>
<msg timestamp="20210324 16:18:52.101" level="INFO">Typing text 'kavi123' into text field 'id:user-name'.</msg>
<status status="PASS" starttime="20210324 16:18:52.101" endtime="20210324 16:18:52.343"></status>
</kw>
<status status="PASS" starttime="20210324 16:18:52.100" endtime="20210324 16:18:52.344"></status>
</kw>
<kw name="password" library="loginsl">
<arguments>
<arg>${password}</arg>
</arguments>
<kw name="Input Password" library="SeleniumLibrary">
<doc>Types the given password into text field identified by ``locator``.</doc>
<arguments>
<arg>${passwordoption}</arg>
<arg>${password}</arg>
</arguments>
<msg timestamp="20210324 16:18:52.346" level="INFO">Typing password into text field 'id:password'.</msg>
<status status="PASS" starttime="20210324 16:18:52.345" endtime="20210324 16:18:52.566"></status>
</kw>
<status status="PASS" starttime="20210324 16:18:52.344" endtime="20210324 16:18:52.567"></status>
</kw>
<kw name="Login button" library="loginsl">
<kw name="Click Button" library="SeleniumLibrary">
<doc>Clicks button identified by ``locator``.</doc>
<arguments>
<arg>${subbtn}</arg>
</arguments>
<msg timestamp="20210324 16:18:52.568" level="INFO">Clicking button 'id:login-button'.</msg>
<status status="PASS" starttime="20210324 16:18:52.568" endtime="20210324 16:18:52.721"></status>
</kw>
<kw name="Title Should Be" library="SeleniumLibrary">
<doc>Verifies that current page title equals ``title``.</doc>
<arguments>
<arg>Swag Labs</arg>
</arguments>
<msg timestamp="20210324 16:18:52.734" level="INFO">Page title is 'Swag Labs'.</msg>
<status status="PASS" starttime="20210324 16:18:52.721" endtime="20210324 16:18:52.734"></status>
</kw>
<kw name="Log To Console" library="BuiltIn">
<doc>Logs the given message to the console.</doc>
<arguments>
<arg>get title</arg>
</arguments>
<status status="PASS" starttime="20210324 16:18:52.734" endtime="20210324 16:18:52.735"></status>
</kw>
<kw name="Capture Page Screenshot" library="SeleniumLibrary">
<doc>Takes screenshot of the current page and embeds it into log file.</doc>
<msg timestamp="20210324 16:18:53.198" level="INFO" html="yes">&lt;/td&gt;&lt;/tr&gt;&lt;tr&gt;&lt;td colspan="3"&gt;&lt;a href="1-selenium-screenshot-3.png"&gt;&lt;img src="1-selenium-screenshot-3.png" width="800px"&gt;&lt;/a&gt;</msg>
<status status="PASS" starttime="20210324 16:18:52.735" endtime="20210324 16:18:53.198"></status>
</kw>
<kw name="Sleep" library="BuiltIn">
<doc>Pauses the test executed for the given time.</doc>
<arguments>
<arg>5s</arg>
</arguments>
<msg timestamp="20210324 16:18:58.201" level="INFO">Slept 5 seconds</msg>
<status status="PASS" starttime="20210324 16:18:53.198" endtime="20210324 16:18:58.201"></status>
</kw>
<status status="PASS" starttime="20210324 16:18:52.567" endtime="20210324 16:18:58.202"></status>
</kw>
<kw name="Get Element Count" library="SeleniumLibrary">
<doc>Returns number of elements matching ``locator``.</doc>
<arguments>
<arg>id:inventory_container</arg>
</arguments>
<assign>
<var>${name_in_page}</var>
</assign>
<msg timestamp="20210324 16:18:58.248" level="INFO">${name_in_page} = 0</msg>
<status status="PASS" starttime="20210324 16:18:58.202" endtime="20210324 16:18:58.248"></status>
</kw>
<kw name="Run Keyword If" library="BuiltIn">
<doc>Runs the given keyword with the given arguments, if ``condition`` is true.</doc>
<arguments>
<arg>${name_in_page} &gt; 0</arg>
<arg>Keyword1</arg>
<arg>ELSE</arg>
<arg>Keyword2</arg>
</arguments>
<kw name="keyword2">
<kw name="Log To Console" library="BuiltIn">
<doc>Logs the given message to the console.</doc>
<arguments>
<arg>Invalid</arg>
</arguments>
<status status="PASS" starttime="20210324 16:18:58.249" endtime="20210324 16:18:58.250"></status>
</kw>
<kw name="end" library="loginsl">
<kw name="Close Browser" library="SeleniumLibrary">
<doc>Closes the current browser.</doc>
<status status="PASS" starttime="20210324 16:18:58.250" endtime="20210324 16:19:00.540"></status>
</kw>
<status status="PASS" starttime="20210324 16:18:58.250" endtime="20210324 16:19:00.541"></status>
</kw>
<status status="PASS" starttime="20210324 16:18:58.249" endtime="20210324 16:19:00.541"></status>
</kw>
<status status="PASS" starttime="20210324 16:18:58.248" endtime="20210324 16:19:00.541"></status>
</kw>
<status status="PASS" starttime="20210324 16:18:38.236" endtime="20210324 16:19:00.541"></status>
</kw>
<status status="PASS" starttime="20210324 16:18:38.234" endtime="20210324 16:19:00.542" critical="yes"></status>
</test>
<status status="PASS" starttime="20210324 16:18:11.521" endtime="20210324 16:19:00.543"></status>
</suite>
<doc>[https://pabot.org/?ref=log|Pabot] result from 2 executions.</doc>
<status status="PASS" starttime="20210324 16:18:11.434" endtime="20210324 16:20:44.060"></status>
</suite>
<statistics>
<total>
<stat pass="4" fail="0">Critical Tests</stat>
<stat pass="4" fail="0">All Tests</stat>
</total>
<tag>
</tag>
<suite>
<stat pass="4" fail="0" id="s1" name="Suites">Suites</stat>
<stat pass="2" fail="0" id="s1-s1" name="Amrun">Suites.Amrun</stat>
<stat pass="2" fail="0" id="s1-s2" name="Saucerun">Suites.Saucerun</stat>
</suite>
</statistics>
<errors>
<msg timestamp="20210324 16:19:17.703" level="WARN">Multiple test cases with name 'WithDataDriven1' executed in test suite 'Suites.Amrun'.</msg>
<msg timestamp="20210324 16:18:38.234" level="WARN">Multiple test cases with name 'SauceDemo' executed in test suite 'Suites.Saucerun'.</msg>
</errors>
</robot>
