<?xml version="1.0" encoding="UTF-8"?>
<robot generator="Robot 3.2.2 (Python 3.9.2 on win32)" generated="20210318 03:50:03.022" rpa="false">
<suite id="s1" name="Suites">
<suite id="s1-s1" name="Amrun" source="C:\Users\kavib\Pythonpro\Demo\runners\amrun.robot">
<test id="s1-s1-t1" name="WithDataDriven1">
<kw name="login">
<arguments>
<arg>https://www.amazon.in/</arg>
<arg>ff</arg>
<arg>kavibharathi637@gmail.com</arg>
<arg>bharat</arg>
</arguments>
<kw name="Browser operation" library="amazonlogin">
<arguments>
<arg>${link}</arg>
<arg>${browser}</arg>
</arguments>
<kw name="Open Browser" library="SeleniumLibrary">
<doc>Opens a new browser instance to the given ``url``.</doc>
<arguments>
<arg>${link}</arg>
<arg>${browser}</arg>
</arguments>
<msg timestamp="20210318 03:50:06.077" level="INFO">Opening browser 'ff' to base url 'https://www.amazon.in/'.</msg>
<status status="PASS" starttime="20210318 03:50:06.076" endtime="20210318 03:50:20.628"></status>
</kw>
<kw name="Maximize Browser Window" library="SeleniumLibrary">
<doc>Maximizes current browser window.</doc>
<status status="PASS" starttime="20210318 03:50:20.629" endtime="20210318 03:50:20.637"></status>
</kw>
<status status="PASS" starttime="20210318 03:50:06.074" endtime="20210318 03:50:20.638"></status>
</kw>
<kw name="select Option" library="amazonlogin">
<kw name="Click Link" library="SeleniumLibrary">
<doc>Clicks a link identified by ``locator``.</doc>
<arguments>
<arg>xpath://*[@id="nav-link-accountList"]</arg>
</arguments>
<msg timestamp="20210318 03:50:20.641" level="INFO">Clicking link 'xpath://*[@id="nav-link-accountList"]'.</msg>
<status status="PASS" starttime="20210318 03:50:20.640" endtime="20210318 03:50:24.039"></status>
</kw>
<status status="PASS" starttime="20210318 03:50:20.639" endtime="20210318 03:50:24.040"></status>
</kw>
<kw name="Input Uname" library="amazonlogin">
<arguments>
<arg>${username}</arg>
</arguments>
<kw name="Input Text" library="SeleniumLibrary">
<doc>Types the given ``text`` into text field identified by ``locator``.</doc>
<arguments>
<arg>id:ap_email</arg>
<arg>${username}</arg>
</arguments>
<msg timestamp="20210318 03:50:24.042" level="INFO">Typing text 'kavibharathi637@gmail.com' into text field 'id:ap_email'.</msg>
<status status="PASS" starttime="20210318 03:50:24.042" endtime="20210318 03:50:24.556"></status>
</kw>
<kw name="Click Element" library="SeleniumLibrary">
<doc>Click element identified by ``locator``.</doc>
<arguments>
<arg>id:continue</arg>
</arguments>
<msg timestamp="20210318 03:50:24.557" level="INFO">Clicking element 'id:continue'.</msg>
<status status="PASS" starttime="20210318 03:50:24.556" endtime="20210318 03:50:26.159"></status>
</kw>
<status status="PASS" starttime="20210318 03:50:24.040" endtime="20210318 03:50:26.159"></status>
</kw>
<kw name="Input Pword" library="amazonlogin">
<arguments>
<arg>${password}</arg>
</arguments>
<kw name="Input Password" library="SeleniumLibrary">
<doc>Types the given password into text field identified by ``locator``.</doc>
<arguments>
<arg>id:ap_password</arg>
<arg>${password}</arg>
</arguments>
<msg timestamp="20210318 03:50:26.162" level="INFO">Typing password into text field 'id:ap_password'.</msg>
<status status="PASS" starttime="20210318 03:50:26.161" endtime="20210318 03:50:26.477"></status>
</kw>
<status status="PASS" starttime="20210318 03:50:26.160" endtime="20210318 03:50:26.478"></status>
</kw>
<kw name="Click log In btn" library="amazonlogin">
<kw name="Select Checkbox" library="SeleniumLibrary">
<doc>Selects checkbox identified by ``locator``.</doc>
<arguments>
<arg>rememberMe</arg>
</arguments>
<msg timestamp="20210318 03:50:26.480" level="INFO">Selecting checkbox 'rememberMe'.</msg>
<status status="PASS" starttime="20210318 03:50:26.479" endtime="20210318 03:50:26.767"></status>
</kw>
<kw name="Click Element" library="SeleniumLibrary">
<doc>Click element identified by ``locator``.</doc>
<arguments>
<arg>id:signInSubmit</arg>
</arguments>
<msg timestamp="20210318 03:50:26.768" level="INFO">Clicking element 'id:signInSubmit'.</msg>
<status status="PASS" starttime="20210318 03:50:26.767" endtime="20210318 03:50:29.051"></status>
</kw>
<kw name="Sleep" library="BuiltIn">
<doc>Pauses the test executed for the given time.</doc>
<arguments>
<arg>3s</arg>
</arguments>
<msg timestamp="20210318 03:50:32.055" level="INFO">Slept 3 seconds</msg>
<status status="PASS" starttime="20210318 03:50:29.052" endtime="20210318 03:50:32.055"></status>
</kw>
<status status="PASS" starttime="20210318 03:50:26.478" endtime="20210318 03:50:32.056"></status>
</kw>
<kw name="Get Element Count" library="SeleniumLibrary">
<doc>Returns number of elements matching ``locator``.</doc>
<arguments>
<arg>//*[@id="nav-cart-count"]</arg>
</arguments>
<assign>
<var>${name_in_page}</var>
</assign>
<msg timestamp="20210318 03:50:32.067" level="INFO">${name_in_page} = 0</msg>
<status status="PASS" starttime="20210318 03:50:32.056" endtime="20210318 03:50:32.067"></status>
</kw>
<kw name="Run Keyword If" library="BuiltIn">
<doc>Runs the given keyword with the given arguments, if ``condition`` is true.</doc>
<arguments>
<arg>${name_in_page} &gt; 0</arg>
<arg>Keyword1</arg>
<arg>ELSE</arg>
<arg>Keyword2</arg>
</arguments>
<kw name="Keyword2">
<kw name="Log To Console" library="BuiltIn">
<doc>Logs the given message to the console.</doc>
<arguments>
<arg>Invald Credentials</arg>
</arguments>
<status status="PASS" starttime="20210318 03:50:32.069" endtime="20210318 03:50:32.070"></status>
</kw>
<kw name="Close Browser" library="SeleniumLibrary">
<doc>Closes the current browser.</doc>
<status status="PASS" starttime="20210318 03:50:32.070" endtime="20210318 03:50:38.470"></status>
</kw>
<status status="PASS" starttime="20210318 03:50:32.069" endtime="20210318 03:50:38.471"></status>
</kw>
<status status="PASS" starttime="20210318 03:50:32.068" endtime="20210318 03:50:38.471"></status>
</kw>
<status status="PASS" starttime="20210318 03:50:06.073" endtime="20210318 03:50:38.472"></status>
</kw>
<status status="PASS" starttime="20210318 03:50:06.071" endtime="20210318 03:50:38.472" critical="yes"></status>
</test>
<test id="s1-s1-t2" name="WithDataDriven1">
<kw name="login">
<arguments>
<arg>https://www.amazon.in/</arg>
<arg>chrome</arg>
<arg>kavibharathi616@gmail.com</arg>
<arg>bharathi1213</arg>
</arguments>
<kw name="Browser operation" library="amazonlogin">
<arguments>
<arg>${link}</arg>
<arg>${browser}</arg>
</arguments>
<kw name="Open Browser" library="SeleniumLibrary">
<doc>Opens a new browser instance to the given ``url``.</doc>
<arguments>
<arg>${link}</arg>
<arg>${browser}</arg>
</arguments>
<msg timestamp="20210318 03:50:38.481" level="INFO">Opening browser 'chrome' to base url 'https://www.amazon.in/'.</msg>
<status status="PASS" starttime="20210318 03:50:38.480" endtime="20210318 03:50:50.921"></status>
</kw>
<kw name="Maximize Browser Window" library="SeleniumLibrary">
<doc>Maximizes current browser window.</doc>
<status status="PASS" starttime="20210318 03:50:50.922" endtime="20210318 03:50:51.470"></status>
</kw>
<status status="PASS" starttime="20210318 03:50:38.479" endtime="20210318 03:50:51.470"></status>
</kw>
<kw name="select Option" library="amazonlogin">
<kw name="Click Link" library="SeleniumLibrary">
<doc>Clicks a link identified by ``locator``.</doc>
<arguments>
<arg>xpath://*[@id="nav-link-accountList"]</arg>
</arguments>
<msg timestamp="20210318 03:50:51.472" level="INFO">Clicking link 'xpath://*[@id="nav-link-accountList"]'.</msg>
<status status="PASS" starttime="20210318 03:50:51.471" endtime="20210318 03:50:52.994"></status>
</kw>
<status status="PASS" starttime="20210318 03:50:51.470" endtime="20210318 03:50:52.995"></status>
</kw>
<kw name="Input Uname" library="amazonlogin">
<arguments>
<arg>${username}</arg>
</arguments>
<kw name="Input Text" library="SeleniumLibrary">
<doc>Types the given ``text`` into text field identified by ``locator``.</doc>
<arguments>
<arg>id:ap_email</arg>
<arg>${username}</arg>
</arguments>
<msg timestamp="20210318 03:50:52.998" level="INFO">Typing text 'kavibharathi616@gmail.com' into text field 'id:ap_email'.</msg>
<status status="PASS" starttime="20210318 03:50:52.996" endtime="20210318 03:50:53.292"></status>
</kw>
<kw name="Click Element" library="SeleniumLibrary">
<doc>Click element identified by ``locator``.</doc>
<arguments>
<arg>id:continue</arg>
</arguments>
<msg timestamp="20210318 03:50:53.293" level="INFO">Clicking element 'id:continue'.</msg>
<status status="PASS" starttime="20210318 03:50:53.292" endtime="20210318 03:50:54.599"></status>
</kw>
<status status="PASS" starttime="20210318 03:50:52.995" endtime="20210318 03:50:54.600"></status>
</kw>
<kw name="Input Pword" library="amazonlogin">
<arguments>
<arg>${password}</arg>
</arguments>
<kw name="Input Password" library="SeleniumLibrary">
<doc>Types the given password into text field identified by ``locator``.</doc>
<arguments>
<arg>id:ap_password</arg>
<arg>${password}</arg>
</arguments>
<msg timestamp="20210318 03:50:54.601" level="INFO">Typing password into text field 'id:ap_password'.</msg>
<status status="PASS" starttime="20210318 03:50:54.601" endtime="20210318 03:50:54.789"></status>
</kw>
<status status="PASS" starttime="20210318 03:50:54.600" endtime="20210318 03:50:54.789"></status>
</kw>
<kw name="Click log In btn" library="amazonlogin">
<kw name="Select Checkbox" library="SeleniumLibrary">
<doc>Selects checkbox identified by ``locator``.</doc>
<arguments>
<arg>rememberMe</arg>
</arguments>
<msg timestamp="20210318 03:50:54.790" level="INFO">Selecting checkbox 'rememberMe'.</msg>
<status status="PASS" starttime="20210318 03:50:54.790" endtime="20210318 03:50:54.924"></status>
</kw>
<kw name="Click Element" library="SeleniumLibrary">
<doc>Click element identified by ``locator``.</doc>
<arguments>
<arg>id:signInSubmit</arg>
</arguments>
<msg timestamp="20210318 03:50:54.925" level="INFO">Clicking element 'id:signInSubmit'.</msg>
<status status="PASS" starttime="20210318 03:50:54.924" endtime="20210318 03:50:55.252"></status>
</kw>
<kw name="Sleep" library="BuiltIn">
<doc>Pauses the test executed for the given time.</doc>
<arguments>
<arg>3s</arg>
</arguments>
<msg timestamp="20210318 03:50:58.256" level="INFO">Slept 3 seconds</msg>
<status status="PASS" starttime="20210318 03:50:55.253" endtime="20210318 03:50:58.256"></status>
</kw>
<status status="PASS" starttime="20210318 03:50:54.789" endtime="20210318 03:50:58.256"></status>
</kw>
<kw name="Get Element Count" library="SeleniumLibrary">
<doc>Returns number of elements matching ``locator``.</doc>
<arguments>
<arg>//*[@id="nav-cart-count"]</arg>
</arguments>
<assign>
<var>${name_in_page}</var>
</assign>
<msg timestamp="20210318 03:50:59.954" level="INFO">${name_in_page} = 1</msg>
<status status="PASS" starttime="20210318 03:50:58.257" endtime="20210318 03:50:59.954"></status>
</kw>
<kw name="Run Keyword If" library="BuiltIn">
<doc>Runs the given keyword with the given arguments, if ``condition`` is true.</doc>
<arguments>
<arg>${name_in_page} &gt; 0</arg>
<arg>Keyword1</arg>
<arg>ELSE</arg>
<arg>Keyword2</arg>
</arguments>
<kw name="Keyword1">
<kw name="Log To Console" library="BuiltIn">
<doc>Logs the given message to the console.</doc>
<arguments>
<arg>Valid Credentials</arg>
</arguments>
<status status="PASS" starttime="20210318 03:50:59.959" endtime="20210318 03:50:59.960"></status>
</kw>
<kw name="Search Option" library="amazonorder">
<kw name="Input Text" library="SeleniumLibrary">
<doc>Types the given ``text`` into text field identified by ``locator``.</doc>
<arguments>
<arg>id:twotabsearchtextbox</arg>
<arg>samsung A51</arg>
</arguments>
<msg timestamp="20210318 03:50:59.964" level="INFO">Typing text 'samsung A51' into text field 'id:twotabsearchtextbox'.</msg>
<status status="PASS" starttime="20210318 03:50:59.963" endtime="20210318 03:51:00.987"></status>
</kw>
<kw name="Click Element" library="SeleniumLibrary">
<doc>Click element identified by ``locator``.</doc>
<arguments>
<arg>nav-search-submit-button</arg>
</arguments>
<msg timestamp="20210318 03:51:00.989" level="INFO">Clicking element 'nav-search-submit-button'.</msg>
<status status="PASS" starttime="20210318 03:51:00.988" endtime="20210318 03:51:04.243"></status>
</kw>
<status status="PASS" starttime="20210318 03:50:59.961" endtime="20210318 03:51:04.243"></status>
</kw>
<kw name="Selecting Item" library="amazonorder">
<kw name="Click Element" library="SeleniumLibrary">
<doc>Click element identified by ``locator``.</doc>
<arguments>
<arg>xpath://span[text()='Samsung Galaxy A51 (Blue, 8GB RAM, 128GB Storage) Without Offer']</arg>
</arguments>
<msg timestamp="20210318 03:51:04.245" level="INFO">Clicking element 'xpath://span[text()='Samsung Galaxy A51 (Blue, 8GB RAM, 128GB Storage) Without Offer']'.</msg>
<status status="PASS" starttime="20210318 03:51:04.244" endtime="20210318 03:51:06.307"></status>
</kw>
<status status="PASS" starttime="20210318 03:51:04.244" endtime="20210318 03:51:06.308"></status>
</kw>
<kw name="Switching New Tab" library="amazonorder">
<kw name="Select Window" library="SeleniumLibrary">
<doc>Selects browser window matching ``locator``.</doc>
<arguments>
<arg>title=Samsung Galaxy A51 (Blue, 8GB RAM, 128GB Storage) Without Offer: Amazon.in: Electronics</arg>
</arguments>
<status status="PASS" starttime="20210318 03:51:06.311" endtime="20210318 03:51:15.800"></status>
</kw>
<status status="PASS" starttime="20210318 03:51:06.309" endtime="20210318 03:51:15.800"></status>
</kw>
<kw name="Add Cart" library="amazonorder">
<kw name="Click Element" library="SeleniumLibrary">
<doc>Click element identified by ``locator``.</doc>
<arguments>
<arg>id:add-to-cart-button</arg>
</arguments>
<msg timestamp="20210318 03:51:15.802" level="INFO">Clicking element 'id:add-to-cart-button'.</msg>
<status status="PASS" starttime="20210318 03:51:15.801" endtime="20210318 03:51:16.299"></status>
</kw>
<kw name="Sleep" library="BuiltIn">
<doc>Pauses the test executed for the given time.</doc>
<arguments>
<arg>2s</arg>
</arguments>
<msg timestamp="20210318 03:51:18.301" level="INFO">Slept 2 seconds</msg>
<status status="PASS" starttime="20210318 03:51:16.300" endtime="20210318 03:51:18.301"></status>
</kw>
<status status="PASS" starttime="20210318 03:51:15.800" endtime="20210318 03:51:18.301"></status>
</kw>
<kw name="close cart" library="amazonorder">
<kw name="Click Element" library="SeleniumLibrary">
<doc>Click element identified by ``locator``.</doc>
<arguments>
<arg>id:attach-close_sideSheet-link</arg>
</arguments>
<msg timestamp="20210318 03:51:18.303" level="INFO">Clicking element 'id:attach-close_sideSheet-link'.</msg>
<status status="PASS" starttime="20210318 03:51:18.302" endtime="20210318 03:51:18.775"></status>
</kw>
<kw name="Close Window" library="SeleniumLibrary">
<doc>Closes currently opened pop-up window.</doc>
<status status="PASS" starttime="20210318 03:51:18.775" endtime="20210318 03:51:18.928"></status>
</kw>
<status status="PASS" starttime="20210318 03:51:18.302" endtime="20210318 03:51:18.929"></status>
</kw>
<kw name="Switch old tab" library="amazonorder">
<kw name="Select Window" library="SeleniumLibrary">
<doc>Selects browser window matching ``locator``.</doc>
<arguments>
<arg>title=Amazon.in : samsung A51</arg>
</arguments>
<status status="PASS" starttime="20210318 03:51:18.931" endtime="20210318 03:51:19.155"></status>
</kw>
<status status="PASS" starttime="20210318 03:51:18.929" endtime="20210318 03:51:19.155"></status>
</kw>
<kw name="Mouse Over" library="SeleniumLibrary">
<doc>Simulates hovering mouse over the element ``locator``.</doc>
<arguments>
<arg>id:nav-link-accountList-nav-line-1</arg>
</arguments>
<msg timestamp="20210318 03:51:19.156" level="INFO">Simulating Mouse Over on element 'id:nav-link-accountList-nav-line-1'.</msg>
<status status="PASS" starttime="20210318 03:51:19.155" endtime="20210318 03:51:19.480"></status>
</kw>
<kw name="Click Element" library="SeleniumLibrary">
<doc>Click element identified by ``locator``.</doc>
<arguments>
<arg>xpath://span[text()='Sign Out']</arg>
</arguments>
<msg timestamp="20210318 03:51:19.481" level="INFO">Clicking element 'xpath://span[text()='Sign Out']'.</msg>
<status status="PASS" starttime="20210318 03:51:19.480" endtime="20210318 03:51:20.684"></status>
</kw>
<kw name="Capture Page Screenshot" library="SeleniumLibrary">
<doc>Takes screenshot of the current page and embeds it into log file.</doc>
<msg timestamp="20210318 03:51:21.106" level="INFO" html="yes">&lt;/td&gt;&lt;/tr&gt;&lt;tr&gt;&lt;td colspan="3"&gt;&lt;a href="selenium-screenshot-1.png"&gt;&lt;img src="selenium-screenshot-1.png" width="800px"&gt;&lt;/a&gt;</msg>
<status status="PASS" starttime="20210318 03:51:20.685" endtime="20210318 03:51:21.107"></status>
</kw>
<kw name="Close Browser" library="SeleniumLibrary">
<doc>Closes the current browser.</doc>
<status status="PASS" starttime="20210318 03:51:21.107" endtime="20210318 03:51:24.497"></status>
</kw>
<status status="PASS" starttime="20210318 03:50:59.957" endtime="20210318 03:51:24.498"></status>
</kw>
<status status="PASS" starttime="20210318 03:50:59.955" endtime="20210318 03:51:24.498"></status>
</kw>
<status status="PASS" starttime="20210318 03:50:38.477" endtime="20210318 03:51:24.499"></status>
</kw>
<status status="PASS" starttime="20210318 03:50:38.474" endtime="20210318 03:51:24.500" critical="yes"></status>
</test>
<status status="PASS" starttime="20210318 03:50:03.115" endtime="20210318 03:51:24.505"></status>
</suite>
<status status="PASS" starttime="20210318 03:50:03.028" endtime="20210318 03:51:24.520"></status>
</suite>
<statistics>
<total>
<stat pass="2" fail="0">Critical Tests</stat>
<stat pass="2" fail="0">All Tests</stat>
</total>
<tag>
</tag>
<suite>
<stat pass="2" fail="0" id="s1" name="Suites">Suites</stat>
<stat pass="2" fail="0" id="s1-s1" name="Amrun">Suites.Amrun</stat>
</suite>
</statistics>
<errors>
<msg timestamp="20210318 03:50:38.474" level="WARN">Multiple test cases with name 'WithDataDriven1' executed in test suite 'Suites.Amrun'.</msg>
</errors>
</robot>
