<?xml version="1.0" encoding="UTF-8"?>
<robot generator="Robot 3.2.2 (Python 3.9.2 on win32)" generated="20210324 16:18:11.430" rpa="false">
<suite id="s1" name="Suites">
<suite id="s1-s1" name="Amrun" source="C:\Users\kavib\Pythonpro\Demo\runners\amrun.robot">
<test id="s1-s1-t1" name="WithDataDriven1">
<kw name="login">
<arguments>
<arg>https://www.amazon.in/</arg>
<arg>ff</arg>
<arg>kavibharathi637@gmail.com</arg>
<arg>bharat</arg>
</arguments>
<kw name="Browser operation" library="amazonlogin">
<arguments>
<arg>${link}</arg>
<arg>${browser}</arg>
</arguments>
<kw name="Open Browser" library="SeleniumLibrary">
<doc>Opens a new browser instance to the given ``url``.</doc>
<arguments>
<arg>${link}</arg>
<arg>${browser}</arg>
</arguments>
<msg timestamp="20210324 16:18:13.529" level="INFO">Opening browser 'ff' to base url 'https://www.amazon.in/'.</msg>
<status status="PASS" starttime="20210324 16:18:13.528" endtime="20210324 16:19:04.161"></status>
</kw>
<status status="PASS" starttime="20210324 16:18:13.526" endtime="20210324 16:19:04.161"></status>
</kw>
<kw name="select Option" library="amazonlogin">
<kw name="Click Link" library="SeleniumLibrary">
<doc>Clicks a link identified by ``locator``.</doc>
<arguments>
<arg>xpath://*[@id="nav-link-accountList"]</arg>
</arguments>
<msg timestamp="20210324 16:19:04.164" level="INFO">Clicking link 'xpath://*[@id="nav-link-accountList"]'.</msg>
<status status="PASS" starttime="20210324 16:19:04.163" endtime="20210324 16:19:07.487"></status>
</kw>
<status status="PASS" starttime="20210324 16:19:04.162" endtime="20210324 16:19:07.488"></status>
</kw>
<kw name="Input Uname" library="amazonlogin">
<arguments>
<arg>${username}</arg>
</arguments>
<kw name="Input Text" library="SeleniumLibrary">
<doc>Types the given ``text`` into text field identified by ``locator``.</doc>
<arguments>
<arg>id:ap_email</arg>
<arg>${username}</arg>
</arguments>
<msg timestamp="20210324 16:19:07.490" level="INFO">Typing text 'kavibharathi637@gmail.com' into text field 'id:ap_email'.</msg>
<status status="PASS" starttime="20210324 16:19:07.490" endtime="20210324 16:19:07.635"></status>
</kw>
<kw name="Click Element" library="SeleniumLibrary">
<doc>Click element identified by ``locator``.</doc>
<arguments>
<arg>id:continue</arg>
</arguments>
<msg timestamp="20210324 16:19:07.636" level="INFO">Clicking element 'id:continue'.</msg>
<status status="PASS" starttime="20210324 16:19:07.635" endtime="20210324 16:19:08.515"></status>
</kw>
<status status="PASS" starttime="20210324 16:19:07.488" endtime="20210324 16:19:08.516"></status>
</kw>
<kw name="Input Pword" library="amazonlogin">
<arguments>
<arg>${password}</arg>
</arguments>
<kw name="Input Password" library="SeleniumLibrary">
<doc>Types the given password into text field identified by ``locator``.</doc>
<arguments>
<arg>id:ap_password</arg>
<arg>${password}</arg>
</arguments>
<msg timestamp="20210324 16:19:08.519" level="INFO">Typing password into text field 'id:ap_password'.</msg>
<status status="PASS" starttime="20210324 16:19:08.518" endtime="20210324 16:19:08.765"></status>
</kw>
<status status="PASS" starttime="20210324 16:19:08.517" endtime="20210324 16:19:08.765"></status>
</kw>
<kw name="Click log In btn" library="amazonlogin">
<kw name="Select Checkbox" library="SeleniumLibrary">
<doc>Selects checkbox identified by ``locator``.</doc>
<arguments>
<arg>rememberMe</arg>
</arguments>
<msg timestamp="20210324 16:19:08.767" level="INFO">Selecting checkbox 'rememberMe'.</msg>
<status status="PASS" starttime="20210324 16:19:08.767" endtime="20210324 16:19:09.038"></status>
</kw>
<kw name="Click Element" library="SeleniumLibrary">
<doc>Click element identified by ``locator``.</doc>
<arguments>
<arg>id:signInSubmit</arg>
</arguments>
<msg timestamp="20210324 16:19:09.040" level="INFO">Clicking element 'id:signInSubmit'.</msg>
<status status="PASS" starttime="20210324 16:19:09.039" endtime="20210324 16:19:12.850"></status>
</kw>
<kw name="Sleep" library="BuiltIn">
<doc>Pauses the test executed for the given time.</doc>
<arguments>
<arg>3s</arg>
</arguments>
<msg timestamp="20210324 16:19:15.852" level="INFO">Slept 3 seconds</msg>
<status status="PASS" starttime="20210324 16:19:12.850" endtime="20210324 16:19:15.852"></status>
</kw>
<status status="PASS" starttime="20210324 16:19:08.766" endtime="20210324 16:19:15.853"></status>
</kw>
<kw name="Get Element Count" library="SeleniumLibrary">
<doc>Returns number of elements matching ``locator``.</doc>
<arguments>
<arg>//*[@id="nav-cart-count"]</arg>
</arguments>
<assign>
<var>${name_in_page}</var>
</assign>
<msg timestamp="20210324 16:19:15.864" level="INFO">${name_in_page} = 0</msg>
<status status="PASS" starttime="20210324 16:19:15.853" endtime="20210324 16:19:15.864"></status>
</kw>
<kw name="Run Keyword If" library="BuiltIn">
<doc>Runs the given keyword with the given arguments, if ``condition`` is true.</doc>
<arguments>
<arg>${name_in_page} &gt; 0</arg>
<arg>Keyword1</arg>
<arg>ELSE</arg>
<arg>Keyword2</arg>
</arguments>
<kw name="Keyword2">
<kw name="Log To Console" library="BuiltIn">
<doc>Logs the given message to the console.</doc>
<arguments>
<arg>Invald Credentials</arg>
</arguments>
<status status="PASS" starttime="20210324 16:19:15.868" endtime="20210324 16:19:15.869"></status>
</kw>
<kw name="Close Browser" library="SeleniumLibrary">
<doc>Closes the current browser.</doc>
<status status="PASS" starttime="20210324 16:19:15.869" endtime="20210324 16:19:17.701"></status>
</kw>
<status status="PASS" starttime="20210324 16:19:15.867" endtime="20210324 16:19:17.702"></status>
</kw>
<status status="PASS" starttime="20210324 16:19:15.865" endtime="20210324 16:19:17.702"></status>
</kw>
<status status="PASS" starttime="20210324 16:18:13.525" endtime="20210324 16:19:17.702"></status>
</kw>
<status status="PASS" starttime="20210324 16:18:13.523" endtime="20210324 16:19:17.702" critical="yes"></status>
</test>
<test id="s1-s1-t2" name="WithDataDriven1">
<kw name="login">
<arguments>
<arg>https://www.amazon.in/</arg>
<arg>chrome</arg>
<arg>kavibharathi616@gmail.com</arg>
<arg>bharathi1213</arg>
</arguments>
<kw name="Browser operation" library="amazonlogin">
<arguments>
<arg>${link}</arg>
<arg>${browser}</arg>
</arguments>
<kw name="Open Browser" library="SeleniumLibrary">
<doc>Opens a new browser instance to the given ``url``.</doc>
<arguments>
<arg>${link}</arg>
<arg>${browser}</arg>
</arguments>
<msg timestamp="20210324 16:19:17.708" level="INFO">Opening browser 'chrome' to base url 'https://www.amazon.in/'.</msg>
<status status="PASS" starttime="20210324 16:19:17.707" endtime="20210324 16:19:27.768"></status>
</kw>
<status status="PASS" starttime="20210324 16:19:17.706" endtime="20210324 16:19:27.768"></status>
</kw>
<kw name="select Option" library="amazonlogin">
<kw name="Click Link" library="SeleniumLibrary">
<doc>Clicks a link identified by ``locator``.</doc>
<arguments>
<arg>xpath://*[@id="nav-link-accountList"]</arg>
</arguments>
<msg timestamp="20210324 16:19:27.770" level="INFO">Clicking link 'xpath://*[@id="nav-link-accountList"]'.</msg>
<status status="PASS" starttime="20210324 16:19:27.769" endtime="20210324 16:19:29.098"></status>
</kw>
<status status="PASS" starttime="20210324 16:19:27.769" endtime="20210324 16:19:29.098"></status>
</kw>
<kw name="Input Uname" library="amazonlogin">
<arguments>
<arg>${username}</arg>
</arguments>
<kw name="Input Text" library="SeleniumLibrary">
<doc>Types the given ``text`` into text field identified by ``locator``.</doc>
<arguments>
<arg>id:ap_email</arg>
<arg>${username}</arg>
</arguments>
<msg timestamp="20210324 16:19:29.100" level="INFO">Typing text 'kavibharathi616@gmail.com' into text field 'id:ap_email'.</msg>
<status status="PASS" starttime="20210324 16:19:29.100" endtime="20210324 16:19:29.645"></status>
</kw>
<kw name="Click Element" library="SeleniumLibrary">
<doc>Click element identified by ``locator``.</doc>
<arguments>
<arg>id:continue</arg>
</arguments>
<msg timestamp="20210324 16:19:29.646" level="INFO">Clicking element 'id:continue'.</msg>
<status status="PASS" starttime="20210324 16:19:29.645" endtime="20210324 16:19:31.276"></status>
</kw>
<status status="PASS" starttime="20210324 16:19:29.098" endtime="20210324 16:19:31.277"></status>
</kw>
<kw name="Input Pword" library="amazonlogin">
<arguments>
<arg>${password}</arg>
</arguments>
<kw name="Input Password" library="SeleniumLibrary">
<doc>Types the given password into text field identified by ``locator``.</doc>
<arguments>
<arg>id:ap_password</arg>
<arg>${password}</arg>
</arguments>
<msg timestamp="20210324 16:19:31.279" level="INFO">Typing password into text field 'id:ap_password'.</msg>
<status status="PASS" starttime="20210324 16:19:31.278" endtime="20210324 16:19:31.476"></status>
</kw>
<status status="PASS" starttime="20210324 16:19:31.277" endtime="20210324 16:19:31.477"></status>
</kw>
<kw name="Click log In btn" library="amazonlogin">
<kw name="Select Checkbox" library="SeleniumLibrary">
<doc>Selects checkbox identified by ``locator``.</doc>
<arguments>
<arg>rememberMe</arg>
</arguments>
<msg timestamp="20210324 16:19:31.479" level="INFO">Selecting checkbox 'rememberMe'.</msg>
<status status="PASS" starttime="20210324 16:19:31.478" endtime="20210324 16:19:31.732"></status>
</kw>
<kw name="Click Element" library="SeleniumLibrary">
<doc>Click element identified by ``locator``.</doc>
<arguments>
<arg>id:signInSubmit</arg>
</arguments>
<msg timestamp="20210324 16:19:31.734" level="INFO">Clicking element 'id:signInSubmit'.</msg>
<status status="PASS" starttime="20210324 16:19:31.733" endtime="20210324 16:19:32.271"></status>
</kw>
<kw name="Sleep" library="BuiltIn">
<doc>Pauses the test executed for the given time.</doc>
<arguments>
<arg>3s</arg>
</arguments>
<msg timestamp="20210324 16:19:35.274" level="INFO">Slept 3 seconds</msg>
<status status="PASS" starttime="20210324 16:19:32.272" endtime="20210324 16:19:35.274"></status>
</kw>
<status status="PASS" starttime="20210324 16:19:31.477" endtime="20210324 16:19:35.275"></status>
</kw>
<kw name="Get Element Count" library="SeleniumLibrary">
<doc>Returns number of elements matching ``locator``.</doc>
<arguments>
<arg>//*[@id="nav-cart-count"]</arg>
</arguments>
<assign>
<var>${name_in_page}</var>
</assign>
<msg timestamp="20210324 16:19:37.041" level="INFO">${name_in_page} = 1</msg>
<status status="PASS" starttime="20210324 16:19:35.275" endtime="20210324 16:19:37.042"></status>
</kw>
<kw name="Run Keyword If" library="BuiltIn">
<doc>Runs the given keyword with the given arguments, if ``condition`` is true.</doc>
<arguments>
<arg>${name_in_page} &gt; 0</arg>
<arg>Keyword1</arg>
<arg>ELSE</arg>
<arg>Keyword2</arg>
</arguments>
<kw name="Keyword1">
<kw name="Log To Console" library="BuiltIn">
<doc>Logs the given message to the console.</doc>
<arguments>
<arg>Valid Credentials</arg>
</arguments>
<status status="PASS" starttime="20210324 16:19:37.044" endtime="20210324 16:19:37.045"></status>
</kw>
<kw name="Search Option" library="amazonorder">
<kw name="Input Text" library="SeleniumLibrary">
<doc>Types the given ``text`` into text field identified by ``locator``.</doc>
<arguments>
<arg>id:twotabsearchtextbox</arg>
<arg>samsung A51</arg>
</arguments>
<msg timestamp="20210324 16:19:37.047" level="INFO">Typing text 'samsung A51' into text field 'id:twotabsearchtextbox'.</msg>
<status status="PASS" starttime="20210324 16:19:37.047" endtime="20210324 16:19:37.760"></status>
</kw>
<kw name="Click Element" library="SeleniumLibrary">
<doc>Click element identified by ``locator``.</doc>
<arguments>
<arg>nav-search-submit-button</arg>
</arguments>
<msg timestamp="20210324 16:19:37.761" level="INFO">Clicking element 'nav-search-submit-button'.</msg>
<status status="PASS" starttime="20210324 16:19:37.760" endtime="20210324 16:19:42.194"></status>
</kw>
<status status="PASS" starttime="20210324 16:19:37.046" endtime="20210324 16:19:42.195"></status>
</kw>
<kw name="Selecting Item" library="amazonorder">
<kw name="Click Element" library="SeleniumLibrary">
<doc>Click element identified by ``locator``.</doc>
<arguments>
<arg>xpath://span[text()='Samsung Galaxy A51 (Blue, 8GB RAM, 128GB Storage) Without Offer']</arg>
</arguments>
<msg timestamp="20210324 16:19:42.197" level="INFO">Clicking element 'xpath://span[text()='Samsung Galaxy A51 (Blue, 8GB RAM, 128GB Storage) Without Offer']'.</msg>
<status status="PASS" starttime="20210324 16:19:42.196" endtime="20210324 16:19:43.028"></status>
</kw>
<status status="PASS" starttime="20210324 16:19:42.195" endtime="20210324 16:19:43.029"></status>
</kw>
<kw name="Switching New Tab" library="amazonorder">
<kw name="Select Window" library="SeleniumLibrary">
<doc>Selects browser window matching ``locator``.</doc>
<arguments>
<arg>title=Samsung Galaxy A51 (Blue, 8GB RAM, 128GB Storage) Without Offer: Amazon.in: Electronics</arg>
</arguments>
<status status="PASS" starttime="20210324 16:19:43.032" endtime="20210324 16:20:34.278"></status>
</kw>
<status status="PASS" starttime="20210324 16:19:43.030" endtime="20210324 16:20:34.278"></status>
</kw>
<kw name="Add Cart" library="amazonorder">
<kw name="Click Element" library="SeleniumLibrary">
<doc>Click element identified by ``locator``.</doc>
<arguments>
<arg>id:add-to-cart-button</arg>
</arguments>
<msg timestamp="20210324 16:20:34.279" level="INFO">Clicking element 'id:add-to-cart-button'.</msg>
<status status="PASS" starttime="20210324 16:20:34.279" endtime="20210324 16:20:35.004"></status>
</kw>
<kw name="Sleep" library="BuiltIn">
<doc>Pauses the test executed for the given time.</doc>
<arguments>
<arg>2s</arg>
</arguments>
<msg timestamp="20210324 16:20:37.007" level="INFO">Slept 2 seconds</msg>
<status status="PASS" starttime="20210324 16:20:35.004" endtime="20210324 16:20:37.007"></status>
</kw>
<status status="PASS" starttime="20210324 16:20:34.278" endtime="20210324 16:20:37.008"></status>
</kw>
<kw name="close cart" library="amazonorder">
<kw name="Click Element" library="SeleniumLibrary">
<doc>Click element identified by ``locator``.</doc>
<arguments>
<arg>id:attach-close_sideSheet-link</arg>
</arguments>
<msg timestamp="20210324 16:20:37.009" level="INFO">Clicking element 'id:attach-close_sideSheet-link'.</msg>
<status status="PASS" starttime="20210324 16:20:37.009" endtime="20210324 16:20:37.449"></status>
</kw>
<kw name="Close Window" library="SeleniumLibrary">
<doc>Closes currently opened pop-up window.</doc>
<status status="PASS" starttime="20210324 16:20:37.450" endtime="20210324 16:20:37.552"></status>
</kw>
<status status="PASS" starttime="20210324 16:20:37.008" endtime="20210324 16:20:37.553"></status>
</kw>
<kw name="Switch old tab" library="amazonorder">
<kw name="Select Window" library="SeleniumLibrary">
<doc>Selects browser window matching ``locator``.</doc>
<arguments>
<arg>title=Amazon.in : samsung A51</arg>
</arguments>
<status status="PASS" starttime="20210324 16:20:37.555" endtime="20210324 16:20:37.725"></status>
</kw>
<status status="PASS" starttime="20210324 16:20:37.554" endtime="20210324 16:20:37.726"></status>
</kw>
<kw name="Mouse Over" library="SeleniumLibrary">
<doc>Simulates hovering mouse over the element ``locator``.</doc>
<arguments>
<arg>id:nav-link-accountList-nav-line-1</arg>
</arguments>
<msg timestamp="20210324 16:20:37.727" level="INFO">Simulating Mouse Over on element 'id:nav-link-accountList-nav-line-1'.</msg>
<status status="PASS" starttime="20210324 16:20:37.726" endtime="20210324 16:20:38.053"></status>
</kw>
<kw name="Click Element" library="SeleniumLibrary">
<doc>Click element identified by ``locator``.</doc>
<arguments>
<arg>xpath://span[text()='Sign Out']</arg>
</arguments>
<msg timestamp="20210324 16:20:38.054" level="INFO">Clicking element 'xpath://span[text()='Sign Out']'.</msg>
<status status="PASS" starttime="20210324 16:20:38.053" endtime="20210324 16:20:41.280"></status>
</kw>
<kw name="Capture Page Screenshot" library="SeleniumLibrary">
<doc>Takes screenshot of the current page and embeds it into log file.</doc>
<msg timestamp="20210324 16:20:41.663" level="INFO" html="yes">&lt;/td&gt;&lt;/tr&gt;&lt;tr&gt;&lt;td colspan="3"&gt;&lt;a href="selenium-screenshot-1.png"&gt;&lt;img src="selenium-screenshot-1.png" width="800px"&gt;&lt;/a&gt;</msg>
<status status="PASS" starttime="20210324 16:20:41.280" endtime="20210324 16:20:41.664"></status>
</kw>
<kw name="Close Browser" library="SeleniumLibrary">
<doc>Closes the current browser.</doc>
<status status="PASS" starttime="20210324 16:20:41.664" endtime="20210324 16:20:44.047"></status>
</kw>
<status status="PASS" starttime="20210324 16:19:37.043" endtime="20210324 16:20:44.048"></status>
</kw>
<status status="PASS" starttime="20210324 16:19:37.042" endtime="20210324 16:20:44.048"></status>
</kw>
<status status="PASS" starttime="20210324 16:19:17.706" endtime="20210324 16:20:44.048"></status>
</kw>
<status status="PASS" starttime="20210324 16:19:17.704" endtime="20210324 16:20:44.049" critical="yes"></status>
</test>
<status status="PASS" starttime="20210324 16:18:11.507" endtime="20210324 16:20:44.052"></status>
</suite>
<status status="PASS" starttime="20210324 16:18:11.434" endtime="20210324 16:20:44.060"></status>
</suite>
<statistics>
<total>
<stat pass="2" fail="0">Critical Tests</stat>
<stat pass="2" fail="0">All Tests</stat>
</total>
<tag>
</tag>
<suite>
<stat pass="2" fail="0" id="s1" name="Suites">Suites</stat>
<stat pass="2" fail="0" id="s1-s1" name="Amrun">Suites.Amrun</stat>
</suite>
</statistics>
<errors>
<msg timestamp="20210324 16:19:17.703" level="WARN">Multiple test cases with name 'WithDataDriven1' executed in test suite 'Suites.Amrun'.</msg>
</errors>
</robot>
