<?xml version="1.0" encoding="UTF-8"?>
<robot generator="Robot 3.2.2 (Python 3.9.2 on win32)" generated="20210321 13:57:51.581" rpa="false">
<suite id="s1" name="Suites">
<suite id="s1-s1" name="Amrun" source="C:\Users\kavib\Pythonpro\Demo\runners\amrun.robot">
<test id="s1-s1-t1" name="WithDataDriven1">
<kw name="login">
<arguments>
<arg>https://www.amazon.in/</arg>
<arg>ff</arg>
<arg>kavibharathi637@gmail.com</arg>
<arg>bharat</arg>
</arguments>
<kw name="Browser operation" library="amazonlogin">
<arguments>
<arg>${link}</arg>
<arg>${browser}</arg>
</arguments>
<kw name="Open Browser" library="SeleniumLibrary">
<doc>Opens a new browser instance to the given ``url``.</doc>
<arguments>
<arg>${link}</arg>
<arg>${browser}</arg>
</arguments>
<msg timestamp="20210321 13:57:53.833" level="INFO">Opening browser 'ff' to base url 'https://www.amazon.in/'.</msg>
<status status="PASS" starttime="20210321 13:57:53.833" endtime="20210321 13:58:06.379"></status>
</kw>
<kw name="Maximize Browser Window" library="SeleniumLibrary">
<doc>Maximizes current browser window.</doc>
<status status="PASS" starttime="20210321 13:58:06.380" endtime="20210321 13:58:06.425"></status>
</kw>
<status status="PASS" starttime="20210321 13:57:53.832" endtime="20210321 13:58:06.426"></status>
</kw>
<kw name="select Option" library="amazonlogin">
<kw name="Click Link" library="SeleniumLibrary">
<doc>Clicks a link identified by ``locator``.</doc>
<arguments>
<arg>xpath://*[@id="nav-link-accountList"]</arg>
</arguments>
<msg timestamp="20210321 13:58:06.433" level="INFO">Clicking link 'xpath://*[@id="nav-link-accountList"]'.</msg>
<status status="PASS" starttime="20210321 13:58:06.431" endtime="20210321 13:58:09.122"></status>
</kw>
<status status="PASS" starttime="20210321 13:58:06.428" endtime="20210321 13:58:09.122"></status>
</kw>
<kw name="Input Uname" library="amazonlogin">
<arguments>
<arg>${username}</arg>
</arguments>
<kw name="Input Text" library="SeleniumLibrary">
<doc>Types the given ``text`` into text field identified by ``locator``.</doc>
<arguments>
<arg>id:ap_email</arg>
<arg>${username}</arg>
</arguments>
<msg timestamp="20210321 13:58:09.125" level="INFO">Typing text 'kavibharathi637@gmail.com' into text field 'id:ap_email'.</msg>
<status status="PASS" starttime="20210321 13:58:09.124" endtime="20210321 13:58:09.739"></status>
</kw>
<kw name="Click Element" library="SeleniumLibrary">
<doc>Click element identified by ``locator``.</doc>
<arguments>
<arg>id:continue</arg>
</arguments>
<msg timestamp="20210321 13:58:09.740" level="INFO">Clicking element 'id:continue'.</msg>
<status status="PASS" starttime="20210321 13:58:09.739" endtime="20210321 13:58:11.292"></status>
</kw>
<status status="PASS" starttime="20210321 13:58:09.123" endtime="20210321 13:58:11.293"></status>
</kw>
<kw name="Input Pword" library="amazonlogin">
<arguments>
<arg>${password}</arg>
</arguments>
<kw name="Input Password" library="SeleniumLibrary">
<doc>Types the given password into text field identified by ``locator``.</doc>
<arguments>
<arg>id:ap_password</arg>
<arg>${password}</arg>
</arguments>
<msg timestamp="20210321 13:58:11.298" level="INFO">Typing password into text field 'id:ap_password'.</msg>
<status status="PASS" starttime="20210321 13:58:11.296" endtime="20210321 13:58:11.904"></status>
</kw>
<status status="PASS" starttime="20210321 13:58:11.294" endtime="20210321 13:58:11.905"></status>
</kw>
<kw name="Click log In btn" library="amazonlogin">
<kw name="Select Checkbox" library="SeleniumLibrary">
<doc>Selects checkbox identified by ``locator``.</doc>
<arguments>
<arg>rememberMe</arg>
</arguments>
<msg timestamp="20210321 13:58:11.909" level="INFO">Selecting checkbox 'rememberMe'.</msg>
<status status="PASS" starttime="20210321 13:58:11.908" endtime="20210321 13:58:12.520"></status>
</kw>
<kw name="Click Element" library="SeleniumLibrary">
<doc>Click element identified by ``locator``.</doc>
<arguments>
<arg>id:signInSubmit</arg>
</arguments>
<msg timestamp="20210321 13:58:12.522" level="INFO">Clicking element 'id:signInSubmit'.</msg>
<status status="PASS" starttime="20210321 13:58:12.521" endtime="20210321 13:58:14.989"></status>
</kw>
<kw name="Sleep" library="BuiltIn">
<doc>Pauses the test executed for the given time.</doc>
<arguments>
<arg>3s</arg>
</arguments>
<msg timestamp="20210321 13:58:17.992" level="INFO">Slept 3 seconds</msg>
<status status="PASS" starttime="20210321 13:58:14.990" endtime="20210321 13:58:17.992"></status>
</kw>
<status status="PASS" starttime="20210321 13:58:11.905" endtime="20210321 13:58:17.993"></status>
</kw>
<kw name="Get Element Count" library="SeleniumLibrary">
<doc>Returns number of elements matching ``locator``.</doc>
<arguments>
<arg>//*[@id="nav-cart-count"]</arg>
</arguments>
<assign>
<var>${name_in_page}</var>
</assign>
<msg timestamp="20210321 13:58:18.007" level="INFO">${name_in_page} = 0</msg>
<status status="PASS" starttime="20210321 13:58:17.993" endtime="20210321 13:58:18.008"></status>
</kw>
<kw name="Run Keyword If" library="BuiltIn">
<doc>Runs the given keyword with the given arguments, if ``condition`` is true.</doc>
<arguments>
<arg>${name_in_page} &gt; 0</arg>
<arg>Keyword1</arg>
<arg>ELSE</arg>
<arg>Keyword2</arg>
</arguments>
<kw name="Keyword2">
<kw name="Log To Console" library="BuiltIn">
<doc>Logs the given message to the console.</doc>
<arguments>
<arg>Invald Credentials</arg>
</arguments>
<status status="PASS" starttime="20210321 13:58:18.011" endtime="20210321 13:58:18.012"></status>
</kw>
<kw name="Close Browser" library="SeleniumLibrary">
<doc>Closes the current browser.</doc>
<status status="PASS" starttime="20210321 13:58:18.012" endtime="20210321 13:58:19.891"></status>
</kw>
<status status="PASS" starttime="20210321 13:58:18.010" endtime="20210321 13:58:19.891"></status>
</kw>
<status status="PASS" starttime="20210321 13:58:18.008" endtime="20210321 13:58:19.892"></status>
</kw>
<status status="PASS" starttime="20210321 13:57:53.831" endtime="20210321 13:58:19.892"></status>
</kw>
<status status="PASS" starttime="20210321 13:57:53.829" endtime="20210321 13:58:19.892" critical="yes"></status>
</test>
<test id="s1-s1-t2" name="WithDataDriven1">
<kw name="login">
<arguments>
<arg>https://www.amazon.in/</arg>
<arg>chrome</arg>
<arg>kavibharathi616@gmail.com</arg>
<arg>bharathi1213</arg>
</arguments>
<kw name="Browser operation" library="amazonlogin">
<arguments>
<arg>${link}</arg>
<arg>${browser}</arg>
</arguments>
<kw name="Open Browser" library="SeleniumLibrary">
<doc>Opens a new browser instance to the given ``url``.</doc>
<arguments>
<arg>${link}</arg>
<arg>${browser}</arg>
</arguments>
<msg timestamp="20210321 13:58:19.911" level="INFO">Opening browser 'chrome' to base url 'https://www.amazon.in/'.</msg>
<status status="PASS" starttime="20210321 13:58:19.909" endtime="20210321 13:58:32.689"></status>
</kw>
<kw name="Maximize Browser Window" library="SeleniumLibrary">
<doc>Maximizes current browser window.</doc>
<status status="PASS" starttime="20210321 13:58:32.690" endtime="20210321 13:58:33.835"></status>
</kw>
<status status="PASS" starttime="20210321 13:58:19.908" endtime="20210321 13:58:33.836"></status>
</kw>
<kw name="select Option" library="amazonlogin">
<kw name="Click Link" library="SeleniumLibrary">
<doc>Clicks a link identified by ``locator``.</doc>
<arguments>
<arg>xpath://*[@id="nav-link-accountList"]</arg>
</arguments>
<msg timestamp="20210321 13:58:33.840" level="INFO">Clicking link 'xpath://*[@id="nav-link-accountList"]'.</msg>
<status status="PASS" starttime="20210321 13:58:33.839" endtime="20210321 13:58:37.692"></status>
</kw>
<status status="PASS" starttime="20210321 13:58:33.837" endtime="20210321 13:58:37.693"></status>
</kw>
<kw name="Input Uname" library="amazonlogin">
<arguments>
<arg>${username}</arg>
</arguments>
<kw name="Input Text" library="SeleniumLibrary">
<doc>Types the given ``text`` into text field identified by ``locator``.</doc>
<arguments>
<arg>id:ap_email</arg>
<arg>${username}</arg>
</arguments>
<msg timestamp="20210321 13:58:37.695" level="INFO">Typing text 'kavibharathi616@gmail.com' into text field 'id:ap_email'.</msg>
<status status="PASS" starttime="20210321 13:58:37.694" endtime="20210321 13:58:38.954"></status>
</kw>
<kw name="Click Element" library="SeleniumLibrary">
<doc>Click element identified by ``locator``.</doc>
<arguments>
<arg>id:continue</arg>
</arguments>
<msg timestamp="20210321 13:58:38.955" level="INFO">Clicking element 'id:continue'.</msg>
<status status="PASS" starttime="20210321 13:58:38.954" endtime="20210321 13:58:40.989"></status>
</kw>
<status status="PASS" starttime="20210321 13:58:37.693" endtime="20210321 13:58:40.990"></status>
</kw>
<kw name="Input Pword" library="amazonlogin">
<arguments>
<arg>${password}</arg>
</arguments>
<kw name="Input Password" library="SeleniumLibrary">
<doc>Types the given password into text field identified by ``locator``.</doc>
<arguments>
<arg>id:ap_password</arg>
<arg>${password}</arg>
</arguments>
<msg timestamp="20210321 13:58:40.993" level="INFO">Typing password into text field 'id:ap_password'.</msg>
<status status="PASS" starttime="20210321 13:58:40.992" endtime="20210321 13:58:41.438"></status>
</kw>
<status status="PASS" starttime="20210321 13:58:40.990" endtime="20210321 13:58:41.439"></status>
</kw>
<kw name="Click log In btn" library="amazonlogin">
<kw name="Select Checkbox" library="SeleniumLibrary">
<doc>Selects checkbox identified by ``locator``.</doc>
<arguments>
<arg>rememberMe</arg>
</arguments>
<msg timestamp="20210321 13:58:41.443" level="INFO">Selecting checkbox 'rememberMe'.</msg>
<status status="PASS" starttime="20210321 13:58:41.442" endtime="20210321 13:58:41.817"></status>
</kw>
<kw name="Click Element" library="SeleniumLibrary">
<doc>Click element identified by ``locator``.</doc>
<arguments>
<arg>id:signInSubmit</arg>
</arguments>
<msg timestamp="20210321 13:58:41.818" level="INFO">Clicking element 'id:signInSubmit'.</msg>
<status status="PASS" starttime="20210321 13:58:41.817" endtime="20210321 13:58:42.322"></status>
</kw>
<kw name="Sleep" library="BuiltIn">
<doc>Pauses the test executed for the given time.</doc>
<arguments>
<arg>3s</arg>
</arguments>
<msg timestamp="20210321 13:58:45.326" level="INFO">Slept 3 seconds</msg>
<status status="PASS" starttime="20210321 13:58:42.323" endtime="20210321 13:58:45.326"></status>
</kw>
<status status="PASS" starttime="20210321 13:58:41.440" endtime="20210321 13:58:45.327"></status>
</kw>
<kw name="Get Element Count" library="SeleniumLibrary">
<doc>Returns number of elements matching ``locator``.</doc>
<arguments>
<arg>//*[@id="nav-cart-count"]</arg>
</arguments>
<assign>
<var>${name_in_page}</var>
</assign>
<msg timestamp="20210321 13:58:48.328" level="INFO">${name_in_page} = 1</msg>
<status status="PASS" starttime="20210321 13:58:45.328" endtime="20210321 13:58:48.329"></status>
</kw>
<kw name="Run Keyword If" library="BuiltIn">
<doc>Runs the given keyword with the given arguments, if ``condition`` is true.</doc>
<arguments>
<arg>${name_in_page} &gt; 0</arg>
<arg>Keyword1</arg>
<arg>ELSE</arg>
<arg>Keyword2</arg>
</arguments>
<kw name="Keyword1">
<kw name="Log To Console" library="BuiltIn">
<doc>Logs the given message to the console.</doc>
<arguments>
<arg>Valid Credentials</arg>
</arguments>
<status status="PASS" starttime="20210321 13:58:48.333" endtime="20210321 13:58:48.334"></status>
</kw>
<kw name="Search Option" library="amazonorder">
<kw name="Input Text" library="SeleniumLibrary">
<doc>Types the given ``text`` into text field identified by ``locator``.</doc>
<arguments>
<arg>id:twotabsearchtextbox</arg>
<arg>samsung A51</arg>
</arguments>
<msg timestamp="20210321 13:58:48.337" level="INFO">Typing text 'samsung A51' into text field 'id:twotabsearchtextbox'.</msg>
<status status="PASS" starttime="20210321 13:58:48.336" endtime="20210321 13:58:49.606"></status>
</kw>
<kw name="Click Element" library="SeleniumLibrary">
<doc>Click element identified by ``locator``.</doc>
<arguments>
<arg>nav-search-submit-button</arg>
</arguments>
<msg timestamp="20210321 13:58:49.607" level="INFO">Clicking element 'nav-search-submit-button'.</msg>
<status status="PASS" starttime="20210321 13:58:49.606" endtime="20210321 13:58:54.630"></status>
</kw>
<status status="PASS" starttime="20210321 13:58:48.335" endtime="20210321 13:58:54.630"></status>
</kw>
<kw name="Selecting Item" library="amazonorder">
<kw name="Click Element" library="SeleniumLibrary">
<doc>Click element identified by ``locator``.</doc>
<arguments>
<arg>xpath://span[text()='Samsung Galaxy A51 (Blue, 8GB RAM, 128GB Storage) Without Offer']</arg>
</arguments>
<msg timestamp="20210321 13:58:54.632" level="INFO">Clicking element 'xpath://span[text()='Samsung Galaxy A51 (Blue, 8GB RAM, 128GB Storage) Without Offer']'.</msg>
<status status="PASS" starttime="20210321 13:58:54.632" endtime="20210321 13:58:56.005"></status>
</kw>
<status status="PASS" starttime="20210321 13:58:54.631" endtime="20210321 13:58:56.006"></status>
</kw>
<kw name="Switching New Tab" library="amazonorder">
<kw name="Select Window" library="SeleniumLibrary">
<doc>Selects browser window matching ``locator``.</doc>
<arguments>
<arg>title=Samsung Galaxy A51 (Blue, 8GB RAM, 128GB Storage) Without Offer: Amazon.in: Electronics</arg>
</arguments>
<kw name="Capture Page Screenshot" library="SeleniumLibrary">
<doc>Takes screenshot of the current page and embeds it into log file.</doc>
<msg timestamp="20210321 13:59:21.198" level="INFO" html="yes">&lt;/td&gt;&lt;/tr&gt;&lt;tr&gt;&lt;td colspan="3"&gt;&lt;a href="selenium-screenshot-1.png"&gt;&lt;img src="selenium-screenshot-1.png" width="800px"&gt;&lt;/a&gt;</msg>
<status status="PASS" starttime="20210321 13:59:20.475" endtime="20210321 13:59:21.199"></status>
</kw>
<msg timestamp="20210321 13:59:21.258" level="FAIL">Unable to locate window with title 'Samsung Galaxy A51 (Blue, 8GB RAM, 128GB Storage) Without Offer: Amazon.in: Electronics'.</msg>
<status status="FAIL" starttime="20210321 13:58:56.007" endtime="20210321 13:59:21.258"></status>
</kw>
<status status="FAIL" starttime="20210321 13:58:56.006" endtime="20210321 13:59:21.259"></status>
</kw>
<status status="FAIL" starttime="20210321 13:58:48.331" endtime="20210321 13:59:21.259"></status>
</kw>
<status status="FAIL" starttime="20210321 13:58:48.330" endtime="20210321 13:59:21.259"></status>
</kw>
<status status="FAIL" starttime="20210321 13:58:19.906" endtime="20210321 13:59:21.260"></status>
</kw>
<status status="FAIL" starttime="20210321 13:58:19.895" endtime="20210321 13:59:21.260" critical="yes">Unable to locate window with title 'Samsung Galaxy A51 (Blue, 8GB RAM, 128GB Storage) Without Offer: Amazon.in: Electronics'.</status>
</test>
<status status="FAIL" starttime="20210321 13:57:51.655" endtime="20210321 13:59:21.263"></status>
</suite>
<status status="FAIL" starttime="20210321 13:57:51.586" endtime="20210321 13:59:21.269"></status>
</suite>
<statistics>
<total>
<stat pass="1" fail="1">Critical Tests</stat>
<stat pass="1" fail="1">All Tests</stat>
</total>
<tag>
</tag>
<suite>
<stat pass="1" fail="1" id="s1" name="Suites">Suites</stat>
<stat pass="1" fail="1" id="s1-s1" name="Amrun">Suites.Amrun</stat>
</suite>
</statistics>
<errors>
<msg timestamp="20210321 13:58:19.894" level="WARN">Multiple test cases with name 'WithDataDriven1' executed in test suite 'Suites.Amrun'.</msg>
</errors>
</robot>
