<?xml version="1.0" encoding="UTF-8"?>
<robot generator="Robot 3.2.2 (Python 3.9.2 on win32)" generated="20210321 16:54:11.623" rpa="false">
<suite id="s1" name="Suites">
<suite id="s1-s1" name="Amrun" source="C:\Users\kavib\Pythonpro\Demo\runners\amrun.robot">
<test id="s1-s1-t1" name="WithDataDriven1">
<kw name="login">
<arguments>
<arg>https://www.amazon.in/</arg>
<arg>ff</arg>
<arg>kavibharathi637@gmail.com</arg>
<arg>bharat</arg>
</arguments>
<kw name="Browser operation" library="amazonlogin">
<arguments>
<arg>${link}</arg>
<arg>${browser}</arg>
</arguments>
<kw name="Open Browser" library="SeleniumLibrary">
<doc>Opens a new browser instance to the given ``url``.</doc>
<arguments>
<arg>${link}</arg>
<arg>${browser}</arg>
</arguments>
<msg timestamp="20210321 16:54:17.899" level="INFO">Opening browser 'ff' to base url 'https://www.amazon.in/'.</msg>
<status status="PASS" starttime="20210321 16:54:17.897" endtime="20210321 16:54:42.328"></status>
</kw>
<status status="PASS" starttime="20210321 16:54:17.893" endtime="20210321 16:54:42.329"></status>
</kw>
<kw name="select Option" library="amazonlogin">
<kw name="Click Link" library="SeleniumLibrary">
<doc>Clicks a link identified by ``locator``.</doc>
<arguments>
<arg>xpath://*[@id="nav-link-accountList"]</arg>
</arguments>
<msg timestamp="20210321 16:54:42.334" level="INFO">Clicking link 'xpath://*[@id="nav-link-accountList"]'.</msg>
<status status="PASS" starttime="20210321 16:54:42.333" endtime="20210321 16:54:48.272"></status>
</kw>
<status status="PASS" starttime="20210321 16:54:42.330" endtime="20210321 16:54:48.273"></status>
</kw>
<kw name="Input Uname" library="amazonlogin">
<arguments>
<arg>${username}</arg>
</arguments>
<kw name="Input Text" library="SeleniumLibrary">
<doc>Types the given ``text`` into text field identified by ``locator``.</doc>
<arguments>
<arg>id:ap_email</arg>
<arg>${username}</arg>
</arguments>
<msg timestamp="20210321 16:54:48.278" level="INFO">Typing text 'kavibharathi637@gmail.com' into text field 'id:ap_email'.</msg>
<status status="PASS" starttime="20210321 16:54:48.276" endtime="20210321 16:54:49.262"></status>
</kw>
<kw name="Click Element" library="SeleniumLibrary">
<doc>Click element identified by ``locator``.</doc>
<arguments>
<arg>id:continue</arg>
</arguments>
<msg timestamp="20210321 16:54:49.264" level="INFO">Clicking element 'id:continue'.</msg>
<status status="PASS" starttime="20210321 16:54:49.263" endtime="20210321 16:54:51.656"></status>
</kw>
<status status="PASS" starttime="20210321 16:54:48.274" endtime="20210321 16:54:51.658"></status>
</kw>
<kw name="Input Pword" library="amazonlogin">
<arguments>
<arg>${password}</arg>
</arguments>
<kw name="Input Password" library="SeleniumLibrary">
<doc>Types the given password into text field identified by ``locator``.</doc>
<arguments>
<arg>id:ap_password</arg>
<arg>${password}</arg>
</arguments>
<msg timestamp="20210321 16:54:51.663" level="INFO">Typing password into text field 'id:ap_password'.</msg>
<status status="PASS" starttime="20210321 16:54:51.662" endtime="20210321 16:54:52.265"></status>
</kw>
<status status="PASS" starttime="20210321 16:54:51.658" endtime="20210321 16:54:52.266"></status>
</kw>
<kw name="Click log In btn" library="amazonlogin">
<kw name="Select Checkbox" library="SeleniumLibrary">
<doc>Selects checkbox identified by ``locator``.</doc>
<arguments>
<arg>rememberMe</arg>
</arguments>
<msg timestamp="20210321 16:54:52.269" level="INFO">Selecting checkbox 'rememberMe'.</msg>
<status status="PASS" starttime="20210321 16:54:52.268" endtime="20210321 16:54:53.001"></status>
</kw>
<kw name="Click Element" library="SeleniumLibrary">
<doc>Click element identified by ``locator``.</doc>
<arguments>
<arg>id:signInSubmit</arg>
</arguments>
<msg timestamp="20210321 16:54:53.003" level="INFO">Clicking element 'id:signInSubmit'.</msg>
<status status="PASS" starttime="20210321 16:54:53.002" endtime="20210321 16:54:55.898"></status>
</kw>
<kw name="Sleep" library="BuiltIn">
<doc>Pauses the test executed for the given time.</doc>
<arguments>
<arg>3s</arg>
</arguments>
<msg timestamp="20210321 16:54:58.902" level="INFO">Slept 3 seconds</msg>
<status status="PASS" starttime="20210321 16:54:55.899" endtime="20210321 16:54:58.903"></status>
</kw>
<status status="PASS" starttime="20210321 16:54:52.267" endtime="20210321 16:54:58.904"></status>
</kw>
<kw name="Get Element Count" library="SeleniumLibrary">
<doc>Returns number of elements matching ``locator``.</doc>
<arguments>
<arg>//*[@id="nav-cart-count"]</arg>
</arguments>
<assign>
<var>${name_in_page}</var>
</assign>
<msg timestamp="20210321 16:54:58.920" level="INFO">${name_in_page} = 0</msg>
<status status="PASS" starttime="20210321 16:54:58.904" endtime="20210321 16:54:58.921"></status>
</kw>
<kw name="Run Keyword If" library="BuiltIn">
<doc>Runs the given keyword with the given arguments, if ``condition`` is true.</doc>
<arguments>
<arg>${name_in_page} &gt; 0</arg>
<arg>Keyword1</arg>
<arg>ELSE</arg>
<arg>Keyword2</arg>
</arguments>
<kw name="Keyword2">
<kw name="Log To Console" library="BuiltIn">
<doc>Logs the given message to the console.</doc>
<arguments>
<arg>Invald Credentials</arg>
</arguments>
<status status="PASS" starttime="20210321 16:54:58.927" endtime="20210321 16:54:58.928"></status>
</kw>
<kw name="Close Browser" library="SeleniumLibrary">
<doc>Closes the current browser.</doc>
<status status="PASS" starttime="20210321 16:54:58.929" endtime="20210321 16:55:14.708"></status>
</kw>
<status status="PASS" starttime="20210321 16:54:58.924" endtime="20210321 16:55:14.709"></status>
</kw>
<status status="PASS" starttime="20210321 16:54:58.922" endtime="20210321 16:55:14.710"></status>
</kw>
<status status="PASS" starttime="20210321 16:54:17.890" endtime="20210321 16:55:14.711"></status>
</kw>
<status status="PASS" starttime="20210321 16:54:17.887" endtime="20210321 16:55:14.712" critical="yes"></status>
</test>
<test id="s1-s1-t2" name="WithDataDriven1">
<kw name="login">
<arguments>
<arg>https://www.amazon.in/</arg>
<arg>chrome</arg>
<arg>kavibharathi616@gmail.com</arg>
<arg>bharathi1213</arg>
</arguments>
<kw name="Browser operation" library="amazonlogin">
<arguments>
<arg>${link}</arg>
<arg>${browser}</arg>
</arguments>
<kw name="Open Browser" library="SeleniumLibrary">
<doc>Opens a new browser instance to the given ``url``.</doc>
<arguments>
<arg>${link}</arg>
<arg>${browser}</arg>
</arguments>
<msg timestamp="20210321 16:55:14.727" level="INFO">Opening browser 'chrome' to base url 'https://www.amazon.in/'.</msg>
<status status="PASS" starttime="20210321 16:55:14.726" endtime="20210321 16:55:27.303"></status>
</kw>
<status status="PASS" starttime="20210321 16:55:14.723" endtime="20210321 16:55:27.304"></status>
</kw>
<kw name="select Option" library="amazonlogin">
<kw name="Click Link" library="SeleniumLibrary">
<doc>Clicks a link identified by ``locator``.</doc>
<arguments>
<arg>xpath://*[@id="nav-link-accountList"]</arg>
</arguments>
<msg timestamp="20210321 16:55:27.308" level="INFO">Clicking link 'xpath://*[@id="nav-link-accountList"]'.</msg>
<status status="PASS" starttime="20210321 16:55:27.307" endtime="20210321 16:55:38.851"></status>
</kw>
<status status="PASS" starttime="20210321 16:55:27.305" endtime="20210321 16:55:38.852"></status>
</kw>
<kw name="Input Uname" library="amazonlogin">
<arguments>
<arg>${username}</arg>
</arguments>
<kw name="Input Text" library="SeleniumLibrary">
<doc>Types the given ``text`` into text field identified by ``locator``.</doc>
<arguments>
<arg>id:ap_email</arg>
<arg>${username}</arg>
</arguments>
<msg timestamp="20210321 16:55:38.857" level="INFO">Typing text 'kavibharathi616@gmail.com' into text field 'id:ap_email'.</msg>
<status status="PASS" starttime="20210321 16:55:38.856" endtime="20210321 16:55:41.173"></status>
</kw>
<kw name="Click Element" library="SeleniumLibrary">
<doc>Click element identified by ``locator``.</doc>
<arguments>
<arg>id:continue</arg>
</arguments>
<msg timestamp="20210321 16:55:41.176" level="INFO">Clicking element 'id:continue'.</msg>
<status status="PASS" starttime="20210321 16:55:41.175" endtime="20210321 16:55:44.289"></status>
</kw>
<status status="PASS" starttime="20210321 16:55:38.853" endtime="20210321 16:55:44.290"></status>
</kw>
<kw name="Input Pword" library="amazonlogin">
<arguments>
<arg>${password}</arg>
</arguments>
<kw name="Input Password" library="SeleniumLibrary">
<doc>Types the given password into text field identified by ``locator``.</doc>
<arguments>
<arg>id:ap_password</arg>
<arg>${password}</arg>
</arguments>
<msg timestamp="20210321 16:55:44.296" level="INFO">Typing password into text field 'id:ap_password'.</msg>
<status status="PASS" starttime="20210321 16:55:44.295" endtime="20210321 16:55:45.086"></status>
</kw>
<status status="PASS" starttime="20210321 16:55:44.291" endtime="20210321 16:55:45.087"></status>
</kw>
<kw name="Click log In btn" library="amazonlogin">
<kw name="Select Checkbox" library="SeleniumLibrary">
<doc>Selects checkbox identified by ``locator``.</doc>
<arguments>
<arg>rememberMe</arg>
</arguments>
<msg timestamp="20210321 16:55:45.090" level="INFO">Selecting checkbox 'rememberMe'.</msg>
<status status="PASS" starttime="20210321 16:55:45.090" endtime="20210321 16:55:45.459"></status>
</kw>
<kw name="Click Element" library="SeleniumLibrary">
<doc>Click element identified by ``locator``.</doc>
<arguments>
<arg>id:signInSubmit</arg>
</arguments>
<msg timestamp="20210321 16:55:45.461" level="INFO">Clicking element 'id:signInSubmit'.</msg>
<status status="PASS" starttime="20210321 16:55:45.460" endtime="20210321 16:55:46.064"></status>
</kw>
<kw name="Sleep" library="BuiltIn">
<doc>Pauses the test executed for the given time.</doc>
<arguments>
<arg>3s</arg>
</arguments>
<msg timestamp="20210321 16:55:49.068" level="INFO">Slept 3 seconds</msg>
<status status="PASS" starttime="20210321 16:55:46.065" endtime="20210321 16:55:49.069"></status>
</kw>
<status status="PASS" starttime="20210321 16:55:45.088" endtime="20210321 16:55:49.070"></status>
</kw>
<kw name="Get Element Count" library="SeleniumLibrary">
<doc>Returns number of elements matching ``locator``.</doc>
<arguments>
<arg>//*[@id="nav-cart-count"]</arg>
</arguments>
<assign>
<var>${name_in_page}</var>
</assign>
<msg timestamp="20210321 16:55:57.458" level="INFO">${name_in_page} = 1</msg>
<status status="PASS" starttime="20210321 16:55:49.071" endtime="20210321 16:55:57.458"></status>
</kw>
<kw name="Run Keyword If" library="BuiltIn">
<doc>Runs the given keyword with the given arguments, if ``condition`` is true.</doc>
<arguments>
<arg>${name_in_page} &gt; 0</arg>
<arg>Keyword1</arg>
<arg>ELSE</arg>
<arg>Keyword2</arg>
</arguments>
<kw name="Keyword1">
<kw name="Log To Console" library="BuiltIn">
<doc>Logs the given message to the console.</doc>
<arguments>
<arg>Valid Credentials</arg>
</arguments>
<status status="PASS" starttime="20210321 16:55:57.464" endtime="20210321 16:55:57.465"></status>
</kw>
<kw name="Search Option" library="amazonorder">
<kw name="Input Text" library="SeleniumLibrary">
<doc>Types the given ``text`` into text field identified by ``locator``.</doc>
<arguments>
<arg>id:twotabsearchtextbox</arg>
<arg>samsung A51</arg>
</arguments>
<msg timestamp="20210321 16:55:57.469" level="INFO">Typing text 'samsung A51' into text field 'id:twotabsearchtextbox'.</msg>
<status status="PASS" starttime="20210321 16:55:57.468" endtime="20210321 16:55:59.775"></status>
</kw>
<kw name="Click Element" library="SeleniumLibrary">
<doc>Click element identified by ``locator``.</doc>
<arguments>
<arg>nav-search-submit-button</arg>
</arguments>
<msg timestamp="20210321 16:55:59.777" level="INFO">Clicking element 'nav-search-submit-button'.</msg>
<status status="PASS" starttime="20210321 16:55:59.776" endtime="20210321 16:56:10.955"></status>
</kw>
<status status="PASS" starttime="20210321 16:55:57.466" endtime="20210321 16:56:10.956"></status>
</kw>
<kw name="Selecting Item" library="amazonorder">
<kw name="Click Element" library="SeleniumLibrary">
<doc>Click element identified by ``locator``.</doc>
<arguments>
<arg>xpath://span[text()='Samsung Galaxy A51 (Blue, 8GB RAM, 128GB Storage) Without Offer']</arg>
</arguments>
<msg timestamp="20210321 16:56:10.959" level="INFO">Clicking element 'xpath://span[text()='Samsung Galaxy A51 (Blue, 8GB RAM, 128GB Storage) Without Offer']'.</msg>
<status status="PASS" starttime="20210321 16:56:10.958" endtime="20210321 16:56:21.980"></status>
</kw>
<status status="PASS" starttime="20210321 16:56:10.956" endtime="20210321 16:56:21.981"></status>
</kw>
<kw name="Switching New Tab" library="amazonorder">
<kw name="Select Window" library="SeleniumLibrary">
<doc>Selects browser window matching ``locator``.</doc>
<arguments>
<arg>title=Samsung Galaxy A51 (Blue, 8GB RAM, 128GB Storage) Without Offer: Amazon.in: Electronics</arg>
</arguments>
<status status="PASS" starttime="20210321 16:56:21.985" endtime="20210321 16:56:36.341"></status>
</kw>
<status status="PASS" starttime="20210321 16:56:21.983" endtime="20210321 16:56:36.342"></status>
</kw>
<kw name="Add Cart" library="amazonorder">
<kw name="Click Element" library="SeleniumLibrary">
<doc>Click element identified by ``locator``.</doc>
<arguments>
<arg>id:add-to-cart-button</arg>
</arguments>
<msg timestamp="20210321 16:56:36.347" level="INFO">Clicking element 'id:add-to-cart-button'.</msg>
<status status="PASS" starttime="20210321 16:56:36.346" endtime="20210321 16:56:41.074"></status>
</kw>
<kw name="Sleep" library="BuiltIn">
<doc>Pauses the test executed for the given time.</doc>
<arguments>
<arg>2s</arg>
</arguments>
<msg timestamp="20210321 16:56:43.078" level="INFO">Slept 2 seconds</msg>
<status status="PASS" starttime="20210321 16:56:41.075" endtime="20210321 16:56:43.079"></status>
</kw>
<status status="PASS" starttime="20210321 16:56:36.343" endtime="20210321 16:56:43.080"></status>
</kw>
<kw name="close cart" library="amazonorder">
<kw name="Click Element" library="SeleniumLibrary">
<doc>Click element identified by ``locator``.</doc>
<arguments>
<arg>id:attach-close_sideSheet-link</arg>
</arguments>
<msg timestamp="20210321 16:56:43.084" level="INFO">Clicking element 'id:attach-close_sideSheet-link'.</msg>
<status status="PASS" starttime="20210321 16:56:43.083" endtime="20210321 16:56:46.411"></status>
</kw>
<kw name="Close Window" library="SeleniumLibrary">
<doc>Closes currently opened pop-up window.</doc>
<status status="PASS" starttime="20210321 16:56:46.412" endtime="20210321 16:56:46.903"></status>
</kw>
<status status="PASS" starttime="20210321 16:56:43.080" endtime="20210321 16:56:46.904"></status>
</kw>
<kw name="Switch old tab" library="amazonorder">
<kw name="Select Window" library="SeleniumLibrary">
<doc>Selects browser window matching ``locator``.</doc>
<arguments>
<arg>title=Amazon.in : samsung A51</arg>
</arguments>
<status status="PASS" starttime="20210321 16:56:46.908" endtime="20210321 16:56:47.496"></status>
</kw>
<status status="PASS" starttime="20210321 16:56:46.905" endtime="20210321 16:56:47.497"></status>
</kw>
<kw name="Mouse Over" library="SeleniumLibrary">
<doc>Simulates hovering mouse over the element ``locator``.</doc>
<arguments>
<arg>id:nav-link-accountList-nav-line-1</arg>
</arguments>
<msg timestamp="20210321 16:56:47.499" level="INFO">Simulating Mouse Over on element 'id:nav-link-accountList-nav-line-1'.</msg>
<status status="PASS" starttime="20210321 16:56:47.498" endtime="20210321 16:56:47.930"></status>
</kw>
<kw name="Click Element" library="SeleniumLibrary">
<doc>Click element identified by ``locator``.</doc>
<arguments>
<arg>xpath://span[text()='Sign Out']</arg>
</arguments>
<msg timestamp="20210321 16:56:47.932" level="INFO">Clicking element 'xpath://span[text()='Sign Out']'.</msg>
<status status="PASS" starttime="20210321 16:56:47.931" endtime="20210321 16:56:50.648"></status>
</kw>
<kw name="Capture Page Screenshot" library="SeleniumLibrary">
<doc>Takes screenshot of the current page and embeds it into log file.</doc>
<msg timestamp="20210321 16:56:51.386" level="INFO" html="yes">&lt;/td&gt;&lt;/tr&gt;&lt;tr&gt;&lt;td colspan="3"&gt;&lt;a href="selenium-screenshot-1.png"&gt;&lt;img src="selenium-screenshot-1.png" width="800px"&gt;&lt;/a&gt;</msg>
<status status="PASS" starttime="20210321 16:56:50.649" endtime="20210321 16:56:51.387"></status>
</kw>
<kw name="Close Browser" library="SeleniumLibrary">
<doc>Closes the current browser.</doc>
<status status="PASS" starttime="20210321 16:56:51.387" endtime="20210321 16:56:57.004"></status>
</kw>
<status status="PASS" starttime="20210321 16:55:57.462" endtime="20210321 16:56:57.005"></status>
</kw>
<status status="PASS" starttime="20210321 16:55:57.459" endtime="20210321 16:56:57.005"></status>
</kw>
<status status="PASS" starttime="20210321 16:55:14.719" endtime="20210321 16:56:57.006"></status>
</kw>
<status status="PASS" starttime="20210321 16:55:14.715" endtime="20210321 16:56:57.007" critical="yes"></status>
</test>
<status status="PASS" starttime="20210321 16:54:11.733" endtime="20210321 16:56:57.011"></status>
</suite>
<status status="PASS" starttime="20210321 16:54:11.628" endtime="20210321 16:56:57.026"></status>
</suite>
<statistics>
<total>
<stat pass="2" fail="0">Critical Tests</stat>
<stat pass="2" fail="0">All Tests</stat>
</total>
<tag>
</tag>
<suite>
<stat pass="2" fail="0" id="s1" name="Suites">Suites</stat>
<stat pass="2" fail="0" id="s1-s1" name="Amrun">Suites.Amrun</stat>
</suite>
</statistics>
<errors>
<msg timestamp="20210321 16:55:14.715" level="WARN">Multiple test cases with name 'WithDataDriven1' executed in test suite 'Suites.Amrun'.</msg>
</errors>
</robot>
